#
# There is insufficient memory for the Java Runtime Environment to continue.
# Native memory allocation (malloc) failed to allocate 1728176 bytes for Chunk::new
# Possible reasons:
#   The system is out of physical RAM or swap space
#   The process is running with CompressedOops enabled, and the Java Heap may be blocking the growth of the native heap
# Possible solutions:
#   Reduce memory load on the system
#   Increase physical memory or swap space
#   Check if swap backing store is full
#   Decrease Java heap size (-Xmx/-Xms)
#   Decrease number of Java threads
#   Decrease Java thread stack sizes (-Xss)
#   Set larger code cache with -XX:ReservedCodeCacheSize=
#   JVM is running with Unscaled Compressed Oops mode in which the Java heap is
#     placed in the first 4GB address space. The Java Heap base address is the
#     maximum limit for the native heap growth. Please use -XX:HeapBaseMinAddress
#     to set the Java Heap base and to place the Java Heap above 4GB virtual address.
# This output file may be truncated or incomplete.
#
#  Out of Memory Error (./src/hotspot/share/memory/arena.cpp:197), pid=7332, tid=7880
#
# JRE version: OpenJDK Runtime Environment (11.0.12+7) (build 11.0.12+7-b1504.28-7817840)
# Java VM: OpenJDK 64-Bit Server VM (11.0.12+7-b1504.28-7817840, mixed mode, tiered, compressed oops, g1 gc, windows-amd64)
# No core dump will be written. Minidumps are not enabled by default on client versions of Windows
#

---------------  S U M M A R Y ------------

Command Line: --add-opens=java.base/java.util=ALL-UNNAMED --add-opens=java.base/java.lang=ALL-UNNAMED --add-opens=java.base/java.lang.invoke=ALL-UNNAMED --add-opens=java.base/java.util=ALL-UNNAMED --add-opens=java.prefs/java.util.prefs=ALL-UNNAMED --add-opens=java.prefs/java.util.prefs=ALL-UNNAMED --add-opens=java.base/java.nio.charset=ALL-UNNAMED --add-opens=java.base/java.net=ALL-UNNAMED --add-opens=java.base/java.util.concurrent.atomic=ALL-UNNAMED -Xmx2048m -Dfile.encoding=UTF-8 -Duser.country=IN -Duser.language=en -Duser.variant org.gradle.launcher.daemon.bootstrap.GradleDaemon 7.3.3

Host: AMD PRO A4-4350B R4, 5 COMPUTE CORES 2C+3G     , 2 cores, 3G,  Windows 10 , 64 bit Build 18362 (10.0.18362.329)
Time: Fri Jan 27 16:03:47 2023 India Standard Time elapsed time: 93.660057 seconds (0d 0h 1m 33s)

---------------  T H R E A D  ---------------

Current thread (0x000001b5d19df800):  JavaThread "C2 CompilerThread0" daemon [_thread_in_native, id=7880, stack(0x0000004d55800000,0x0000004d55900000)]


Current CompileTask:
C2:  93660 7146       4       org.gradle.internal.reflect.ClassInspector::inspectClass (179 bytes)

Stack: [0x0000004d55800000,0x0000004d55900000]
Native frames: (J=compiled Java code, j=interpreted, Vv=VM code, C=native code)
V  [jvm.dll+0x5fbcea]
V  [jvm.dll+0x731905]
V  [jvm.dll+0x732f1d]
V  [jvm.dll+0x7335d3]
V  [jvm.dll+0x247bf8]
V  [jvm.dll+0xc018c]
V  [jvm.dll+0xc06cc]
V  [jvm.dll+0x35b31d]
V  [jvm.dll+0x328803]
V  [jvm.dll+0x327cfa]
V  [jvm.dll+0x200602]
V  [jvm.dll+0x1ff794]
V  [jvm.dll+0x18868c]
V  [jvm.dll+0x20e0d7]
V  [jvm.dll+0x20c901]
V  [jvm.dll+0x6f9b7f]
V  [jvm.dll+0x6f26a5]
V  [jvm.dll+0x5fabf6]
C  [ucrtbase.dll+0x20e72]
C  [KERNEL32.DLL+0x17bd4]
C  [ntdll.dll+0x6ced1]


---------------  P R O C E S S  ---------------

Threads class SMR info:
_java_thread_list=0x000001b5d7e6b340, length=55, elements={
0x000001b5b7aeb800, 0x000001b5d197e800, 0x000001b5d1980000, 0x000001b5d19d9800,
0x000001b5d19db800, 0x000001b5d19dc800, 0x000001b5d19df800, 0x000001b5d19e6000,
0x000001b5d1a0c800, 0x000001b5d1c3f000, 0x000001b5d355d000, 0x000001b5d3244800,
0x000001b5d28f3000, 0x000001b5d3640800, 0x000001b5d28b6800, 0x000001b5d285d800,
0x000001b5d33fb000, 0x000001b5d206e800, 0x000001b5d26e9800, 0x000001b5d26ee800,
0x000001b5d26e9000, 0x000001b5d26ec000, 0x000001b5d26eb800, 0x000001b5d26ea800,
0x000001b5d26ed800, 0x000001b5d26ef800, 0x000001b5d26ed000, 0x000001b5d44d7800,
0x000001b5d44d6000, 0x000001b5d44d6800, 0x000001b5d44d5000, 0x000001b5d44dc800,
0x000001b5d44db800, 0x000001b5d44da000, 0x000001b5d44db000, 0x000001b5d44de000,
0x000001b5d44d8800, 0x000001b5d44e0800, 0x000001b5d44df000, 0x000001b5d44df800,
0x000001b5d44e3000, 0x000001b5d44e3800, 0x000001b5d44e1800, 0x000001b5d44e2000,
0x000001b5d27b2000, 0x000001b5d27b1800, 0x000001b5d27b3000, 0x000001b5d27b4000,
0x000001b5d27ae000, 0x000001b5d27af000, 0x000001b5d27b0800, 0x000001b5d27b4800,
0x000001b5d27b5800, 0x000001b5d27af800, 0x000001b5d27b7000
}

Java Threads: ( => current thread )
  0x000001b5b7aeb800 JavaThread "main" [_thread_blocked, id=6764, stack(0x0000004d54b00000,0x0000004d54c00000)]
  0x000001b5d197e800 JavaThread "Reference Handler" daemon [_thread_blocked, id=4264, stack(0x0000004d55300000,0x0000004d55400000)]
  0x000001b5d1980000 JavaThread "Finalizer" daemon [_thread_blocked, id=5312, stack(0x0000004d55400000,0x0000004d55500000)]
  0x000001b5d19d9800 JavaThread "Signal Dispatcher" daemon [_thread_blocked, id=1132, stack(0x0000004d55500000,0x0000004d55600000)]
  0x000001b5d19db800 JavaThread "Attach Listener" daemon [_thread_blocked, id=1988, stack(0x0000004d55600000,0x0000004d55700000)]
  0x000001b5d19dc800 JavaThread "Service Thread" daemon [_thread_blocked, id=5028, stack(0x0000004d55700000,0x0000004d55800000)]
=>0x000001b5d19df800 JavaThread "C2 CompilerThread0" daemon [_thread_in_native, id=7880, stack(0x0000004d55800000,0x0000004d55900000)]
  0x000001b5d19e6000 JavaThread "C1 CompilerThread0" daemon [_thread_blocked, id=6716, stack(0x0000004d55900000,0x0000004d55a00000)]
  0x000001b5d1a0c800 JavaThread "Sweeper thread" daemon [_thread_blocked, id=6460, stack(0x0000004d55a00000,0x0000004d55b00000)]
  0x000001b5d1c3f000 JavaThread "Common-Cleaner" daemon [_thread_blocked, id=4136, stack(0x0000004d55b00000,0x0000004d55c00000)]
  0x000001b5d355d000 JavaThread "Daemon health stats" [_thread_blocked, id=4364, stack(0x0000004d55e00000,0x0000004d55f00000)]
  0x000001b5d3244800 JavaThread "Incoming local TCP Connector on port 64679" [_thread_in_native, id=5364, stack(0x0000004d55f00000,0x0000004d56000000)]
  0x000001b5d28f3000 JavaThread "Daemon periodic checks" [_thread_blocked, id=4108, stack(0x0000004d56000000,0x0000004d56100000)]
  0x000001b5d3640800 JavaThread "Daemon" [_thread_blocked, id=2268, stack(0x0000004d56100000,0x0000004d56200000)]
  0x000001b5d28b6800 JavaThread "Handler for socket connection from /127.0.0.1:64679 to /127.0.0.1:64680" [_thread_in_native, id=2588, stack(0x0000004d56200000,0x0000004d56300000)]
  0x000001b5d285d800 JavaThread "Cancel handler" [_thread_blocked, id=3304, stack(0x0000004d56300000,0x0000004d56400000)]
  0x000001b5d33fb000 JavaThread "Daemon worker" [_thread_in_Java, id=4216, stack(0x0000004d56400000,0x0000004d56500000)]
  0x000001b5d206e800 JavaThread "Asynchronous log dispatcher for DefaultDaemonConnection: socket connection from /127.0.0.1:64679 to /127.0.0.1:64680" [_thread_blocked, id=5756, stack(0x0000004d56500000,0x0000004d56600000)]
  0x000001b5d26e9800 JavaThread "Daemon client event forwarder" [_thread_blocked, id=5144, stack(0x0000004d56700000,0x0000004d56800000)]
  0x000001b5d26ee800 JavaThread "Cache worker for journal cache (C:\Users\VIGNESH G\.gradle\caches\journal-1)" [_thread_blocked, id=6636, stack(0x0000004d56800000,0x0000004d56900000)]
  0x000001b5d26e9000 JavaThread "File lock request listener" [_thread_in_native, id=5808, stack(0x0000004d56900000,0x0000004d56a00000)]
  0x000001b5d26ec000 JavaThread "Cache worker for file hash cache (C:\Users\VIGNESH G\.gradle\caches\7.3.3\fileHashes)" [_thread_blocked, id=3384, stack(0x0000004d56a00000,0x0000004d56b00000)]
  0x000001b5d26eb800 JavaThread "Cache worker for file hash cache (E:\TECCampusPortal\.gradle\7.3.3\fileHashes)" [_thread_blocked, id=7436, stack(0x0000004d56b00000,0x0000004d56c00000)]
  0x000001b5d26ea800 JavaThread "File watcher server" daemon [_thread_in_native, id=5368, stack(0x0000004d56c00000,0x0000004d56d00000)]
  0x000001b5d26ed800 JavaThread "File watcher consumer" daemon [_thread_blocked, id=4804, stack(0x0000004d56d00000,0x0000004d56e00000)]
  0x000001b5d26ef800 JavaThread "Cache worker for checksums cache (E:\TECCampusPortal\.gradle\7.3.3\checksums)" [_thread_blocked, id=2912, stack(0x0000004d56e00000,0x0000004d56f00000)]
  0x000001b5d26ed000 JavaThread "Cache worker for cache directory md-supplier (C:\Users\VIGNESH G\.gradle\caches\7.3.3\md-supplier)" [_thread_blocked, id=7992, stack(0x0000004d56f00000,0x0000004d57000000)]
  0x000001b5d44d7800 JavaThread "Cache worker for cache directory md-rule (C:\Users\VIGNESH G\.gradle\caches\7.3.3\md-rule)" [_thread_blocked, id=1016, stack(0x0000004d57000000,0x0000004d57100000)]
  0x000001b5d44d6000 JavaThread "Cache worker for execution history cache (C:\Users\VIGNESH G\.gradle\caches\7.3.3\executionHistory)" [_thread_blocked, id=816, stack(0x0000004d57100000,0x0000004d57200000)]
  0x000001b5d44d6800 JavaThread "jar transforms" [_thread_blocked, id=1964, stack(0x0000004d57200000,0x0000004d57300000)]
  0x000001b5d44d5000 JavaThread "Cache worker for file content cache (C:\Users\VIGNESH G\.gradle\caches\7.3.3\fileContent)" [_thread_blocked, id=6016, stack(0x0000004d57300000,0x0000004d57400000)]
  0x000001b5d44dc800 JavaThread "jar transforms Thread 2" [_thread_blocked, id=3932, stack(0x0000004d57400000,0x0000004d57500000)]
  0x000001b5d44db800 JavaThread "Cache worker for dependencies-accessors (E:\TECCampusPortal\.gradle\7.3.3\dependencies-accessors)" [_thread_blocked, id=5304, stack(0x0000004d57500000,0x0000004d57600000)]
  0x000001b5d44da000 JavaThread "Cache worker for Build Output Cleanup Cache (E:\TECCampusPortal\.gradle\buildOutputCleanup)" [_thread_blocked, id=5236, stack(0x0000004d57800000,0x0000004d57900000)]
  0x000001b5d44db000 JavaThread "Unconstrained build operations" [_thread_blocked, id=3112, stack(0x0000004d57900000,0x0000004d57a00000)]
  0x000001b5d44de000 JavaThread "Unconstrained build operations Thread 2" [_thread_blocked, id=1832, stack(0x0000004d57a00000,0x0000004d57b00000)]
  0x000001b5d44d8800 JavaThread "Unconstrained build operations Thread 3" [_thread_blocked, id=5392, stack(0x0000004d57b00000,0x0000004d57c00000)]
  0x000001b5d44e0800 JavaThread "Unconstrained build operations Thread 4" [_thread_blocked, id=7252, stack(0x0000004d57c00000,0x0000004d57d00000)]
  0x000001b5d44df000 JavaThread "Unconstrained build operations Thread 5" [_thread_blocked, id=8176, stack(0x0000004d57d00000,0x0000004d57e00000)]
  0x000001b5d44df800 JavaThread "Unconstrained build operations Thread 6" [_thread_blocked, id=4952, stack(0x0000004d57e00000,0x0000004d57f00000)]
  0x000001b5d44e3000 JavaThread "Unconstrained build operations Thread 7" [_thread_blocked, id=1772, stack(0x0000004d57f00000,0x0000004d58000000)]
  0x000001b5d44e3800 JavaThread "Unconstrained build operations Thread 8" [_thread_blocked, id=6480, stack(0x0000004d58000000,0x0000004d58100000)]
  0x000001b5d44e1800 JavaThread "Unconstrained build operations Thread 9" [_thread_blocked, id=6936, stack(0x0000004d58100000,0x0000004d58200000)]
  0x000001b5d44e2000 JavaThread "Unconstrained build operations Thread 10" [_thread_blocked, id=2136, stack(0x0000004d58200000,0x0000004d58300000)]
  0x000001b5d27b2000 JavaThread "Unconstrained build operations Thread 11" [_thread_blocked, id=3320, stack(0x0000004d58300000,0x0000004d58400000)]
  0x000001b5d27b1800 JavaThread "Unconstrained build operations Thread 12" [_thread_blocked, id=7616, stack(0x0000004d58400000,0x0000004d58500000)]
  0x000001b5d27b3000 JavaThread "Unconstrained build operations Thread 13" [_thread_blocked, id=4068, stack(0x0000004d58500000,0x0000004d58600000)]
  0x000001b5d27b4000 JavaThread "Unconstrained build operations Thread 14" [_thread_blocked, id=7360, stack(0x0000004d58600000,0x0000004d58700000)]
  0x000001b5d27ae000 JavaThread "Unconstrained build operations Thread 15" [_thread_blocked, id=7760, stack(0x0000004d58700000,0x0000004d58800000)]
  0x000001b5d27af000 JavaThread "Unconstrained build operations Thread 16" [_thread_blocked, id=3576, stack(0x0000004d58800000,0x0000004d58900000)]
  0x000001b5d27b0800 JavaThread "Unconstrained build operations Thread 17" [_thread_blocked, id=2828, stack(0x0000004d58900000,0x0000004d58a00000)]
  0x000001b5d27b4800 JavaThread "Unconstrained build operations Thread 18" [_thread_blocked, id=7796, stack(0x0000004d58a00000,0x0000004d58b00000)]
  0x000001b5d27b5800 JavaThread "Unconstrained build operations Thread 19" [_thread_blocked, id=3492, stack(0x0000004d58b00000,0x0000004d58c00000)]
  0x000001b5d27af800 JavaThread "Unconstrained build operations Thread 20" [_thread_blocked, id=2240, stack(0x0000004d58c00000,0x0000004d58d00000)]
  0x000001b5d27b7000 JavaThread "Memory manager" [_thread_blocked, id=4260, stack(0x0000004d54a00000,0x0000004d54b00000)]

Other Threads:
  0x000001b5d1976800 VMThread "VM Thread" [stack: 0x0000004d55200000,0x0000004d55300000] [id=5980]
  0x000001b5d1c6f800 WatcherThread [stack: 0x0000004d55c00000,0x0000004d55d00000] [id=8140]
  0x000001b5b7b03800 GCTaskThread "GC Thread#0" [stack: 0x0000004d54d00000,0x0000004d54e00000] [id=1184]
  0x000001b5d1d21800 GCTaskThread "GC Thread#1" [stack: 0x0000004d55d00000,0x0000004d55e00000] [id=5844]
  0x000001b5b7b34800 ConcurrentGCThread "G1 Main Marker" [stack: 0x0000004d54e00000,0x0000004d54f00000] [id=1604]
  0x000001b5b7b37000 ConcurrentGCThread "G1 Conc#0" [stack: 0x0000004d54f00000,0x0000004d55000000] [id=1616]
  0x000001b5b7b75800 ConcurrentGCThread "G1 Refine#0" [stack: 0x0000004d55000000,0x0000004d55100000] [id=7600]
  0x000001b5b7b76800 ConcurrentGCThread "G1 Young RemSet Sampling" [stack: 0x0000004d55100000,0x0000004d55200000] [id=7584]

Threads with active compile tasks:
C2 CompilerThread0  94042 7146       4       org.gradle.internal.reflect.ClassInspector::inspectClass (179 bytes)

VM state:not at safepoint (normal execution)

VM Mutex/Monitor currently owned by a thread: None

Heap address: 0x0000000080000000, size: 2048 MB, Compressed Oops mode: 32-bit
Narrow klass base: 0x0000000000000000, Narrow klass shift: 3
Compressed class space size: 1073741824 Address: 0x0000000100000000

Heap:
 garbage-first heap   total 101376K, used 73418K [0x0000000080000000, 0x0000000100000000)
  region size 1024K, 19 young (19456K), 3 survivors (3072K)
 Metaspace       used 73583K, capacity 75353K, committed 75596K, reserved 1114112K
  class space    used 9595K, capacity 10252K, committed 10316K, reserved 1048576K
Heap Regions: E=young(eden), S=young(survivor), O=old, HS=humongous(starts), HC=humongous(continues), CS=collection set, F=free, A=archive, TAMS=top-at-mark-start (previous, next)
|   0|0x0000000080000000, 0x0000000080100000, 0x0000000080100000|100%| O|  |TAMS 0x0000000080100000, 0x0000000080000000| Untracked 
|   1|0x0000000080100000, 0x0000000080200000, 0x0000000080200000|100%| O|  |TAMS 0x0000000080200000, 0x0000000080100000| Untracked 
|   2|0x0000000080200000, 0x0000000080300000, 0x0000000080300000|100%| O|  |TAMS 0x0000000080300000, 0x0000000080200000| Untracked 
|   3|0x0000000080300000, 0x0000000080400000, 0x0000000080400000|100%| O|  |TAMS 0x0000000080400000, 0x0000000080300000| Untracked 
|   4|0x0000000080400000, 0x0000000080500000, 0x0000000080500000|100%|HS|  |TAMS 0x0000000080500000, 0x0000000080400000| Complete 
|   5|0x0000000080500000, 0x0000000080600000, 0x0000000080600000|100%|HC|  |TAMS 0x0000000080600000, 0x0000000080500000| Complete 
|   6|0x0000000080600000, 0x0000000080700000, 0x0000000080700000|100%|HC|  |TAMS 0x0000000080700000, 0x0000000080600000| Complete 
|   7|0x0000000080700000, 0x0000000080800000, 0x0000000080800000|100%| O|  |TAMS 0x0000000080800000, 0x0000000080700000| Untracked 
|   8|0x0000000080800000, 0x0000000080900000, 0x0000000080900000|100%| O|  |TAMS 0x0000000080900000, 0x0000000080800000| Untracked 
|   9|0x0000000080900000, 0x0000000080a00000, 0x0000000080a00000|100%| O|  |TAMS 0x0000000080a00000, 0x0000000080900000| Untracked 
|  10|0x0000000080a00000, 0x0000000080b00000, 0x0000000080b00000|100%| O|  |TAMS 0x0000000080b00000, 0x0000000080a00000| Untracked 
|  11|0x0000000080b00000, 0x0000000080c00000, 0x0000000080c00000|100%| O|  |TAMS 0x0000000080c00000, 0x0000000080b00000| Untracked 
|  12|0x0000000080c00000, 0x0000000080d00000, 0x0000000080d00000|100%| O|  |TAMS 0x0000000080d00000, 0x0000000080c00000| Untracked 
|  13|0x0000000080d00000, 0x0000000080e00000, 0x0000000080e00000|100%| O|  |TAMS 0x0000000080e00000, 0x0000000080d00000| Untracked 
|  14|0x0000000080e00000, 0x0000000080f00000, 0x0000000080f00000|100%| O|  |TAMS 0x0000000080f00000, 0x0000000080e00000| Untracked 
|  15|0x0000000080f00000, 0x0000000081000000, 0x0000000081000000|100%| O|  |TAMS 0x0000000081000000, 0x0000000080f00000| Untracked 
|  16|0x0000000081000000, 0x0000000081100000, 0x0000000081100000|100%| O|  |TAMS 0x0000000081100000, 0x0000000081000000| Untracked 
|  17|0x0000000081100000, 0x0000000081200000, 0x0000000081200000|100%| O|  |TAMS 0x0000000081200000, 0x0000000081100000| Untracked 
|  18|0x0000000081200000, 0x0000000081300000, 0x0000000081300000|100%| O|  |TAMS 0x0000000081300000, 0x0000000081200000| Untracked 
|  19|0x0000000081300000, 0x0000000081400000, 0x0000000081400000|100%| O|  |TAMS 0x0000000081400000, 0x0000000081300000| Untracked 
|  20|0x0000000081400000, 0x0000000081500000, 0x0000000081500000|100%| O|  |TAMS 0x0000000081500000, 0x0000000081400000| Untracked 
|  21|0x0000000081500000, 0x0000000081600000, 0x0000000081600000|100%| O|  |TAMS 0x0000000081600000, 0x0000000081500000| Untracked 
|  22|0x0000000081600000, 0x0000000081700000, 0x0000000081700000|100%| O|  |TAMS 0x0000000081700000, 0x0000000081600000| Untracked 
|  23|0x0000000081700000, 0x0000000081800000, 0x0000000081800000|100%| O|  |TAMS 0x0000000081800000, 0x0000000081700000| Untracked 
|  24|0x0000000081800000, 0x0000000081900000, 0x0000000081900000|100%| O|  |TAMS 0x0000000081900000, 0x0000000081800000| Untracked 
|  25|0x0000000081900000, 0x0000000081a00000, 0x0000000081a00000|100%| O|  |TAMS 0x0000000081a00000, 0x0000000081900000| Untracked 
|  26|0x0000000081a00000, 0x0000000081b00000, 0x0000000081b00000|100%| O|  |TAMS 0x0000000081b00000, 0x0000000081a00000| Untracked 
|  27|0x0000000081b00000, 0x0000000081c00000, 0x0000000081c00000|100%| O|  |TAMS 0x0000000081c00000, 0x0000000081b00000| Untracked 
|  28|0x0000000081c00000, 0x0000000081d00000, 0x0000000081d00000|100%| O|  |TAMS 0x0000000081d00000, 0x0000000081c00000| Untracked 
|  29|0x0000000081d00000, 0x0000000081e00000, 0x0000000081e00000|100%| O|  |TAMS 0x0000000081e00000, 0x0000000081d00000| Untracked 
|  30|0x0000000081e00000, 0x0000000081f00000, 0x0000000081f00000|100%| O|  |TAMS 0x0000000081f00000, 0x0000000081e00000| Untracked 
|  31|0x0000000081f00000, 0x0000000082000000, 0x0000000082000000|100%|HS|  |TAMS 0x0000000082000000, 0x0000000081f00000| Complete 
|  32|0x0000000082000000, 0x0000000082100000, 0x0000000082100000|100%|HS|  |TAMS 0x0000000082100000, 0x0000000082000000| Complete 
|  33|0x0000000082100000, 0x0000000082200000, 0x0000000082200000|100%| O|  |TAMS 0x0000000082200000, 0x0000000082100000| Untracked 
|  34|0x0000000082200000, 0x0000000082300000, 0x0000000082300000|100%| O|  |TAMS 0x0000000082300000, 0x0000000082200000| Untracked 
|  35|0x0000000082300000, 0x0000000082400000, 0x0000000082400000|100%| O|  |TAMS 0x0000000082400000, 0x0000000082300000| Untracked 
|  36|0x0000000082400000, 0x0000000082500000, 0x0000000082500000|100%| O|  |TAMS 0x0000000082500000, 0x0000000082400000| Untracked 
|  37|0x0000000082500000, 0x0000000082600000, 0x0000000082600000|100%|HS|  |TAMS 0x0000000082600000, 0x0000000082500000| Complete 
|  38|0x0000000082600000, 0x0000000082700000, 0x0000000082700000|100%|HC|  |TAMS 0x0000000082700000, 0x0000000082600000| Complete 
|  39|0x0000000082700000, 0x0000000082800000, 0x0000000082800000|100%| O|  |TAMS 0x0000000082800000, 0x0000000082700000| Untracked 
|  40|0x0000000082800000, 0x0000000082900000, 0x0000000082900000|100%| O|  |TAMS 0x0000000082900000, 0x0000000082800000| Untracked 
|  41|0x0000000082900000, 0x0000000082a00000, 0x0000000082a00000|100%| O|  |TAMS 0x0000000082a00000, 0x0000000082900000| Untracked 
|  42|0x0000000082a00000, 0x0000000082b00000, 0x0000000082b00000|100%| O|  |TAMS 0x0000000082b00000, 0x0000000082a00000| Untracked 
|  43|0x0000000082b00000, 0x0000000082c00000, 0x0000000082c00000|100%| O|  |TAMS 0x0000000082c00000, 0x0000000082b00000| Untracked 
|  44|0x0000000082c00000, 0x0000000082d00000, 0x0000000082d00000|100%| O|  |TAMS 0x0000000082d00000, 0x0000000082c00000| Untracked 
|  45|0x0000000082d00000, 0x0000000082e00000, 0x0000000082e00000|100%| O|  |TAMS 0x0000000082e00000, 0x0000000082d00000| Untracked 
|  46|0x0000000082e00000, 0x0000000082f00000, 0x0000000082f00000|100%| O|  |TAMS 0x0000000082f00000, 0x0000000082e00000| Untracked 
|  47|0x0000000082f00000, 0x0000000083000000, 0x0000000083000000|100%| O|  |TAMS 0x0000000083000000, 0x0000000082f00000| Untracked 
|  48|0x0000000083000000, 0x0000000083100000, 0x0000000083100000|100%| O|  |TAMS 0x0000000083100000, 0x0000000083000000| Untracked 
|  49|0x0000000083100000, 0x0000000083200000, 0x0000000083200000|100%| O|  |TAMS 0x0000000083200000, 0x0000000083100000| Untracked 
|  50|0x0000000083200000, 0x0000000083300000, 0x0000000083300000|100%| O|  |TAMS 0x0000000083300000, 0x0000000083200000| Untracked 
|  51|0x0000000083300000, 0x0000000083400000, 0x0000000083400000|100%| O|  |TAMS 0x0000000083400000, 0x0000000083300000| Untracked 
|  52|0x0000000083400000, 0x0000000083500000, 0x0000000083500000|100%| O|  |TAMS 0x00000000834c6000, 0x0000000083400000| Untracked 
|  53|0x0000000083500000, 0x00000000835dca00, 0x0000000083600000| 86%| O|  |TAMS 0x0000000083500000, 0x0000000083500000| Untracked 
|  54|0x0000000083600000, 0x0000000083600000, 0x0000000083700000|  0%| F|  |TAMS 0x0000000083600000, 0x0000000083600000| Untracked 
|  55|0x0000000083700000, 0x0000000083700000, 0x0000000083800000|  0%| F|  |TAMS 0x0000000083700000, 0x0000000083700000| Untracked 
|  56|0x0000000083800000, 0x0000000083800000, 0x0000000083900000|  0%| F|  |TAMS 0x0000000083800000, 0x0000000083800000| Untracked 
|  57|0x0000000083900000, 0x0000000083900000, 0x0000000083a00000|  0%| F|  |TAMS 0x0000000083900000, 0x0000000083900000| Untracked 
|  58|0x0000000083a00000, 0x0000000083a00000, 0x0000000083b00000|  0%| F|  |TAMS 0x0000000083a00000, 0x0000000083a00000| Untracked 
|  59|0x0000000083b00000, 0x0000000083b00000, 0x0000000083c00000|  0%| F|  |TAMS 0x0000000083b00000, 0x0000000083b00000| Untracked 
|  60|0x0000000083c00000, 0x0000000083c00000, 0x0000000083d00000|  0%| F|  |TAMS 0x0000000083c00000, 0x0000000083c00000| Untracked 
|  61|0x0000000083d00000, 0x0000000083d00000, 0x0000000083e00000|  0%| F|  |TAMS 0x0000000083d00000, 0x0000000083d00000| Untracked 
|  62|0x0000000083e00000, 0x0000000083e00000, 0x0000000083f00000|  0%| F|  |TAMS 0x0000000083e00000, 0x0000000083e00000| Untracked 
|  63|0x0000000083f00000, 0x0000000083f00000, 0x0000000084000000|  0%| F|  |TAMS 0x0000000083f00000, 0x0000000083f00000| Untracked 
|  64|0x0000000084000000, 0x0000000084000000, 0x0000000084100000|  0%| F|  |TAMS 0x0000000084000000, 0x0000000084000000| Untracked 
|  65|0x0000000084100000, 0x0000000084100000, 0x0000000084200000|  0%| F|  |TAMS 0x0000000084100000, 0x0000000084100000| Untracked 
|  66|0x0000000084200000, 0x0000000084200000, 0x0000000084300000|  0%| F|  |TAMS 0x0000000084200000, 0x0000000084200000| Untracked 
|  67|0x0000000084300000, 0x0000000084300000, 0x0000000084400000|  0%| F|  |TAMS 0x0000000084300000, 0x0000000084300000| Untracked 
|  68|0x0000000084400000, 0x0000000084400000, 0x0000000084500000|  0%| F|  |TAMS 0x0000000084400000, 0x0000000084400000| Untracked 
|  69|0x0000000084500000, 0x0000000084500000, 0x0000000084600000|  0%| F|  |TAMS 0x0000000084500000, 0x0000000084500000| Untracked 
|  70|0x0000000084600000, 0x0000000084600000, 0x0000000084700000|  0%| F|  |TAMS 0x0000000084600000, 0x0000000084600000| Untracked 
|  71|0x0000000084700000, 0x0000000084700000, 0x0000000084800000|  0%| F|  |TAMS 0x0000000084700000, 0x0000000084700000| Untracked 
|  72|0x0000000084800000, 0x00000000848d5fe0, 0x0000000084900000| 83%| S|CS|TAMS 0x0000000084800000, 0x0000000084800000| Complete 
|  73|0x0000000084900000, 0x0000000084900000, 0x0000000084a00000|  0%| F|  |TAMS 0x0000000084900000, 0x0000000084900000| Untracked 
|  74|0x0000000084a00000, 0x0000000084a00000, 0x0000000084b00000|  0%| F|  |TAMS 0x0000000084a00000, 0x0000000084a00000| Untracked 
|  75|0x0000000084b00000, 0x0000000084c00000, 0x0000000084c00000|100%| S|CS|TAMS 0x0000000084b00000, 0x0000000084b00000| Complete 
|  76|0x0000000084c00000, 0x0000000084d00000, 0x0000000084d00000|100%| S|CS|TAMS 0x0000000084c00000, 0x0000000084c00000| Complete 
|  77|0x0000000084d00000, 0x0000000084d00000, 0x0000000084e00000|  0%| F|  |TAMS 0x0000000084d00000, 0x0000000084d00000| Untracked 
|  78|0x0000000084e00000, 0x0000000084e00000, 0x0000000084f00000|  0%| F|  |TAMS 0x0000000084e00000, 0x0000000084e00000| Untracked 
|  79|0x0000000084f00000, 0x0000000084f00000, 0x0000000085000000|  0%| F|  |TAMS 0x0000000084f00000, 0x0000000084f00000| Untracked 
|  80|0x0000000085000000, 0x0000000085000000, 0x0000000085100000|  0%| F|  |TAMS 0x0000000085000000, 0x0000000085000000| Untracked 
|  81|0x0000000085100000, 0x0000000085100000, 0x0000000085200000|  0%| F|  |TAMS 0x0000000085100000, 0x0000000085100000| Untracked 
|  82|0x0000000085200000, 0x0000000085200000, 0x0000000085300000|  0%| F|  |TAMS 0x0000000085200000, 0x0000000085200000| Untracked 
|  83|0x0000000085300000, 0x00000000853d6fa8, 0x0000000085400000| 83%| E|  |TAMS 0x0000000085300000, 0x0000000085300000| Complete 
|  84|0x0000000085400000, 0x0000000085500000, 0x0000000085500000|100%| E|CS|TAMS 0x0000000085400000, 0x0000000085400000| Complete 
|  85|0x0000000085500000, 0x0000000085600000, 0x0000000085600000|100%| E|CS|TAMS 0x0000000085500000, 0x0000000085500000| Complete 
|  86|0x0000000085600000, 0x0000000085700000, 0x0000000085700000|100%| E|CS|TAMS 0x0000000085600000, 0x0000000085600000| Complete 
|  87|0x0000000085700000, 0x0000000085800000, 0x0000000085800000|100%| E|CS|TAMS 0x0000000085700000, 0x0000000085700000| Complete 
|  88|0x0000000085800000, 0x0000000085900000, 0x0000000085900000|100%| E|CS|TAMS 0x0000000085800000, 0x0000000085800000| Complete 
|  89|0x0000000085900000, 0x0000000085a00000, 0x0000000085a00000|100%| E|CS|TAMS 0x0000000085900000, 0x0000000085900000| Complete 
|  90|0x0000000085a00000, 0x0000000085b00000, 0x0000000085b00000|100%| E|CS|TAMS 0x0000000085a00000, 0x0000000085a00000| Complete 
|  91|0x0000000085b00000, 0x0000000085c00000, 0x0000000085c00000|100%| E|CS|TAMS 0x0000000085b00000, 0x0000000085b00000| Complete 
|  92|0x0000000085c00000, 0x0000000085d00000, 0x0000000085d00000|100%| E|CS|TAMS 0x0000000085c00000, 0x0000000085c00000| Complete 
|  93|0x0000000085d00000, 0x0000000085e00000, 0x0000000085e00000|100%| E|CS|TAMS 0x0000000085d00000, 0x0000000085d00000| Complete 
|  94|0x0000000085e00000, 0x0000000085f00000, 0x0000000085f00000|100%| E|CS|TAMS 0x0000000085e00000, 0x0000000085e00000| Complete 
|  95|0x0000000085f00000, 0x0000000086000000, 0x0000000086000000|100%| E|CS|TAMS 0x0000000085f00000, 0x0000000085f00000| Complete 
|  96|0x0000000086000000, 0x0000000086100000, 0x0000000086100000|100%| E|CS|TAMS 0x0000000086000000, 0x0000000086000000| Complete 
|  97|0x0000000086100000, 0x0000000086200000, 0x0000000086200000|100%| E|CS|TAMS 0x0000000086100000, 0x0000000086100000| Complete 
|  98|0x0000000086200000, 0x0000000086300000, 0x0000000086300000|100%| E|CS|TAMS 0x0000000086200000, 0x0000000086200000| Complete 

Card table byte_map: [0x000001b5ca5f0000,0x000001b5ca9f0000] _byte_map_base: 0x000001b5ca1f0000

Marking Bits (Prev, Next): (CMBitMap*) 0x000001b5b7b2bd08, (CMBitMap*) 0x000001b5b7b2bd40
 Prev Bits: [0x000001b5cadf0000, 0x000001b5ccdf0000)
 Next Bits: [0x000001b5ccdf0000, 0x000001b5cedf0000)

Polling page: 0x000001b5b5950000

Metaspace:

Usage:
  Non-class:     63.58 MB capacity,    62.52 MB ( 98%) used,   896.76 KB (  1%) free+waste,   187.19 KB ( <1%) overhead. 
      Class:     10.01 MB capacity,     9.37 MB ( 94%) used,   566.86 KB (  6%) free+waste,    86.75 KB ( <1%) overhead. 
       Both:     73.59 MB capacity,    71.89 MB ( 98%) used,     1.43 MB (  2%) free+waste,   273.94 KB ( <1%) overhead. 

Virtual space:
  Non-class space:       64.00 MB reserved,      63.75 MB (>99%) committed 
      Class space:        1.00 GB reserved,      10.07 MB ( <1%) committed 
             Both:        1.06 GB reserved,      73.82 MB (  7%) committed 

Chunk freelists:
   Non-Class:  51.00 KB
       Class:  20.00 KB
        Both:  71.00 KB

MaxMetaspaceSize: 17179869184.00 GB
CompressedClassSpaceSize: 1.00 GB
Initial GC threshold: 20.80 MB
Current GC threshold: 118.25 MB
CDS: off

CodeHeap 'non-profiled nmethods': size=120064Kb used=4231Kb max_used=4231Kb free=115832Kb
 bounds [0x000001b5c30b0000, 0x000001b5c34e0000, 0x000001b5ca5f0000]
CodeHeap 'profiled nmethods': size=120000Kb used=15990Kb max_used=15990Kb free=104010Kb
 bounds [0x000001b5bbb80000, 0x000001b5bcb20000, 0x000001b5c30b0000]
CodeHeap 'non-nmethods': size=5696Kb used=2353Kb max_used=2409Kb free=3342Kb
 bounds [0x000001b5bb5f0000, 0x000001b5bb860000, 0x000001b5bbb80000]
 total_blobs=8105 nmethods=7243 adapters=775
 compilation: enabled
              stopped_count=0, restarted_count=0
 full_count=0

Compilation events (20 events):
Event: 93.511 Thread 0x000001b5d19e6000 7240       3       org.gradle.internal.instantiation.generator.AbstractClassGenerator$GeneratedClassImpl$GeneratedConstructorImpl::<init> (27 bytes)
Event: 93.512 Thread 0x000001b5d19e6000 nmethod 7240 0x000001b5bcafdd90 code [0x000001b5bcafdf60, 0x000001b5bcafe2a8]
Event: 93.512 Thread 0x000001b5d19e6000 7241       3       org.gradle.internal.instantiation.generator.AsmBackedClassGenerator::createUsingConstructor (13 bytes)
Event: 93.513 Thread 0x000001b5d19e6000 nmethod 7241 0x000001b5bcafe410 code [0x000001b5bcafe5e0, 0x000001b5bcafe938]
Event: 93.585 Thread 0x000001b5d19e6000 7242       3       java.util.HashMap::putVal (300 bytes)
Event: 93.588 Thread 0x000001b5d19e6000 nmethod 7242 0x000001b5bcafea90 code [0x000001b5bcafed60, 0x000001b5bcaffe98]
Event: 93.589 Thread 0x000001b5d19e6000 7243       2       java.util.LinkedHashMap::linkNodeLast (33 bytes)
Event: 93.590 Thread 0x000001b5d19e6000 nmethod 7243 0x000001b5bcb00390 code [0x000001b5bcb00560, 0x000001b5bcb007f8]
Event: 93.590 Thread 0x000001b5d19e6000 7244       3       java.util.HashMap::put (13 bytes)
Event: 93.591 Thread 0x000001b5d19e6000 nmethod 7244 0x000001b5bcb00910 code [0x000001b5bcb00ae0, 0x000001b5bcb00dd8]
Event: 93.594 Thread 0x000001b5d19e6000 7246       3       java.util.HashMap::comparableClassFor (115 bytes)
Event: 93.597 Thread 0x000001b5d19e6000 nmethod 7246 0x000001b5bcb00f10 code [0x000001b5bcb011a0, 0x000001b5bcb01f18]
Event: 93.598 Thread 0x000001b5d19e6000 7247   !   3       com.sun.proxy.$Proxy34::annotationType (29 bytes)
Event: 93.599 Thread 0x000001b5d19e6000 nmethod 7247 0x000001b5bcb02290 code [0x000001b5bcb02480, 0x000001b5bcb02858]
Event: 93.599 Thread 0x000001b5d19e6000 7248       3       com.sun.proxy.$Proxy16::<init> (6 bytes)
Event: 93.600 Thread 0x000001b5d19e6000 nmethod 7248 0x000001b5bcb02a10 code [0x000001b5bcb02be0, 0x000001b5bcb02f68]
Event: 93.607 Thread 0x000001b5d19e6000 7249       3       org.gradle.api.internal.tasks.DefaultTaskDependency::<init> (15 bytes)
Event: 93.608 Thread 0x000001b5d19e6000 nmethod 7249 0x000001b5bcb03110 code [0x000001b5bcb032e0, 0x000001b5bcb03558]
Event: 93.608 Thread 0x000001b5d19e6000 7250       1       org.gradle.api.internal.tasks.TaskStateInternal::getExecuting (5 bytes)
Event: 93.608 Thread 0x000001b5d19e6000 nmethod 7250 0x000001b5c34d1710 code [0x000001b5c34d18c0, 0x000001b5c34d1978]

GC Heap History (20 events):
Event: 75.201 GC heap before
{Heap before GC invocations=60 (full 0):
 garbage-first heap   total 83968K, used 59937K [0x0000000080000000, 0x0000000100000000)
  region size 1024K, 17 young (17408K), 2 survivors (2048K)
 Metaspace       used 60899K, capacity 62366K, committed 62668K, reserved 1103872K
  class space    used 7734K, capacity 8286K, committed 8396K, reserved 1048576K
}
Event: 75.218 GC heap after
{Heap after GC invocations=61 (full 0):
 garbage-first heap   total 83968K, used 48057K [0x0000000080000000, 0x0000000100000000)
  region size 1024K, 3 young (3072K), 3 survivors (3072K)
 Metaspace       used 60899K, capacity 62366K, committed 62668K, reserved 1103872K
  class space    used 7734K, capacity 8286K, committed 8396K, reserved 1048576K
}
Event: 76.682 GC heap before
{Heap before GC invocations=62 (full 0):
 garbage-first heap   total 83968K, used 62393K [0x0000000080000000, 0x0000000100000000)
  region size 1024K, 18 young (18432K), 3 survivors (3072K)
 Metaspace       used 62062K, capacity 63524K, committed 63820K, reserved 1103872K
  class space    used 7873K, capacity 8415K, committed 8524K, reserved 1048576K
}
Event: 76.701 GC heap after
{Heap after GC invocations=63 (full 0):
 garbage-first heap   total 83968K, used 48947K [0x0000000080000000, 0x0000000100000000)
  region size 1024K, 2 young (2048K), 2 survivors (2048K)
 Metaspace       used 62062K, capacity 63524K, committed 63820K, reserved 1103872K
  class space    used 7873K, capacity 8415K, committed 8524K, reserved 1048576K
}
Event: 78.431 GC heap before
{Heap before GC invocations=63 (full 0):
 garbage-first heap   total 83968K, used 63283K [0x0000000080000000, 0x0000000100000000)
  region size 1024K, 16 young (16384K), 2 survivors (2048K)
 Metaspace       used 63337K, capacity 64799K, committed 64972K, reserved 1105920K
  class space    used 8027K, capacity 8581K, committed 8652K, reserved 1048576K
}
Event: 78.442 GC heap after
{Heap after GC invocations=64 (full 0):
 garbage-first heap   total 83968K, used 49649K [0x0000000080000000, 0x0000000100000000)
  region size 1024K, 2 young (2048K), 2 survivors (2048K)
 Metaspace       used 63337K, capacity 64799K, committed 64972K, reserved 1105920K
  class space    used 8027K, capacity 8581K, committed 8652K, reserved 1048576K
}
Event: 79.898 GC heap before
{Heap before GC invocations=65 (full 0):
 garbage-first heap   total 83968K, used 63985K [0x0000000080000000, 0x0000000100000000)
  region size 1024K, 17 young (17408K), 2 survivors (2048K)
 Metaspace       used 64532K, capacity 65965K, committed 66124K, reserved 1105920K
  class space    used 8197K, capacity 8754K, committed 8780K, reserved 1048576K
}
Event: 79.912 GC heap after
{Heap after GC invocations=66 (full 0):
 garbage-first heap   total 83968K, used 50449K [0x0000000080000000, 0x0000000100000000)
  region size 1024K, 2 young (2048K), 2 survivors (2048K)
 Metaspace       used 64532K, capacity 65965K, committed 66124K, reserved 1105920K
  class space    used 8197K, capacity 8754K, committed 8780K, reserved 1048576K
}
Event: 80.281 GC heap before
{Heap before GC invocations=66 (full 0):
 garbage-first heap   total 83968K, used 52497K [0x0000000080000000, 0x0000000100000000)
  region size 1024K, 5 young (5120K), 2 survivors (2048K)
 Metaspace       used 64793K, capacity 66267K, committed 66508K, reserved 1107968K
  class space    used 8218K, capacity 8789K, committed 8908K, reserved 1048576K
}
Event: 80.294 GC heap after
{Heap after GC invocations=67 (full 0):
 garbage-first heap   total 101376K, used 51285K [0x0000000080000000, 0x0000000100000000)
  region size 1024K, 2 young (2048K), 2 survivors (2048K)
 Metaspace       used 64793K, capacity 66267K, committed 66508K, reserved 1107968K
  class space    used 8218K, capacity 8789K, committed 8908K, reserved 1048576K
}
Event: 82.344 GC heap before
{Heap before GC invocations=68 (full 0):
 garbage-first heap   total 101376K, used 71765K [0x0000000080000000, 0x0000000100000000)
  region size 1024K, 21 young (21504K), 2 survivors (2048K)
 Metaspace       used 65590K, capacity 67086K, committed 67404K, reserved 1107968K
  class space    used 8348K, capacity 8928K, committed 9036K, reserved 1048576K
}
Event: 82.359 GC heap after
{Heap after GC invocations=69 (full 0):
 garbage-first heap   total 101376K, used 52288K [0x0000000080000000, 0x0000000100000000)
  region size 1024K, 3 young (3072K), 3 survivors (3072K)
 Metaspace       used 65590K, capacity 67086K, committed 67404K, reserved 1107968K
  class space    used 8348K, capacity 8928K, committed 9036K, reserved 1048576K
}
Event: 82.943 GC heap before
{Heap before GC invocations=69 (full 0):
 garbage-first heap   total 101376K, used 72768K [0x0000000080000000, 0x0000000100000000)
  region size 1024K, 23 young (23552K), 3 survivors (3072K)
 Metaspace       used 65645K, capacity 67190K, committed 67404K, reserved 1107968K
  class space    used 8356K, capacity 8963K, committed 9036K, reserved 1048576K
}
Event: 82.962 GC heap after
{Heap after GC invocations=70 (full 0):
 garbage-first heap   total 101376K, used 53944K [0x0000000080000000, 0x0000000100000000)
  region size 1024K, 3 young (3072K), 3 survivors (3072K)
 Metaspace       used 65645K, capacity 67190K, committed 67404K, reserved 1107968K
  class space    used 8356K, capacity 8963K, committed 9036K, reserved 1048576K
}
Event: 86.386 GC heap before
{Heap before GC invocations=71 (full 0):
 garbage-first heap   total 101376K, used 75448K [0x0000000080000000, 0x0000000100000000)
  region size 1024K, 24 young (24576K), 3 survivors (3072K)
 Metaspace       used 68105K, capacity 69743K, committed 70092K, reserved 1110016K
  class space    used 8734K, capacity 9324K, committed 9420K, reserved 1048576K
}
Event: 86.421 GC heap after
{Heap after GC invocations=72 (full 0):
 garbage-first heap   total 101376K, used 55346K [0x0000000080000000, 0x0000000100000000)
  region size 1024K, 2 young (2048K), 2 survivors (2048K)
 Metaspace       used 68105K, capacity 69743K, committed 70092K, reserved 1110016K
  class space    used 8734K, capacity 9324K, committed 9420K, reserved 1048576K
}
Event: 88.949 GC heap before
{Heap before GC invocations=72 (full 0):
 garbage-first heap   total 101376K, used 76850K [0x0000000080000000, 0x0000000100000000)
  region size 1024K, 23 young (23552K), 2 survivors (2048K)
 Metaspace       used 70838K, capacity 72432K, committed 72524K, reserved 1112064K
  class space    used 9194K, capacity 9786K, committed 9804K, reserved 1048576K
}
Event: 88.965 GC heap after
{Heap after GC invocations=73 (full 0):
 garbage-first heap   total 101376K, used 56687K [0x0000000080000000, 0x0000000100000000)
  region size 1024K, 3 young (3072K), 3 survivors (3072K)
 Metaspace       used 70838K, capacity 72432K, committed 72524K, reserved 1112064K
  class space    used 9194K, capacity 9786K, committed 9804K, reserved 1048576K
}
Event: 92.933 GC heap before
{Heap before GC invocations=74 (full 0):
 garbage-first heap   total 101376K, used 78191K [0x0000000080000000, 0x0000000100000000)
  region size 1024K, 24 young (24576K), 3 survivors (3072K)
 Metaspace       used 72486K, capacity 74103K, committed 74444K, reserved 1114112K
  class space    used 9444K, capacity 10059K, committed 10188K, reserved 1048576K
}
Event: 92.957 GC heap after
{Heap after GC invocations=75 (full 0):
 garbage-first heap   total 101376K, used 58058K [0x0000000080000000, 0x0000000100000000)
  region size 1024K, 3 young (3072K), 3 survivors (3072K)
 Metaspace       used 72486K, capacity 74103K, committed 74444K, reserved 1114112K
  class space    used 9444K, capacity 10059K, committed 10188K, reserved 1048576K
}

Deoptimization events (20 events):
Event: 92.717 Thread 0x000001b5d33fb000 DEOPT PACKING pc=0x000001b5bc8063ae sp=0x0000004d564f9750
Event: 92.717 Thread 0x000001b5d33fb000 DEOPT UNPACKING pc=0x000001b5bb63a95e sp=0x0000004d564f8cf0 mode 0
Event: 92.722 Thread 0x000001b5d33fb000 DEOPT PACKING pc=0x000001b5bc30f39f sp=0x0000004d564f9420
Event: 92.722 Thread 0x000001b5d33fb000 DEOPT UNPACKING pc=0x000001b5bb63a95e sp=0x0000004d564f88e0 mode 0
Event: 93.044 Thread 0x000001b5d33fb000 Uncommon trap: trap_request=0xfffffff4 fr.pc=0x000001b5c34c6c14 relative=0x0000000000009c74
Event: 93.044 Thread 0x000001b5d33fb000 Uncommon trap: reason=null_check action=make_not_entrant pc=0x000001b5c34c6c14 method=org.gradle.internal.instantiation.generator.AbstractClassGenerator$PropertyMetadata.addGetter(Lorg/gradle/internal/instantiation/generator/AbstractClassGenerator$MethodM
Event: 93.044 Thread 0x000001b5d33fb000 DEOPT PACKING pc=0x000001b5c34c6c14 sp=0x0000004d564f9610
Event: 93.044 Thread 0x000001b5d33fb000 DEOPT UNPACKING pc=0x000001b5bb63a1af sp=0x0000004d564f9550 mode 2
Event: 93.211 Thread 0x000001b5d33fb000 Uncommon trap: trap_request=0xffffffde fr.pc=0x000001b5c342bee0 relative=0x0000000000002cc0
Event: 93.211 Thread 0x000001b5d33fb000 Uncommon trap: reason=class_check action=maybe_recompile pc=0x000001b5c342bee0 method=java.util.TreeMap.put(Ljava/lang/Object;Ljava/lang/Object;)Ljava/lang/Object; @ 127 c2
Event: 93.211 Thread 0x000001b5d33fb000 DEOPT PACKING pc=0x000001b5c342bee0 sp=0x0000004d564faff0
Event: 93.211 Thread 0x000001b5d33fb000 DEOPT UNPACKING pc=0x000001b5bb63a1af sp=0x0000004d564fafa0 mode 2
Event: 93.584 Thread 0x000001b5d33fb000 Uncommon trap: trap_request=0xffffff4d fr.pc=0x000001b5c33237f0 relative=0x00000000000006f0
Event: 93.584 Thread 0x000001b5d33fb000 Uncommon trap: reason=unstable_if action=reinterpret pc=0x000001b5c33237f0 method=java.util.HashMap.putVal(ILjava/lang/Object;Ljava/lang/Object;ZZ)Ljava/lang/Object; @ 109 c2
Event: 93.584 Thread 0x000001b5d33fb000 DEOPT PACKING pc=0x000001b5c33237f0 sp=0x0000004d564f7cd0
Event: 93.584 Thread 0x000001b5d33fb000 DEOPT UNPACKING pc=0x000001b5bb63a1af sp=0x0000004d564f7be8 mode 2
Event: 93.584 Thread 0x000001b5d33fb000 Uncommon trap: trap_request=0xffffff4d fr.pc=0x000001b5c3301ef4 relative=0x0000000000000674
Event: 93.584 Thread 0x000001b5d33fb000 Uncommon trap: reason=unstable_if action=reinterpret pc=0x000001b5c3301ef4 method=java.util.HashMap.putVal(ILjava/lang/Object;Ljava/lang/Object;ZZ)Ljava/lang/Object; @ 109 c2
Event: 93.584 Thread 0x000001b5d33fb000 DEOPT PACKING pc=0x000001b5c3301ef4 sp=0x0000004d564f7c20
Event: 93.584 Thread 0x000001b5d33fb000 DEOPT UNPACKING pc=0x000001b5bb63a1af sp=0x0000004d564f7bd8 mode 2

Classes redefined (0 events):
No events

Internal exceptions (20 events):
Event: 82.888 Thread 0x000001b5d33fb000 Exception <a 'java/lang/ClassNotFoundException'{0x0000000085063858}: org/gradle/api/JavaVersionCustomizer> (0x0000000085063858) thrown at [./src/hotspot/share/classfile/systemDictionary.cpp, line 231]
Event: 82.901 Thread 0x000001b5d33fb000 Exception <a 'java/lang/ClassNotFoundException'{0x00000000850cb3f8}: com/android/build/gradle/internal/CompileOptions$AgpDecorated_DecoratedBeanInfo> (0x00000000850cb3f8) thrown at [./src/hotspot/share/classfile/systemDictionary.cpp, line 231]
Event: 82.905 Thread 0x000001b5d33fb000 Exception <a 'java/lang/ClassNotFoundException'{0x00000000850e7040}: com/android/build/gradle/internal/CompileOptions$AgpDecoratedBeanInfo> (0x00000000850e7040) thrown at [./src/hotspot/share/classfile/systemDictionary.cpp, line 231]
Event: 82.907 Thread 0x000001b5d33fb000 Exception <a 'java/lang/ClassNotFoundException'{0x0000000084e01168}: com/android/build/gradle/internal/CompileOptionsBeanInfo> (0x0000000084e01168) thrown at [./src/hotspot/share/classfile/systemDictionary.cpp, line 231]
Event: 82.910 Thread 0x000001b5d33fb000 Exception <a 'java/lang/ClassNotFoundException'{0x0000000084e1b308}: com/android/build/gradle/internal/CompileOptionsCustomizer> (0x0000000084e1b308) thrown at [./src/hotspot/share/classfile/systemDictionary.cpp, line 231]
Event: 82.913 Thread 0x000001b5d33fb000 Exception <a 'java/lang/ClassNotFoundException'{0x0000000084e429c0}: com/android/build/gradle/internal/CompileOptions$AgpDecoratedCustomizer> (0x0000000084e429c0) thrown at [./src/hotspot/share/classfile/systemDictionary.cpp, line 231]
Event: 82.916 Thread 0x000001b5d33fb000 Exception <a 'java/lang/ClassNotFoundException'{0x0000000084e6d820}: com/android/build/gradle/internal/CompileOptions$AgpDecorated_DecoratedCustomizer> (0x0000000084e6d820) thrown at [./src/hotspot/share/classfile/systemDictionary.cpp, line 231]
Event: 83.145 Thread 0x000001b5d33fb000 Exception <a 'java/lang/ClassNotFoundException'{0x000000008622e290}: org/gradle/api/internal/artifacts/dsl/dependencies/DefaultDependencyHandler_DecoratedBeanInfo> (0x000000008622e290) thrown at [./src/hotspot/share/classfile/systemDictionary.cpp, line 231]
Event: 83.148 Thread 0x000001b5d33fb000 Exception <a 'java/lang/ClassNotFoundException'{0x00000000862775b8}: org/gradle/api/internal/artifacts/dsl/dependencies/DefaultDependencyHandlerBeanInfo> (0x00000000862775b8) thrown at [./src/hotspot/share/classfile/systemDictionary.cpp, line 231]
Event: 83.151 Thread 0x000001b5d33fb000 Exception <a 'java/lang/ClassNotFoundException'{0x00000000862c0078}: org/gradle/api/internal/artifacts/dsl/dependencies/DefaultDependencyHandlerCustomizer> (0x00000000862c0078) thrown at [./src/hotspot/share/classfile/systemDictionary.cpp, line 231]
Event: 83.169 Thread 0x000001b5d33fb000 Exception <a 'java/lang/ClassNotFoundException'{0x0000000086130638}: org/gradle/api/internal/artifacts/dsl/dependencies/DefaultDependencyHandler_DecoratedCustomizer> (0x0000000086130638) thrown at [./src/hotspot/share/classfile/systemDictionary.cpp, line 231]
Event: 89.505 Thread 0x000001b5d33fb000 Exception <a 'java/lang/ClassNotFoundException'{0x000000008606fed8}: com/android/build/gradle/internal/api/ApkVariantOutputImpl_DecoratedBeanInfo> (0x000000008606fed8) thrown at [./src/hotspot/share/classfile/systemDictionary.cpp, line 231]
Event: 89.507 Thread 0x000001b5d33fb000 Exception <a 'java/lang/ClassNotFoundException'{0x000000008608a708}: com/android/build/gradle/internal/api/ApkVariantOutputImplBeanInfo> (0x000000008608a708) thrown at [./src/hotspot/share/classfile/systemDictionary.cpp, line 231]
Event: 89.509 Thread 0x000001b5d33fb000 Exception <a 'java/lang/ClassNotFoundException'{0x00000000860a5778}: com/android/build/gradle/internal/api/BaseVariantOutputImplBeanInfo> (0x00000000860a5778) thrown at [./src/hotspot/share/classfile/systemDictionary.cpp, line 231]
Event: 89.511 Thread 0x000001b5d33fb000 Exception <a 'java/lang/ClassNotFoundException'{0x00000000860c0850}: com/android/build/gradle/internal/api/BaseVariantOutputImplCustomizer> (0x00000000860c0850) thrown at [./src/hotspot/share/classfile/systemDictionary.cpp, line 231]
Event: 89.514 Thread 0x000001b5d33fb000 Exception <a 'java/lang/ClassNotFoundException'{0x00000000860ee2c8}: com/android/build/gradle/internal/api/ApkVariantOutputImplCustomizer> (0x00000000860ee2c8) thrown at [./src/hotspot/share/classfile/systemDictionary.cpp, line 231]
Event: 89.521 Thread 0x000001b5d33fb000 Exception <a 'java/lang/ClassNotFoundException'{0x0000000085f18458}: com/android/build/gradle/internal/api/ApkVariantOutputImpl_DecoratedCustomizer> (0x0000000085f18458) thrown at [./src/hotspot/share/classfile/systemDictionary.cpp, line 231]
Event: 89.574 Thread 0x000001b5d33fb000 Exception <a 'java/lang/NoClassDefFoundError'{0x0000000085e84e50}: org/jetbrains/kotlin/gradle/plugin/KotlinBasePluginWrapper> (0x0000000085e84e50) thrown at [./src/hotspot/share/classfile/systemDictionary.cpp, line 220]
Event: 90.182 Thread 0x000001b5d33fb000 Implicit null exception at 0x000001b5c32ef716 to 0x000001b5c32efe38
Event: 93.044 Thread 0x000001b5d33fb000 Implicit null exception at 0x000001b5c34bf4fb to 0x000001b5c34c6ba8

Events (20 events):
Event: 93.476 loading class com/android/build/gradle/internal/tasks/featuresplit/FeatureSetMetadata
Event: 93.476 loading class com/android/build/gradle/internal/tasks/featuresplit/FeatureSetMetadata done
Event: 93.515 loading class com/android/build/gradle/internal/tasks/SigningConfigWriterTask$CreationAction$configure$1
Event: 93.515 loading class com/android/build/gradle/internal/tasks/SigningConfigWriterTask$CreationAction$configure$1 done
Event: 93.518 loading class com/android/build/gradle/internal/tasks/SigningConfigWriterTask$CreationAction$configure$2
Event: 93.518 loading class com/android/build/gradle/internal/tasks/SigningConfigWriterTask$CreationAction$configure$2 done
Event: 93.525 loading class org/gradle/api/internal/file/copy/DestinationRootCopySpec
Event: 93.525 loading class org/gradle/api/internal/file/copy/DestinationRootCopySpec done
Event: 93.557 loading class org/gradle/api/internal/file/copy/DelegatingCopySpecInternal
Event: 93.557 loading class org/gradle/api/internal/file/copy/DelegatingCopySpecInternal done
Event: 93.573 loading class org/gradle/api/internal/file/copy/CopySpecResolver
Event: 93.573 loading class org/gradle/api/internal/file/copy/CopySpecResolver done
Event: 93.575 loading class org/gradle/api/internal/file/copy/CopySpecInternal$CopySpecAddress
Event: 93.575 loading class org/gradle/api/internal/file/copy/CopySpecInternal$CopySpecAddress done
Event: 93.577 loading class org/gradle/api/internal/file/copy/CopyActionExecuter
Event: 93.577 loading class org/gradle/api/internal/file/copy/CopyActionExecuter done
Event: 93.579 loading class org/gradle/api/file/DuplicatesStrategy
Event: 93.579 loading class org/gradle/api/file/DuplicatesStrategy done
Event: 93.608 loading class org/gradle/api/internal/file/copy/DefaultCopySpec
Event: 93.608 loading class org/gradle/api/internal/file/copy/DefaultCopySpec done


Dynamic libraries:
0x00007ff658190000 - 0x00007ff65819a000 	C:\Program Files\Android\Android Studio\jre\bin\java.exe
0x00007ff965b00000 - 0x00007ff965cf0000 	C:\Windows\SYSTEM32\ntdll.dll
0x00007ff9642f0000 - 0x00007ff9643a2000 	C:\Windows\System32\KERNEL32.DLL
0x00007ff963580000 - 0x00007ff963823000 	C:\Windows\System32\KERNELBASE.dll
0x00007ff963830000 - 0x00007ff96392a000 	C:\Windows\System32\ucrtbase.dll
0x00007ff9551f0000 - 0x00007ff955209000 	C:\Program Files\Android\Android Studio\jre\bin\jli.dll
0x00007ff9658b0000 - 0x00007ff965a44000 	C:\Windows\System32\USER32.dll
0x00007ff9633b0000 - 0x00007ff9633d1000 	C:\Windows\System32\win32u.dll
0x00007ff963cd0000 - 0x00007ff963cf6000 	C:\Windows\System32\GDI32.dll
0x00007ff9633e0000 - 0x00007ff963574000 	C:\Windows\System32\gdi32full.dll
0x00007ff963a30000 - 0x00007ff963ace000 	C:\Windows\System32\msvcp_win.dll
0x00007ff94be30000 - 0x00007ff94be47000 	C:\Program Files\Android\Android Studio\jre\bin\VCRUNTIME140.dll
0x00007ff94d7c0000 - 0x00007ff94da45000 	C:\Windows\WinSxS\amd64_microsoft.windows.common-controls_6595b64144ccf1df_6.0.18362.418_none_e6c6b287130d565d\COMCTL32.dll
0x00007ff963c30000 - 0x00007ff963cce000 	C:\Windows\System32\msvcrt.dll
0x00007ff965310000 - 0x00007ff965646000 	C:\Windows\System32\combase.dll
0x00007ff9650a0000 - 0x00007ff9651c0000 	C:\Windows\System32\RPCRT4.dll
0x00007ff963ad0000 - 0x00007ff963b50000 	C:\Windows\System32\bcryptPrimitives.dll
0x00007ff965880000 - 0x00007ff9658ae000 	C:\Windows\System32\IMM32.DLL
0x00007ff9356a0000 - 0x00007ff93573d000 	C:\Program Files\Android\Android Studio\jre\bin\msvcp140.dll
0x00007ff92aca0000 - 0x00007ff92b785000 	C:\Program Files\Android\Android Studio\jre\bin\server\jvm.dll
0x00007ff964ff0000 - 0x00007ff965093000 	C:\Windows\System32\ADVAPI32.dll
0x00007ff964080000 - 0x00007ff964117000 	C:\Windows\System32\sechost.dll
0x00007ff9651c0000 - 0x00007ff9651c8000 	C:\Windows\System32\PSAPI.DLL
0x00007ff95e920000 - 0x00007ff95e929000 	C:\Windows\SYSTEM32\WSOCK32.dll
0x00007ff963eb0000 - 0x00007ff963f1f000 	C:\Windows\System32\WS2_32.dll
0x00007ff960bb0000 - 0x00007ff960bd4000 	C:\Windows\SYSTEM32\WINMM.dll
0x00007ff95bfa0000 - 0x00007ff95bfaa000 	C:\Windows\SYSTEM32\VERSION.dll
0x00007ff960b80000 - 0x00007ff960bad000 	C:\Windows\SYSTEM32\WINMMBASE.dll
0x00007ff963360000 - 0x00007ff9633aa000 	C:\Windows\System32\cfgmgr32.dll
0x00007ff962a00000 - 0x00007ff962a11000 	C:\Windows\System32\kernel.appcore.dll
0x00007ff95bdf0000 - 0x00007ff95be01000 	C:\Program Files\Android\Android Studio\jre\bin\verify.dll
0x00007ff94dc50000 - 0x00007ff94de44000 	C:\Windows\SYSTEM32\DBGHELP.DLL
0x00007ff94dc20000 - 0x00007ff94dc4a000 	C:\Windows\SYSTEM32\dbgcore.DLL
0x00007ff95bdc0000 - 0x00007ff95bde9000 	C:\Program Files\Android\Android Studio\jre\bin\java.dll
0x00007ff95e910000 - 0x00007ff95e91b000 	C:\Program Files\Android\Android Studio\jre\bin\jimage.dll
0x00007ff95bda0000 - 0x00007ff95bdb8000 	C:\Program Files\Android\Android Studio\jre\bin\zip.dll
0x00007ff964830000 - 0x00007ff964f15000 	C:\Windows\System32\SHELL32.dll
0x00007ff963f20000 - 0x00007ff963fc9000 	C:\Windows\System32\shcore.dll
0x00007ff962be0000 - 0x00007ff96335f000 	C:\Windows\System32\windows.storage.dll
0x00007ff962a20000 - 0x00007ff962a3f000 	C:\Windows\System32\profapi.dll
0x00007ff962a40000 - 0x00007ff962a8a000 	C:\Windows\System32\powrprof.dll
0x00007ff9629d0000 - 0x00007ff9629e0000 	C:\Windows\System32\UMPDC.dll
0x00007ff964290000 - 0x00007ff9642e2000 	C:\Windows\System32\shlwapi.dll
0x00007ff963930000 - 0x00007ff963947000 	C:\Windows\System32\cryptsp.dll
0x00007ff95bd80000 - 0x00007ff95bd9a000 	C:\Program Files\Android\Android Studio\jre\bin\net.dll
0x00007ff956940000 - 0x00007ff956a30000 	C:\Windows\SYSTEM32\WINHTTP.dll
0x00007ff962190000 - 0x00007ff9621f7000 	C:\Windows\system32\mswsock.dll
0x00007ff95bd60000 - 0x00007ff95bd74000 	C:\Program Files\Android\Android Studio\jre\bin\nio.dll
0x00007ff9574e0000 - 0x00007ff957507000 	C:\Users\VIGNESH G\.gradle\native\e1d6ef7f7dcc3fd88c89a11ec53ec762bb8ba0a96d01ffa2cd45eb1d1d8dd5c5\windows-amd64\native-platform.dll
0x00007ff930df0000 - 0x00007ff930f34000 	C:\Users\VIGNESH G\.gradle\native\5664cfc778a61ccfe75a443a1ab52a65af34e5dc3c78e0209fed803814484fcb\windows-amd64\native-platform-file-events.dll
0x00007ff95d3b0000 - 0x00007ff95d3ba000 	C:\Program Files\Android\Android Studio\jre\bin\management.dll
0x00007ff95ccd0000 - 0x00007ff95ccdd000 	C:\Program Files\Android\Android Studio\jre\bin\management_ext.dll
0x00007ff961d10000 - 0x00007ff961d43000 	C:\Windows\system32\rsaenh.dll
0x00007ff963950000 - 0x00007ff963976000 	C:\Windows\System32\bcrypt.dll
0x00007ff9628c0000 - 0x00007ff9628e5000 	C:\Windows\SYSTEM32\USERENV.dll
0x00007ff962310000 - 0x00007ff96231c000 	C:\Windows\SYSTEM32\CRYPTBASE.dll
0x00007ff961eb0000 - 0x00007ff961eea000 	C:\Windows\SYSTEM32\IPHLPAPI.DLL
0x00007ff965ab0000 - 0x00007ff965ab8000 	C:\Windows\System32\NSI.dll
0x00007ff95a220000 - 0x00007ff95a236000 	C:\Windows\SYSTEM32\dhcpcsvc6.DLL
0x00007ff95a350000 - 0x00007ff95a36c000 	C:\Windows\SYSTEM32\dhcpcsvc.DLL
0x00007ff961ef0000 - 0x00007ff961fba000 	C:\Windows\SYSTEM32\DNSAPI.dll

dbghelp: loaded successfully - version: 4.0.5 - missing functions: none
symbol engine: initialized successfully - sym options: 0x614 - pdb path: .;C:\Program Files\Android\Android Studio\jre\bin;C:\Windows\SYSTEM32;C:\Windows\WinSxS\amd64_microsoft.windows.common-controls_6595b64144ccf1df_6.0.18362.418_none_e6c6b287130d565d;C:\Program Files\Android\Android Studio\jre\bin\server;C:\Users\VIGNESH G\.gradle\native\e1d6ef7f7dcc3fd88c89a11ec53ec762bb8ba0a96d01ffa2cd45eb1d1d8dd5c5\windows-amd64;C:\Users\VIGNESH G\.gradle\native\5664cfc778a61ccfe75a443a1ab52a65af34e5dc3c78e0209fed803814484fcb\windows-amd64

VM Arguments:
jvm_args: --add-opens=java.base/java.util=ALL-UNNAMED --add-opens=java.base/java.lang=ALL-UNNAMED --add-opens=java.base/java.lang.invoke=ALL-UNNAMED --add-opens=java.base/java.util=ALL-UNNAMED --add-opens=java.prefs/java.util.prefs=ALL-UNNAMED --add-opens=java.prefs/java.util.prefs=ALL-UNNAMED --add-opens=java.base/java.nio.charset=ALL-UNNAMED --add-opens=java.base/java.net=ALL-UNNAMED --add-opens=java.base/java.util.concurrent.atomic=ALL-UNNAMED -Xmx2048m -Dfile.encoding=UTF-8 -Duser.country=IN -Duser.language=en -Duser.variant 
java_command: org.gradle.launcher.daemon.bootstrap.GradleDaemon 7.3.3
java_class_path (initial): C:\Users\VIGNESH G\.gradle\wrapper\dists\gradle-7.3.3-bin\6a41zxkdtcxs8rphpq6y0069z\gradle-7.3.3\lib\gradle-launcher-7.3.3.jar
Launcher Type: SUN_STANDARD

[Global flags]
     intx CICompilerCount                          = 2                                         {product} {ergonomic}
     uint ConcGCThreads                            = 1                                         {product} {ergonomic}
     uint G1ConcRefinementThreads                  = 2                                         {product} {ergonomic}
   size_t G1HeapRegionSize                         = 1048576                                   {product} {ergonomic}
    uintx GCDrainStackTargetSize                   = 64                                        {product} {ergonomic}
   size_t InitialHeapSize                          = 58720256                                  {product} {ergonomic}
   size_t MarkStackSize                            = 4194304                                   {product} {ergonomic}
   size_t MaxHeapSize                              = 2147483648                                {product} {command line}
   size_t MaxNewSize                               = 1287651328                                {product} {ergonomic}
   size_t MinHeapDeltaBytes                        = 1048576                                   {product} {ergonomic}
    uintx NonNMethodCodeHeapSize                   = 5825164                                {pd product} {ergonomic}
    uintx NonProfiledCodeHeapSize                  = 122916538                              {pd product} {ergonomic}
    uintx ProfiledCodeHeapSize                     = 122916538                              {pd product} {ergonomic}
    uintx ReservedCodeCacheSize                    = 251658240                              {pd product} {ergonomic}
     bool SegmentedCodeCache                       = true                                      {product} {ergonomic}
     bool UseCompressedClassPointers               = true                                 {lp64_product} {ergonomic}
     bool UseCompressedOops                        = true                                 {lp64_product} {ergonomic}
     bool UseG1GC                                  = true                                      {product} {ergonomic}
     bool UseLargePagesIndividualAllocation        = false                                  {pd product} {ergonomic}

Logging:
Log output configuration:
 #0: stdout all=warning uptime,level,tags
 #1: stderr all=off uptime,level,tags

Environment Variables:
PATH=C:\Windows\system32;C:\Windows;C:\Windows\System32\Wbem;C:\Windows\System32\WindowsPowerShell\v1.0\;C:\Windows\System32\OpenSSH\;C:\Users\VIGNESH G\AppData\Local\Microsoft\WindowsApps;C:\Program Files\MinGW\bin
USERNAME=VIGNESH G
OS=Windows_NT
PROCESSOR_IDENTIFIER=AMD64 Family 21 Model 112 Stepping 0, AuthenticAMD



---------------  S Y S T E M  ---------------

OS: Windows 10 , 64 bit Build 18362 (10.0.18362.329)
OS uptime: 0 days 6:41 hours
Hyper-V role detected

CPU:total 2 (initial active 2) (2 cores per cpu, 1 threads per core) family 21 model 112 stepping 0 microcode 0x0, cmov, cx8, fxsr, mmx, sse, sse2, sse3, ssse3, sse4.1, sse4.2, popcnt, avx, avx2, aes, clmul, mmxext, 3dnowpref, lzcnt, sse4a, tsc, tscinvbit, tscinv, bmi1, bmi2, fma

Memory: 4k page, system-wide physical 3551M (262M free)
TotalPageFile size 5316M (AvailPageFile size 6M)
current process WorkingSet (physical memory assigned to process): 309M, peak: 311M
current process commit charge ("private bytes"): 335M, peak: 336M

vm_info: OpenJDK 64-Bit Server VM (11.0.12+7-b1504.28-7817840) for windows-amd64 JRE (11.0.12+7-b1504.28-7817840), built on Oct 13 2021 22:12:33 by "builder" with MS VC++ 14.0 (VS2015)

END.
