#
# There is insufficient memory for the Java Runtime Environment to continue.
# Native memory allocation (malloc) failed to allocate 1323056 bytes for Chunk::new
# Possible reasons:
#   The system is out of physical RAM or swap space
#   The process is running with CompressedOops enabled, and the Java Heap may be blocking the growth of the native heap
# Possible solutions:
#   Reduce memory load on the system
#   Increase physical memory or swap space
#   Check if swap backing store is full
#   Decrease Java heap size (-Xmx/-Xms)
#   Decrease number of Java threads
#   Decrease Java thread stack sizes (-Xss)
#   Set larger code cache with -XX:ReservedCodeCacheSize=
#   JVM is running with Unscaled Compressed Oops mode in which the Java heap is
#     placed in the first 4GB address space. The Java Heap base address is the
#     maximum limit for the native heap growth. Please use -XX:HeapBaseMinAddress
#     to set the Java Heap base and to place the Java Heap above 4GB virtual address.
# This output file may be truncated or incomplete.
#
#  Out of Memory Error (./src/hotspot/share/memory/arena.cpp:197), pid=7080, tid=2032
#
# JRE version: OpenJDK Runtime Environment (11.0.12+7) (build 11.0.12+7-b1504.28-7817840)
# Java VM: OpenJDK 64-Bit Server VM (11.0.12+7-b1504.28-7817840, mixed mode, tiered, compressed oops, g1 gc, windows-amd64)
# No core dump will be written. Minidumps are not enabled by default on client versions of Windows
#

---------------  S U M M A R Y ------------

Command Line: --add-opens=java.base/java.util=ALL-UNNAMED --add-opens=java.base/java.lang=ALL-UNNAMED --add-opens=java.base/java.lang.invoke=ALL-UNNAMED --add-opens=java.base/java.util=ALL-UNNAMED --add-opens=java.prefs/java.util.prefs=ALL-UNNAMED --add-opens=java.prefs/java.util.prefs=ALL-UNNAMED --add-opens=java.base/java.nio.charset=ALL-UNNAMED --add-opens=java.base/java.net=ALL-UNNAMED --add-opens=java.base/java.util.concurrent.atomic=ALL-UNNAMED -Xmx2048m -Dfile.encoding=UTF-8 -Duser.country=IN -Duser.language=en -Duser.variant org.gradle.launcher.daemon.bootstrap.GradleDaemon 7.3.3

Host: AMD PRO A4-4350B R4, 5 COMPUTE CORES 2C+3G     , 2 cores, 3G,  Windows 10 , 64 bit Build 18362 (10.0.18362.329)
Time: Sat Jan 28 10:08:13 2023 India Standard Time elapsed time: 3033.706359 seconds (0d 0h 50m 33s)

---------------  T H R E A D  ---------------

Current thread (0x000001bcc9160800):  JavaThread "C2 CompilerThread0" daemon [_thread_in_native, id=2032, stack(0x0000001cbd500000,0x0000001cbd600000)]


Current CompileTask:
C2:3033707 21698       4       org.gradle.internal.fingerprint.impl.RelativePathFingerprintingStrategy$$Lambda$1140/0x0000000100e07040::visitEntry (18 bytes)

Stack: [0x0000001cbd500000,0x0000001cbd600000]
Native frames: (J=compiled Java code, j=interpreted, Vv=VM code, C=native code)
V  [jvm.dll+0x5fbcea]
V  [jvm.dll+0x731905]
V  [jvm.dll+0x732f1d]
V  [jvm.dll+0x7335d3]
V  [jvm.dll+0x247bf8]
V  [jvm.dll+0xc018c]
V  [jvm.dll+0xc06cc]
V  [jvm.dll+0x35b31d]
V  [jvm.dll+0x328803]
V  [jvm.dll+0x327cfa]
V  [jvm.dll+0x200602]
V  [jvm.dll+0x1ff794]
V  [jvm.dll+0x18868c]
V  [jvm.dll+0x20e0d7]
V  [jvm.dll+0x20c901]
V  [jvm.dll+0x6f9b7f]
V  [jvm.dll+0x6f26a5]
V  [jvm.dll+0x5fabf6]
C  [ucrtbase.dll+0x20e72]
C  [KERNEL32.DLL+0x17bd4]
C  [ntdll.dll+0x6ced1]


---------------  P R O C E S S  ---------------

Threads class SMR info:
_java_thread_list=0x000001bccfe37e50, length=63, elements={
0x000001bcafa6e000, 0x000001bcc90fe000, 0x000001bcc9102800, 0x000001bcc9158800,
0x000001bcc915a800, 0x000001bcc915d800, 0x000001bcc9160800, 0x000001bcc916a800,
0x000001bcc9ac0800, 0x000001bcc9bd2000, 0x000001bcca9a3000, 0x000001bccb4b9000,
0x000001bccb1ff800, 0x000001bccb51f800, 0x000001bccb522000, 0x000001bccb51d000,
0x000001bccb523000, 0x000001bccb51e000, 0x000001bccb520800, 0x000001bccb51e800,
0x000001bccc902000, 0x000001bccc905800, 0x000001bccbbd4800, 0x000001bccbbc9000,
0x000001bccbbc7800, 0x000001bccbbc8800, 0x000001bccbbc6800, 0x000001bccbbcd000,
0x000001bccbbce000, 0x000001bccbbcf000, 0x000001bccbbcf800, 0x000001bccbbca000,
0x000001bccbbd0800, 0x000001bccbbcb000, 0x000001bccbbd1800, 0x000001bccbbcb800,
0x000001bccbbd2000, 0x000001bccbbd4000, 0x000001bccbbd3000, 0x000001bccbbd5800,
0x000001bccc907000, 0x000001bccc903000, 0x000001bccc903800, 0x000001bccc901800,
0x000001bccc90b000, 0x000001bccc90c800, 0x000001bccc90c000, 0x000001bccc908800,
0x000001bccc908000, 0x000001bccc90d800, 0x000001bccc909800, 0x000001bccc90e800,
0x000001bccc90f000, 0x000001bccc910000, 0x000001bccc90a800, 0x000001bccb521000,
0x000001bccb51c800, 0x000001bcd09fc000, 0x000001bcd09fc800, 0x000001bcd09fd800,
0x000001bcd5304800, 0x000001bcd530b000, 0x000001bcd5309000
}

Java Threads: ( => current thread )
  0x000001bcafa6e000 JavaThread "main" [_thread_blocked, id=1848, stack(0x0000001cbc900000,0x0000001cbca00000)]
  0x000001bcc90fe000 JavaThread "Reference Handler" daemon [_thread_blocked, id=6364, stack(0x0000001cbd000000,0x0000001cbd100000)]
  0x000001bcc9102800 JavaThread "Finalizer" daemon [_thread_blocked, id=4832, stack(0x0000001cbd100000,0x0000001cbd200000)]
  0x000001bcc9158800 JavaThread "Signal Dispatcher" daemon [_thread_blocked, id=3984, stack(0x0000001cbd200000,0x0000001cbd300000)]
  0x000001bcc915a800 JavaThread "Attach Listener" daemon [_thread_blocked, id=4740, stack(0x0000001cbd300000,0x0000001cbd400000)]
  0x000001bcc915d800 JavaThread "Service Thread" daemon [_thread_blocked, id=4472, stack(0x0000001cbd400000,0x0000001cbd500000)]
=>0x000001bcc9160800 JavaThread "C2 CompilerThread0" daemon [_thread_in_native, id=2032, stack(0x0000001cbd500000,0x0000001cbd600000)]
  0x000001bcc916a800 JavaThread "C1 CompilerThread0" daemon [_thread_blocked, id=7640, stack(0x0000001cbd600000,0x0000001cbd700000)]
  0x000001bcc9ac0800 JavaThread "Sweeper thread" daemon [_thread_blocked, id=7064, stack(0x0000001cbd700000,0x0000001cbd800000)]
  0x000001bcc9bd2000 JavaThread "Common-Cleaner" daemon [_thread_blocked, id=5136, stack(0x0000001cbd800000,0x0000001cbd900000)]
  0x000001bcca9a3000 JavaThread "Daemon health stats" [_thread_blocked, id=7628, stack(0x0000001cbdb00000,0x0000001cbdc00000)]
  0x000001bccb4b9000 JavaThread "Incoming local TCP Connector on port 52820" [_thread_in_native, id=7052, stack(0x0000001cbdc00000,0x0000001cbdd00000)]
  0x000001bccb1ff800 JavaThread "Daemon periodic checks" [_thread_blocked, id=7952, stack(0x0000001cbdd00000,0x0000001cbde00000)]
  0x000001bccb51f800 JavaThread "Cache worker for journal cache (C:\Users\VIGNESH G\.gradle\caches\journal-1)" [_thread_blocked, id=6412, stack(0x0000001cbe500000,0x0000001cbe600000)]
  0x000001bccb522000 JavaThread "File lock request listener" [_thread_in_native, id=8080, stack(0x0000001cbe600000,0x0000001cbe700000)]
  0x000001bccb51d000 JavaThread "Cache worker for file hash cache (C:\Users\VIGNESH G\.gradle\caches\7.3.3\fileHashes)" [_thread_in_native, id=3844, stack(0x0000001cbe700000,0x0000001cbe800000)]
  0x000001bccb523000 JavaThread "File watcher server" daemon [_thread_in_native, id=7204, stack(0x0000001cbe900000,0x0000001cbea00000)]
  0x000001bccb51e000 JavaThread "File watcher consumer" daemon [_thread_blocked, id=7432, stack(0x0000001cbea00000,0x0000001cbeb00000)]
  0x000001bccb520800 JavaThread "jar transforms" [_thread_blocked, id=6604, stack(0x0000001cbeb00000,0x0000001cbec00000)]
  0x000001bccb51e800 JavaThread "jar transforms Thread 2" [_thread_blocked, id=5692, stack(0x0000001cbec00000,0x0000001cbed00000)]
  0x000001bccc902000 JavaThread "Cache worker for execution history cache (C:\Users\VIGNESH G\.gradle\caches\7.3.3\executionHistory)" [_thread_blocked, id=5384, stack(0x0000001cbf000000,0x0000001cbf100000)]
  0x000001bccc905800 JavaThread "Cache worker for file content cache (C:\Users\VIGNESH G\.gradle\caches\7.3.3\fileContent)" [_thread_blocked, id=3140, stack(0x0000001cbf300000,0x0000001cbf400000)]
  0x000001bccbbd4800 JavaThread "Memory manager" [_thread_blocked, id=4796, stack(0x0000001cbe300000,0x0000001cbe400000)]
  0x000001bccbbc9000 JavaThread "Daemon Thread 5" [_thread_blocked, id=8016, stack(0x0000001cbc700000,0x0000001cbc800000)]
  0x000001bccbbc7800 JavaThread "Handler for socket connection from /127.0.0.1:52820 to /127.0.0.1:52901" [_thread_in_native, id=5096, stack(0x0000001cbc800000,0x0000001cbc900000)]
  0x000001bccbbc8800 JavaThread "Cancel handler" [_thread_blocked, id=4452, stack(0x0000001cbde00000,0x0000001cbdf00000)]
  0x000001bccbbc6800 JavaThread "Daemon worker Thread 5" [_thread_blocked, id=4044, stack(0x0000001cbdf00000,0x0000001cbe000000)]
  0x000001bccbbcd000 JavaThread "Asynchronous log dispatcher for DefaultDaemonConnection: socket connection from /127.0.0.1:52820 to /127.0.0.1:52901" [_thread_blocked, id=2856, stack(0x0000001cbe000000,0x0000001cbe100000)]
  0x000001bccbbce000 JavaThread "Daemon client event forwarder" [_thread_blocked, id=4188, stack(0x0000001cbe200000,0x0000001cbe300000)]
  0x000001bccbbcf000 JavaThread "Cache worker for file hash cache (E:\TECCampusPortal\.gradle\7.3.3\fileHashes)" [_thread_blocked, id=7964, stack(0x0000001cbe400000,0x0000001cbe500000)]
  0x000001bccbbcf800 JavaThread "Cache worker for checksums cache (E:\TECCampusPortal\.gradle\7.3.3\checksums)" [_thread_blocked, id=7232, stack(0x0000001cbe800000,0x0000001cbe900000)]
  0x000001bccbbca000 JavaThread "Cache worker for cache directory md-supplier (C:\Users\VIGNESH G\.gradle\caches\7.3.3\md-supplier)" [_thread_blocked, id=4692, stack(0x0000001cbed00000,0x0000001cbee00000)]
  0x000001bccbbd0800 JavaThread "Cache worker for cache directory md-rule (C:\Users\VIGNESH G\.gradle\caches\7.3.3\md-rule)" [_thread_blocked, id=1740, stack(0x0000001cbee00000,0x0000001cbef00000)]
  0x000001bccbbcb000 JavaThread "Cache worker for dependencies-accessors (E:\TECCampusPortal\.gradle\7.3.3\dependencies-accessors)" [_thread_blocked, id=7000, stack(0x0000001cbef00000,0x0000001cbf000000)]
  0x000001bccbbd1800 JavaThread "Cache worker for Build Output Cleanup Cache (E:\TECCampusPortal\.gradle\buildOutputCleanup)" [_thread_blocked, id=4932, stack(0x0000001cbf100000,0x0000001cbf200000)]
  0x000001bccbbcb800 JavaThread "Unconstrained build operations" [_thread_blocked, id=6260, stack(0x0000001cbf200000,0x0000001cbf300000)]
  0x000001bccbbd2000 JavaThread "Unconstrained build operations Thread 2" [_thread_blocked, id=3048, stack(0x0000001cbf400000,0x0000001cbf500000)]
  0x000001bccbbd4000 JavaThread "Unconstrained build operations Thread 3" [_thread_blocked, id=1256, stack(0x0000001cbf500000,0x0000001cbf600000)]
  0x000001bccbbd3000 JavaThread "Unconstrained build operations Thread 4" [_thread_blocked, id=972, stack(0x0000001cbf600000,0x0000001cbf700000)]
  0x000001bccbbd5800 JavaThread "Unconstrained build operations Thread 5" [_thread_blocked, id=7120, stack(0x0000001cbf700000,0x0000001cbf800000)]
  0x000001bccc907000 JavaThread "Unconstrained build operations Thread 6" [_thread_blocked, id=1640, stack(0x0000001cbf800000,0x0000001cbf900000)]
  0x000001bccc903000 JavaThread "Unconstrained build operations Thread 7" [_thread_blocked, id=7908, stack(0x0000001cbf900000,0x0000001cbfa00000)]
  0x000001bccc903800 JavaThread "Unconstrained build operations Thread 8" [_thread_blocked, id=2896, stack(0x0000001cbfa00000,0x0000001cbfb00000)]
  0x000001bccc901800 JavaThread "Unconstrained build operations Thread 9" [_thread_blocked, id=7760, stack(0x0000001cbfb00000,0x0000001cbfc00000)]
  0x000001bccc90b000 JavaThread "Unconstrained build operations Thread 10" [_thread_blocked, id=6220, stack(0x0000001cbfc00000,0x0000001cbfd00000)]
  0x000001bccc90c800 JavaThread "Unconstrained build operations Thread 11" [_thread_blocked, id=4748, stack(0x0000001cbfd00000,0x0000001cbfe00000)]
  0x000001bccc90c000 JavaThread "Unconstrained build operations Thread 12" [_thread_blocked, id=7116, stack(0x0000001cbfe00000,0x0000001cbff00000)]
  0x000001bccc908800 JavaThread "Unconstrained build operations Thread 13" [_thread_blocked, id=5356, stack(0x0000001cbff00000,0x0000001cc0000000)]
  0x000001bccc908000 JavaThread "Unconstrained build operations Thread 14" [_thread_blocked, id=7968, stack(0x0000001cc0000000,0x0000001cc0100000)]
  0x000001bccc90d800 JavaThread "Unconstrained build operations Thread 15" [_thread_blocked, id=7580, stack(0x0000001cc0100000,0x0000001cc0200000)]
  0x000001bccc909800 JavaThread "Unconstrained build operations Thread 16" [_thread_blocked, id=4816, stack(0x0000001cc0200000,0x0000001cc0300000)]
  0x000001bccc90e800 JavaThread "Unconstrained build operations Thread 17" [_thread_blocked, id=6328, stack(0x0000001cc0300000,0x0000001cc0400000)]
  0x000001bccc90f000 JavaThread "Unconstrained build operations Thread 18" [_thread_blocked, id=4976, stack(0x0000001cc0400000,0x0000001cc0500000)]
  0x000001bccc910000 JavaThread "Unconstrained build operations Thread 19" [_thread_blocked, id=1556, stack(0x0000001cc0500000,0x0000001cc0600000)]
  0x000001bccc90a800 JavaThread "Unconstrained build operations Thread 20" [_thread_blocked, id=6644, stack(0x0000001cc0600000,0x0000001cc0700000)]
  0x000001bccb521000 JavaThread "build event listener" [_thread_blocked, id=4512, stack(0x0000001cc0700000,0x0000001cc0800000)]
  0x000001bccb51c800 JavaThread "Execution worker for ':'" [_thread_blocked, id=8168, stack(0x0000001cc0800000,0x0000001cc0900000)]
  0x000001bcd09fc000 JavaThread "Cache worker for execution history cache (E:\TECCampusPortal\.gradle\7.3.3\executionHistory)" [_thread_blocked, id=7956, stack(0x0000001cc0900000,0x0000001cc0a00000)]
  0x000001bcd09fc800 JavaThread "WorkerExecutor Queue" [_thread_blocked, id=4620, stack(0x0000001cc0a00000,0x0000001cc0b00000)]
  0x000001bcd09fd800 JavaThread "WorkerExecutor Queue Thread 2" [_thread_blocked, id=1528, stack(0x0000001cc0c00000,0x0000001cc0d00000)]
  0x000001bcd5304800 JavaThread "Cache worker for Java compile cache (C:\Users\VIGNESH G\.gradle\caches\7.3.3\javaCompile)" [_thread_blocked, id=1204, stack(0x0000001cbe100000,0x0000001cbe200000)]
  0x000001bcd530b000 JavaThread "Build operations" [_thread_blocked, id=4128, stack(0x0000001cc0b00000,0x0000001cc0c00000)]
  0x000001bcd5309000 JavaThread "Build operations Thread 2" [_thread_blocked, id=6776, stack(0x0000001cc1000000,0x0000001cc1100000)]

Other Threads:
  0x000001bcafb3e800 VMThread "VM Thread" [stack: 0x0000001cbcf00000,0x0000001cbd000000] [id=2072]
  0x000001bcc9bef000 WatcherThread [stack: 0x0000001cbd900000,0x0000001cbda00000] [id=6492]
  0x000001bcafa86000 GCTaskThread "GC Thread#0" [stack: 0x0000001cbca00000,0x0000001cbcb00000] [id=7256]
  0x000001bcc9dad000 GCTaskThread "GC Thread#1" [stack: 0x0000001cbda00000,0x0000001cbdb00000] [id=6980]
  0x000001bcafab5800 ConcurrentGCThread "G1 Main Marker" [stack: 0x0000001cbcb00000,0x0000001cbcc00000] [id=1200]
  0x000001bcafaba000 ConcurrentGCThread "G1 Conc#0" [stack: 0x0000001cbcc00000,0x0000001cbcd00000] [id=7428]
  0x000001bcafaf7800 ConcurrentGCThread "G1 Refine#0" [stack: 0x0000001cbcd00000,0x0000001cbce00000] [id=5848]
  0x000001bcafaf8800 ConcurrentGCThread "G1 Young RemSet Sampling" [stack: 0x0000001cbce00000,0x0000001cbcf00000] [id=4812]

Threads with active compile tasks:
C2 CompilerThread03034426 21698       4       org.gradle.internal.fingerprint.impl.RelativePathFingerprintingStrategy$$Lambda$1140/0x0000000100e07040::visitEntry (18 bytes)

VM state:not at safepoint (normal execution)

VM Mutex/Monitor currently owned by a thread: None

Heap address: 0x0000000080000000, size: 2048 MB, Compressed Oops mode: 32-bit
Narrow klass base: 0x0000000000000000, Narrow klass shift: 3
Compressed class space size: 1073741824 Address: 0x0000000100000000

Heap:
 garbage-first heap   total 312320K, used 201798K [0x0000000080000000, 0x0000000100000000)
  region size 1024K, 32 young (32768K), 3 survivors (3072K)
 Metaspace       used 131752K, capacity 135318K, committed 135552K, reserved 1167360K
  class space    used 16255K, capacity 17497K, committed 17536K, reserved 1048576K
Heap Regions: E=young(eden), S=young(survivor), O=old, HS=humongous(starts), HC=humongous(continues), CS=collection set, F=free, A=archive, TAMS=top-at-mark-start (previous, next)
|   0|0x0000000080000000, 0x0000000080100000, 0x0000000080100000|100%| O|  |TAMS 0x0000000080100000, 0x0000000080000000| Untracked 
|   1|0x0000000080100000, 0x0000000080200000, 0x0000000080200000|100%| O|  |TAMS 0x0000000080200000, 0x0000000080100000| Untracked 
|   2|0x0000000080200000, 0x0000000080300000, 0x0000000080300000|100%| O|  |TAMS 0x0000000080300000, 0x0000000080200000| Untracked 
|   3|0x0000000080300000, 0x0000000080400000, 0x0000000080400000|100%| O|  |TAMS 0x0000000080400000, 0x0000000080300000| Untracked 
|   4|0x0000000080400000, 0x0000000080500000, 0x0000000080500000|100%|HS|  |TAMS 0x0000000080500000, 0x0000000080400000| Complete 
|   5|0x0000000080500000, 0x0000000080600000, 0x0000000080600000|100%|HC|  |TAMS 0x0000000080600000, 0x0000000080500000| Complete 
|   6|0x0000000080600000, 0x0000000080700000, 0x0000000080700000|100%|HC|  |TAMS 0x0000000080700000, 0x0000000080600000| Complete 
|   7|0x0000000080700000, 0x0000000080800000, 0x0000000080800000|100%| O|  |TAMS 0x0000000080800000, 0x0000000080700000| Untracked 
|   8|0x0000000080800000, 0x0000000080900000, 0x0000000080900000|100%| O|  |TAMS 0x0000000080900000, 0x0000000080800000| Untracked 
|   9|0x0000000080900000, 0x0000000080a00000, 0x0000000080a00000|100%| O|  |TAMS 0x0000000080a00000, 0x0000000080900000| Untracked 
|  10|0x0000000080a00000, 0x0000000080b00000, 0x0000000080b00000|100%| O|  |TAMS 0x0000000080b00000, 0x0000000080a00000| Untracked 
|  11|0x0000000080b00000, 0x0000000080c00000, 0x0000000080c00000|100%| O|  |TAMS 0x0000000080c00000, 0x0000000080b00000| Untracked 
|  12|0x0000000080c00000, 0x0000000080d00000, 0x0000000080d00000|100%| O|  |TAMS 0x0000000080d00000, 0x0000000080c00000| Untracked 
|  13|0x0000000080d00000, 0x0000000080e00000, 0x0000000080e00000|100%| O|  |TAMS 0x0000000080e00000, 0x0000000080d00000| Untracked 
|  14|0x0000000080e00000, 0x0000000080f00000, 0x0000000080f00000|100%| O|  |TAMS 0x0000000080f00000, 0x0000000080e00000| Untracked 
|  15|0x0000000080f00000, 0x0000000081000000, 0x0000000081000000|100%| O|  |TAMS 0x0000000081000000, 0x0000000080f00000| Untracked 
|  16|0x0000000081000000, 0x0000000081100000, 0x0000000081100000|100%| O|  |TAMS 0x0000000081100000, 0x0000000081000000| Untracked 
|  17|0x0000000081100000, 0x0000000081200000, 0x0000000081200000|100%|HS|  |TAMS 0x0000000081200000, 0x0000000081100000| Complete 
|  18|0x0000000081200000, 0x0000000081300000, 0x0000000081300000|100%|HC|  |TAMS 0x0000000081300000, 0x0000000081200000| Complete 
|  19|0x0000000081300000, 0x0000000081400000, 0x0000000081400000|100%|HS|  |TAMS 0x0000000081400000, 0x0000000081300000| Complete 
|  20|0x0000000081400000, 0x0000000081500000, 0x0000000081500000|100%|HC|  |TAMS 0x0000000081500000, 0x0000000081400000| Complete 
|  21|0x0000000081500000, 0x0000000081600000, 0x0000000081600000|100%|HC|  |TAMS 0x0000000081600000, 0x0000000081500000| Complete 
|  22|0x0000000081600000, 0x0000000081700000, 0x0000000081700000|100%|HS|  |TAMS 0x0000000081700000, 0x0000000081600000| Complete 
|  23|0x0000000081700000, 0x0000000081800000, 0x0000000081800000|100%|HS|  |TAMS 0x0000000081800000, 0x0000000081700000| Complete 
|  24|0x0000000081800000, 0x0000000081900000, 0x0000000081900000|100%|HC|  |TAMS 0x0000000081900000, 0x0000000081800000| Complete 
|  25|0x0000000081900000, 0x0000000081a00000, 0x0000000081a00000|100%|HC|  |TAMS 0x0000000081a00000, 0x0000000081900000| Complete 
|  26|0x0000000081a00000, 0x0000000081b00000, 0x0000000081b00000|100%|HC|  |TAMS 0x0000000081b00000, 0x0000000081a00000| Complete 
|  27|0x0000000081b00000, 0x0000000081c00000, 0x0000000081c00000|100%| O|  |TAMS 0x0000000081c00000, 0x0000000081b00000| Untracked 
|  28|0x0000000081c00000, 0x0000000081d00000, 0x0000000081d00000|100%| O|  |TAMS 0x0000000081d00000, 0x0000000081c00000| Untracked 
|  29|0x0000000081d00000, 0x0000000081e00000, 0x0000000081e00000|100%| O|  |TAMS 0x0000000081e00000, 0x0000000081d00000| Untracked 
|  30|0x0000000081e00000, 0x0000000081f00000, 0x0000000081f00000|100%| O|  |TAMS 0x0000000081e00000, 0x0000000081e00000| Untracked 
|  31|0x0000000081f00000, 0x0000000082000000, 0x0000000082000000|100%| O|  |TAMS 0x0000000082000000, 0x0000000081f00000| Untracked 
|  32|0x0000000082000000, 0x0000000082100000, 0x0000000082100000|100%| O|  |TAMS 0x0000000082100000, 0x0000000082000000| Untracked 
|  33|0x0000000082100000, 0x0000000082200000, 0x0000000082200000|100%| O|  |TAMS 0x0000000082200000, 0x0000000082100000| Untracked 
|  34|0x0000000082200000, 0x0000000082300000, 0x0000000082300000|100%| O|  |TAMS 0x0000000082300000, 0x0000000082200000| Untracked 
|  35|0x0000000082300000, 0x0000000082400000, 0x0000000082400000|100%| O|  |TAMS 0x0000000082400000, 0x0000000082300000| Untracked 
|  36|0x0000000082400000, 0x0000000082500000, 0x0000000082500000|100%| O|  |TAMS 0x0000000082500000, 0x0000000082400000| Untracked 
|  37|0x0000000082500000, 0x0000000082600000, 0x0000000082600000|100%| O|  |TAMS 0x0000000082600000, 0x0000000082500000| Untracked 
|  38|0x0000000082600000, 0x0000000082700000, 0x0000000082700000|100%| O|  |TAMS 0x0000000082700000, 0x0000000082600000| Untracked 
|  39|0x0000000082700000, 0x0000000082800000, 0x0000000082800000|100%| O|  |TAMS 0x0000000082800000, 0x0000000082700000| Untracked 
|  40|0x0000000082800000, 0x0000000082900000, 0x0000000082900000|100%|HS|  |TAMS 0x0000000082900000, 0x0000000082800000| Complete 
|  41|0x0000000082900000, 0x0000000082a00000, 0x0000000082a00000|100%| O|  |TAMS 0x0000000082a00000, 0x0000000082900000| Untracked 
|  42|0x0000000082a00000, 0x0000000082b00000, 0x0000000082b00000|100%| O|  |TAMS 0x0000000082b00000, 0x0000000082a00000| Untracked 
|  43|0x0000000082b00000, 0x0000000082c00000, 0x0000000082c00000|100%|HS|  |TAMS 0x0000000082c00000, 0x0000000082b00000| Complete 
|  44|0x0000000082c00000, 0x0000000082d00000, 0x0000000082d00000|100%|HC|  |TAMS 0x0000000082d00000, 0x0000000082c00000| Complete 
|  45|0x0000000082d00000, 0x0000000082e00000, 0x0000000082e00000|100%|HC|  |TAMS 0x0000000082e00000, 0x0000000082d00000| Complete 
|  46|0x0000000082e00000, 0x0000000082f00000, 0x0000000082f00000|100%| O|  |TAMS 0x0000000082f00000, 0x0000000082e00000| Untracked 
|  47|0x0000000082f00000, 0x0000000083000000, 0x0000000083000000|100%| O|  |TAMS 0x0000000082f00000, 0x0000000082f00000| Untracked 
|  48|0x0000000083000000, 0x0000000083100000, 0x0000000083100000|100%| O|  |TAMS 0x0000000083100000, 0x0000000083000000| Untracked 
|  49|0x0000000083100000, 0x0000000083200000, 0x0000000083200000|100%| O|  |TAMS 0x0000000083100000, 0x0000000083100000| Untracked 
|  50|0x0000000083200000, 0x0000000083300000, 0x0000000083300000|100%| O|  |TAMS 0x0000000083300000, 0x0000000083200000| Untracked 
|  51|0x0000000083300000, 0x0000000083400000, 0x0000000083400000|100%|HS|  |TAMS 0x0000000083400000, 0x0000000083300000| Complete 
|  52|0x0000000083400000, 0x0000000083500000, 0x0000000083500000|100%|HC|  |TAMS 0x0000000083500000, 0x0000000083400000| Complete 
|  53|0x0000000083500000, 0x0000000083600000, 0x0000000083600000|100%|HC|  |TAMS 0x0000000083600000, 0x0000000083500000| Complete 
|  54|0x0000000083600000, 0x0000000083700000, 0x0000000083700000|100%|HC|  |TAMS 0x0000000083700000, 0x0000000083600000| Complete 
|  55|0x0000000083700000, 0x0000000083800000, 0x0000000083800000|100%| O|  |TAMS 0x0000000083800000, 0x0000000083700000| Untracked 
|  56|0x0000000083800000, 0x0000000083900000, 0x0000000083900000|100%| O|  |TAMS 0x0000000083900000, 0x0000000083800000| Untracked 
|  57|0x0000000083900000, 0x0000000083a00000, 0x0000000083a00000|100%| O|  |TAMS 0x0000000083a00000, 0x0000000083900000| Untracked 
|  58|0x0000000083a00000, 0x0000000083b00000, 0x0000000083b00000|100%|HS|  |TAMS 0x0000000083b00000, 0x0000000083a00000| Complete 
|  59|0x0000000083b00000, 0x0000000083c00000, 0x0000000083c00000|100%|HS|  |TAMS 0x0000000083c00000, 0x0000000083b00000| Complete 
|  60|0x0000000083c00000, 0x0000000083d00000, 0x0000000083d00000|100%| O|  |TAMS 0x0000000083c00000, 0x0000000083c00000| Untracked 
|  61|0x0000000083d00000, 0x0000000083e00000, 0x0000000083e00000|100%| O|  |TAMS 0x0000000083e00000, 0x0000000083d00000| Untracked 
|  62|0x0000000083e00000, 0x0000000083f00000, 0x0000000083f00000|100%| O|  |TAMS 0x0000000083f00000, 0x0000000083e00000| Untracked 
|  63|0x0000000083f00000, 0x0000000084000000, 0x0000000084000000|100%|HS|  |TAMS 0x0000000084000000, 0x0000000083f00000| Complete 
|  64|0x0000000084000000, 0x0000000084100000, 0x0000000084100000|100%|HC|  |TAMS 0x0000000084100000, 0x0000000084000000| Complete 
|  65|0x0000000084100000, 0x0000000084200000, 0x0000000084200000|100%| O|  |TAMS 0x0000000084200000, 0x0000000084100000| Untracked 
|  66|0x0000000084200000, 0x0000000084300000, 0x0000000084300000|100%| O|  |TAMS 0x0000000084300000, 0x0000000084200000| Untracked 
|  67|0x0000000084300000, 0x0000000084400000, 0x0000000084400000|100%| O|  |TAMS 0x0000000084400000, 0x0000000084300000| Untracked 
|  68|0x0000000084400000, 0x0000000084500000, 0x0000000084500000|100%| O|  |TAMS 0x0000000084500000, 0x0000000084400000| Untracked 
|  69|0x0000000084500000, 0x0000000084600000, 0x0000000084600000|100%| O|  |TAMS 0x0000000084600000, 0x0000000084500000| Untracked 
|  70|0x0000000084600000, 0x0000000084700000, 0x0000000084700000|100%| O|  |TAMS 0x0000000084700000, 0x0000000084600000| Untracked 
|  71|0x0000000084700000, 0x0000000084800000, 0x0000000084800000|100%| O|  |TAMS 0x0000000084700000, 0x0000000084700000| Untracked 
|  72|0x0000000084800000, 0x0000000084900000, 0x0000000084900000|100%| O|  |TAMS 0x0000000084800000, 0x0000000084800000| Untracked 
|  73|0x0000000084900000, 0x0000000084a00000, 0x0000000084a00000|100%| O|  |TAMS 0x0000000084a00000, 0x0000000084900000| Untracked 
|  74|0x0000000084a00000, 0x0000000084b00000, 0x0000000084b00000|100%| O|  |TAMS 0x0000000084a00000, 0x0000000084a00000| Untracked 
|  75|0x0000000084b00000, 0x0000000084c00000, 0x0000000084c00000|100%| O|  |TAMS 0x0000000084b00000, 0x0000000084b00000| Untracked 
|  76|0x0000000084c00000, 0x0000000084d00000, 0x0000000084d00000|100%| O|  |TAMS 0x0000000084c00000, 0x0000000084c00000| Untracked 
|  77|0x0000000084d00000, 0x0000000084e00000, 0x0000000084e00000|100%| O|  |TAMS 0x0000000084e00000, 0x0000000084d00000| Untracked 
|  78|0x0000000084e00000, 0x0000000084f00000, 0x0000000084f00000|100%| O|  |TAMS 0x0000000084e00000, 0x0000000084e00000| Untracked 
|  79|0x0000000084f00000, 0x0000000085000000, 0x0000000085000000|100%| O|  |TAMS 0x0000000084f00000, 0x0000000084f00000| Untracked 
|  80|0x0000000085000000, 0x0000000085100000, 0x0000000085100000|100%| O|  |TAMS 0x0000000085100000, 0x0000000085000000| Untracked 
|  81|0x0000000085100000, 0x0000000085200000, 0x0000000085200000|100%| O|  |TAMS 0x0000000085200000, 0x0000000085100000| Untracked 
|  82|0x0000000085200000, 0x0000000085300000, 0x0000000085300000|100%| O|  |TAMS 0x0000000085300000, 0x0000000085200000| Untracked 
|  83|0x0000000085300000, 0x0000000085400000, 0x0000000085400000|100%| O|  |TAMS 0x0000000085400000, 0x0000000085300000| Untracked 
|  84|0x0000000085400000, 0x0000000085500000, 0x0000000085500000|100%| O|  |TAMS 0x0000000085400000, 0x0000000085400000| Untracked 
|  85|0x0000000085500000, 0x0000000085600000, 0x0000000085600000|100%| O|  |TAMS 0x0000000085600000, 0x0000000085500000| Untracked 
|  86|0x0000000085600000, 0x0000000085700000, 0x0000000085700000|100%| O|  |TAMS 0x0000000085700000, 0x0000000085600000| Untracked 
|  87|0x0000000085700000, 0x0000000085800000, 0x0000000085800000|100%| O|  |TAMS 0x0000000085800000, 0x0000000085700000| Untracked 
|  88|0x0000000085800000, 0x0000000085900000, 0x0000000085900000|100%|HS|  |TAMS 0x0000000085900000, 0x0000000085800000| Complete 
|  89|0x0000000085900000, 0x0000000085a00000, 0x0000000085a00000|100%|HC|  |TAMS 0x0000000085a00000, 0x0000000085900000| Complete 
|  90|0x0000000085a00000, 0x0000000085b00000, 0x0000000085b00000|100%| O|  |TAMS 0x0000000085a00000, 0x0000000085a00000| Untracked 
|  91|0x0000000085b00000, 0x0000000085c00000, 0x0000000085c00000|100%|HS|  |TAMS 0x0000000085c00000, 0x0000000085b00000| Complete 
|  92|0x0000000085c00000, 0x0000000085d00000, 0x0000000085d00000|100%|HC|  |TAMS 0x0000000085d00000, 0x0000000085c00000| Complete 
|  93|0x0000000085d00000, 0x0000000085e00000, 0x0000000085e00000|100%|HC|  |TAMS 0x0000000085e00000, 0x0000000085d00000| Complete 
|  94|0x0000000085e00000, 0x0000000085f00000, 0x0000000085f00000|100%|HS|  |TAMS 0x0000000085f00000, 0x0000000085e00000| Complete 
|  95|0x0000000085f00000, 0x0000000086000000, 0x0000000086000000|100%|HS|  |TAMS 0x0000000086000000, 0x0000000085f00000| Complete 
|  96|0x0000000086000000, 0x0000000086100000, 0x0000000086100000|100%|HC|  |TAMS 0x0000000086100000, 0x0000000086000000| Complete 
|  97|0x0000000086100000, 0x0000000086200000, 0x0000000086200000|100%|HC|  |TAMS 0x0000000086200000, 0x0000000086100000| Complete 
|  98|0x0000000086200000, 0x0000000086300000, 0x0000000086300000|100%|HC|  |TAMS 0x0000000086300000, 0x0000000086200000| Complete 
|  99|0x0000000086300000, 0x0000000086400000, 0x0000000086400000|100%| O|  |TAMS 0x0000000086400000, 0x0000000086300000| Untracked 
| 100|0x0000000086400000, 0x0000000086500000, 0x0000000086500000|100%| O|  |TAMS 0x0000000086500000, 0x0000000086400000| Untracked 
| 101|0x0000000086500000, 0x0000000086600000, 0x0000000086600000|100%| O|  |TAMS 0x0000000086600000, 0x0000000086500000| Untracked 
| 102|0x0000000086600000, 0x0000000086700000, 0x0000000086700000|100%| O|  |TAMS 0x0000000086700000, 0x0000000086600000| Untracked 
| 103|0x0000000086700000, 0x0000000086800000, 0x0000000086800000|100%| O|  |TAMS 0x0000000086800000, 0x0000000086700000| Untracked 
| 104|0x0000000086800000, 0x0000000086900000, 0x0000000086900000|100%| O|  |TAMS 0x0000000086900000, 0x0000000086800000| Untracked 
| 105|0x0000000086900000, 0x0000000086a00000, 0x0000000086a00000|100%| O|  |TAMS 0x0000000086900000, 0x0000000086900000| Untracked 
| 106|0x0000000086a00000, 0x0000000086b00000, 0x0000000086b00000|100%| O|  |TAMS 0x0000000086b00000, 0x0000000086a00000| Untracked 
| 107|0x0000000086b00000, 0x0000000086c00000, 0x0000000086c00000|100%| O|  |TAMS 0x0000000086c00000, 0x0000000086b00000| Untracked 
| 108|0x0000000086c00000, 0x0000000086d00000, 0x0000000086d00000|100%| O|  |TAMS 0x0000000086d00000, 0x0000000086c00000| Untracked 
| 109|0x0000000086d00000, 0x0000000086e00000, 0x0000000086e00000|100%| O|  |TAMS 0x0000000086e00000, 0x0000000086d00000| Untracked 
| 110|0x0000000086e00000, 0x0000000086f00000, 0x0000000086f00000|100%| O|  |TAMS 0x0000000086e00000, 0x0000000086e00000| Untracked 
| 111|0x0000000086f00000, 0x0000000087000000, 0x0000000087000000|100%| O|  |TAMS 0x0000000086f00000, 0x0000000086f00000| Untracked 
| 112|0x0000000087000000, 0x0000000087100000, 0x0000000087100000|100%| O|  |TAMS 0x0000000087100000, 0x0000000087000000| Untracked 
| 113|0x0000000087100000, 0x0000000087200000, 0x0000000087200000|100%| O|  |TAMS 0x0000000087100000, 0x0000000087100000| Untracked 
| 114|0x0000000087200000, 0x0000000087300000, 0x0000000087300000|100%| O|  |TAMS 0x0000000087300000, 0x0000000087200000| Untracked 
| 115|0x0000000087300000, 0x0000000087400000, 0x0000000087400000|100%| O|  |TAMS 0x0000000087400000, 0x0000000087300000| Untracked 
| 116|0x0000000087400000, 0x0000000087500000, 0x0000000087500000|100%| O|  |TAMS 0x0000000087500000, 0x0000000087400000| Untracked 
| 117|0x0000000087500000, 0x0000000087600000, 0x0000000087600000|100%| O|  |TAMS 0x0000000087600000, 0x0000000087500000| Untracked 
| 118|0x0000000087600000, 0x0000000087700000, 0x0000000087700000|100%| O|  |TAMS 0x0000000087700000, 0x0000000087600000| Untracked 
| 119|0x0000000087700000, 0x0000000087800000, 0x0000000087800000|100%| O|  |TAMS 0x0000000087800000, 0x0000000087700000| Untracked 
| 120|0x0000000087800000, 0x0000000087900000, 0x0000000087900000|100%| O|  |TAMS 0x0000000087800000, 0x0000000087800000| Untracked 
| 121|0x0000000087900000, 0x0000000087a00000, 0x0000000087a00000|100%| O|  |TAMS 0x0000000087900000, 0x0000000087900000| Untracked 
| 122|0x0000000087a00000, 0x0000000087b00000, 0x0000000087b00000|100%| O|  |TAMS 0x0000000087a00000, 0x0000000087a00000| Untracked 
| 123|0x0000000087b00000, 0x0000000087c00000, 0x0000000087c00000|100%| O|  |TAMS 0x0000000087b00000, 0x0000000087b00000| Untracked 
| 124|0x0000000087c00000, 0x0000000087c11a00, 0x0000000087d00000|  6%| O|  |TAMS 0x0000000087c00000, 0x0000000087c00000| Untracked 
| 125|0x0000000087d00000, 0x0000000087e00000, 0x0000000087e00000|100%| O|  |TAMS 0x0000000087e00000, 0x0000000087d00000| Untracked 
| 126|0x0000000087e00000, 0x0000000087f00000, 0x0000000087f00000|100%| O|  |TAMS 0x0000000087f00000, 0x0000000087e00000| Untracked 
| 127|0x0000000087f00000, 0x0000000088000000, 0x0000000088000000|100%| O|  |TAMS 0x0000000088000000, 0x0000000087f00000| Untracked 
| 128|0x0000000088000000, 0x0000000088100000, 0x0000000088100000|100%| O|  |TAMS 0x0000000088100000, 0x0000000088000000| Untracked 
| 129|0x0000000088100000, 0x0000000088200000, 0x0000000088200000|100%| O|  |TAMS 0x0000000088200000, 0x0000000088100000| Untracked 
| 130|0x0000000088200000, 0x0000000088300000, 0x0000000088300000|100%| O|  |TAMS 0x0000000088300000, 0x0000000088200000| Untracked 
| 131|0x0000000088300000, 0x0000000088400000, 0x0000000088400000|100%| O|  |TAMS 0x0000000088300000, 0x0000000088300000| Untracked 
| 132|0x0000000088400000, 0x0000000088500000, 0x0000000088500000|100%| O|  |TAMS 0x0000000088400000, 0x0000000088400000| Untracked 
| 133|0x0000000088500000, 0x0000000088500000, 0x0000000088600000|  0%| F|  |TAMS 0x0000000088500000, 0x0000000088500000| Untracked 
| 134|0x0000000088600000, 0x0000000088600000, 0x0000000088700000|  0%| F|  |TAMS 0x0000000088600000, 0x0000000088600000| Untracked 
| 135|0x0000000088700000, 0x0000000088800000, 0x0000000088800000|100%| O|  |TAMS 0x0000000088700000, 0x0000000088700000| Untracked 
| 136|0x0000000088800000, 0x0000000088900000, 0x0000000088900000|100%| O|  |TAMS 0x0000000088800000, 0x0000000088800000| Untracked 
| 137|0x0000000088900000, 0x0000000088a00000, 0x0000000088a00000|100%| O|  |TAMS 0x0000000088900000, 0x0000000088900000| Untracked 
| 138|0x0000000088a00000, 0x0000000088b00000, 0x0000000088b00000|100%| O|  |TAMS 0x0000000088a00000, 0x0000000088a00000| Untracked 
| 139|0x0000000088b00000, 0x0000000088b00000, 0x0000000088c00000|  0%| F|  |TAMS 0x0000000088b00000, 0x0000000088b00000| Untracked 
| 140|0x0000000088c00000, 0x0000000088c00000, 0x0000000088d00000|  0%| F|  |TAMS 0x0000000088c00000, 0x0000000088c00000| Untracked 
| 141|0x0000000088d00000, 0x0000000088d00000, 0x0000000088e00000|  0%| F|  |TAMS 0x0000000088d00000, 0x0000000088d00000| Untracked 
| 142|0x0000000088e00000, 0x0000000088e00000, 0x0000000088f00000|  0%| F|  |TAMS 0x0000000088e00000, 0x0000000088e00000| Untracked 
| 143|0x0000000088f00000, 0x0000000088f00000, 0x0000000089000000|  0%| F|  |TAMS 0x0000000088f00000, 0x0000000088f00000| Untracked 
| 144|0x0000000089000000, 0x0000000089100000, 0x0000000089100000|100%| O|  |TAMS 0x0000000089000000, 0x0000000089000000| Untracked 
| 145|0x0000000089100000, 0x0000000089100000, 0x0000000089200000|  0%| F|  |TAMS 0x0000000089100000, 0x0000000089100000| Untracked 
| 146|0x0000000089200000, 0x0000000089200000, 0x0000000089300000|  0%| F|  |TAMS 0x0000000089200000, 0x0000000089200000| Untracked 
| 147|0x0000000089300000, 0x0000000089300000, 0x0000000089400000|  0%| F|  |TAMS 0x0000000089300000, 0x0000000089300000| Untracked 
| 148|0x0000000089400000, 0x0000000089400000, 0x0000000089500000|  0%| F|  |TAMS 0x0000000089400000, 0x0000000089400000| Untracked 
| 149|0x0000000089500000, 0x0000000089500000, 0x0000000089600000|  0%| F|  |TAMS 0x0000000089500000, 0x0000000089500000| Untracked 
| 150|0x0000000089600000, 0x0000000089600000, 0x0000000089700000|  0%| F|  |TAMS 0x0000000089600000, 0x0000000089600000| Untracked 
| 151|0x0000000089700000, 0x0000000089700000, 0x0000000089800000|  0%| F|  |TAMS 0x0000000089700000, 0x0000000089700000| Untracked 
| 152|0x0000000089800000, 0x0000000089900000, 0x0000000089900000|100%| O|  |TAMS 0x0000000089900000, 0x0000000089800000| Untracked 
| 153|0x0000000089900000, 0x0000000089a00000, 0x0000000089a00000|100%| O|  |TAMS 0x0000000089a00000, 0x0000000089900000| Untracked 
| 154|0x0000000089a00000, 0x0000000089b00000, 0x0000000089b00000|100%| O|  |TAMS 0x0000000089b00000, 0x0000000089a00000| Untracked 
| 155|0x0000000089b00000, 0x0000000089c00000, 0x0000000089c00000|100%| O|  |TAMS 0x0000000089c00000, 0x0000000089b00000| Untracked 
| 156|0x0000000089c00000, 0x0000000089d00000, 0x0000000089d00000|100%| O|  |TAMS 0x0000000089d00000, 0x0000000089c00000| Untracked 
| 157|0x0000000089d00000, 0x0000000089d00000, 0x0000000089e00000|  0%| F|  |TAMS 0x0000000089d00000, 0x0000000089d00000| Untracked 
| 158|0x0000000089e00000, 0x0000000089f00000, 0x0000000089f00000|100%| O|  |TAMS 0x0000000089f00000, 0x0000000089e00000| Untracked 
| 159|0x0000000089f00000, 0x000000008a000000, 0x000000008a000000|100%| O|  |TAMS 0x000000008a000000, 0x0000000089f00000| Untracked 
| 160|0x000000008a000000, 0x000000008a000000, 0x000000008a100000|  0%| F|  |TAMS 0x000000008a000000, 0x000000008a000000| Untracked 
| 161|0x000000008a100000, 0x000000008a200000, 0x000000008a200000|100%| O|  |TAMS 0x000000008a200000, 0x000000008a100000| Untracked 
| 162|0x000000008a200000, 0x000000008a300000, 0x000000008a300000|100%| O|  |TAMS 0x000000008a300000, 0x000000008a200000| Untracked 
| 163|0x000000008a300000, 0x000000008a400000, 0x000000008a400000|100%| O|  |TAMS 0x000000008a400000, 0x000000008a300000| Untracked 
| 164|0x000000008a400000, 0x000000008a500000, 0x000000008a500000|100%| O|  |TAMS 0x000000008a500000, 0x000000008a400000| Untracked 
| 165|0x000000008a500000, 0x000000008a600000, 0x000000008a600000|100%| O|  |TAMS 0x000000008a600000, 0x000000008a500000| Untracked 
| 166|0x000000008a600000, 0x000000008a700000, 0x000000008a700000|100%| O|  |TAMS 0x000000008a700000, 0x000000008a600000| Untracked 
| 167|0x000000008a700000, 0x000000008a800000, 0x000000008a800000|100%| O|  |TAMS 0x000000008a800000, 0x000000008a700000| Untracked 
| 168|0x000000008a800000, 0x000000008a900000, 0x000000008a900000|100%| O|  |TAMS 0x000000008a900000, 0x000000008a800000| Untracked 
| 169|0x000000008a900000, 0x000000008aa00000, 0x000000008aa00000|100%| O|  |TAMS 0x000000008aa00000, 0x000000008a900000| Untracked 
| 170|0x000000008aa00000, 0x000000008ab00000, 0x000000008ab00000|100%| O|  |TAMS 0x000000008ab00000, 0x000000008aa00000| Untracked 
| 171|0x000000008ab00000, 0x000000008ab00000, 0x000000008ac00000|  0%| F|  |TAMS 0x000000008ab00000, 0x000000008ab00000| Untracked 
| 172|0x000000008ac00000, 0x000000008ac00000, 0x000000008ad00000|  0%| F|  |TAMS 0x000000008ac00000, 0x000000008ac00000| Untracked 
| 173|0x000000008ad00000, 0x000000008ae00000, 0x000000008ae00000|100%| O|  |TAMS 0x000000008ae00000, 0x000000008ad00000| Untracked 
| 174|0x000000008ae00000, 0x000000008ae00000, 0x000000008af00000|  0%| F|  |TAMS 0x000000008ae00000, 0x000000008ae00000| Untracked 
| 175|0x000000008af00000, 0x000000008b000000, 0x000000008b000000|100%| O|  |TAMS 0x000000008b000000, 0x000000008af00000| Untracked 
| 176|0x000000008b000000, 0x000000008b100000, 0x000000008b100000|100%| O|  |TAMS 0x000000008b000000, 0x000000008b000000| Untracked 
| 177|0x000000008b100000, 0x000000008b200000, 0x000000008b200000|100%| O|  |TAMS 0x000000008b200000, 0x000000008b100000| Untracked 
| 178|0x000000008b200000, 0x000000008b300000, 0x000000008b300000|100%| O|  |TAMS 0x000000008b300000, 0x000000008b200000| Untracked 
| 179|0x000000008b300000, 0x000000008b400000, 0x000000008b400000|100%| O|  |TAMS 0x000000008b400000, 0x000000008b300000| Untracked 
| 180|0x000000008b400000, 0x000000008b500000, 0x000000008b500000|100%| O|  |TAMS 0x000000008b500000, 0x000000008b400000| Untracked 
| 181|0x000000008b500000, 0x000000008b600000, 0x000000008b600000|100%| O|  |TAMS 0x000000008b600000, 0x000000008b500000| Untracked 
| 182|0x000000008b600000, 0x000000008b700000, 0x000000008b700000|100%| O|  |TAMS 0x000000008b614c00, 0x000000008b600000| Untracked 
| 183|0x000000008b700000, 0x000000008b800000, 0x000000008b800000|100%| O|  |TAMS 0x000000008b700000, 0x000000008b700000| Untracked 
| 184|0x000000008b800000, 0x000000008b800000, 0x000000008b900000|  0%| F|  |TAMS 0x000000008b800000, 0x000000008b800000| Untracked 
| 185|0x000000008b900000, 0x000000008b900000, 0x000000008ba00000|  0%| F|  |TAMS 0x000000008b900000, 0x000000008b900000| Untracked 
| 186|0x000000008ba00000, 0x000000008ba00000, 0x000000008bb00000|  0%| F|  |TAMS 0x000000008ba00000, 0x000000008ba00000| Untracked 
| 187|0x000000008bb00000, 0x000000008bb00000, 0x000000008bc00000|  0%| F|  |TAMS 0x000000008bb00000, 0x000000008bb00000| Untracked 
| 188|0x000000008bc00000, 0x000000008bc00000, 0x000000008bd00000|  0%| F|  |TAMS 0x000000008bc00000, 0x000000008bc00000| Untracked 
| 189|0x000000008bd00000, 0x000000008bd00000, 0x000000008be00000|  0%| F|  |TAMS 0x000000008bd00000, 0x000000008bd00000| Untracked 
| 190|0x000000008be00000, 0x000000008be00000, 0x000000008bf00000|  0%| F|  |TAMS 0x000000008be00000, 0x000000008be00000| Untracked 
| 191|0x000000008bf00000, 0x000000008bf00000, 0x000000008c000000|  0%| F|  |TAMS 0x000000008bf00000, 0x000000008bf00000| Untracked 
| 192|0x000000008c000000, 0x000000008c000000, 0x000000008c100000|  0%| F|  |TAMS 0x000000008c000000, 0x000000008c000000| Untracked 
| 193|0x000000008c100000, 0x000000008c100000, 0x000000008c200000|  0%| F|  |TAMS 0x000000008c100000, 0x000000008c100000| Untracked 
| 194|0x000000008c200000, 0x000000008c200000, 0x000000008c300000|  0%| F|  |TAMS 0x000000008c200000, 0x000000008c200000| Untracked 
| 195|0x000000008c300000, 0x000000008c300000, 0x000000008c400000|  0%| F|  |TAMS 0x000000008c300000, 0x000000008c300000| Untracked 
| 196|0x000000008c400000, 0x000000008c400000, 0x000000008c500000|  0%| F|  |TAMS 0x000000008c400000, 0x000000008c400000| Untracked 
| 197|0x000000008c500000, 0x000000008c500000, 0x000000008c600000|  0%| F|  |TAMS 0x000000008c500000, 0x000000008c500000| Untracked 
| 198|0x000000008c600000, 0x000000008c600000, 0x000000008c700000|  0%| F|  |TAMS 0x000000008c600000, 0x000000008c600000| Untracked 
| 199|0x000000008c700000, 0x000000008c700000, 0x000000008c800000|  0%| F|  |TAMS 0x000000008c700000, 0x000000008c700000| Untracked 
| 200|0x000000008c800000, 0x000000008c800000, 0x000000008c900000|  0%| F|  |TAMS 0x000000008c800000, 0x000000008c800000| Untracked 
| 201|0x000000008c900000, 0x000000008c900000, 0x000000008ca00000|  0%| F|  |TAMS 0x000000008c900000, 0x000000008c900000| Untracked 
| 202|0x000000008ca00000, 0x000000008ca00000, 0x000000008cb00000|  0%| F|  |TAMS 0x000000008ca00000, 0x000000008ca00000| Untracked 
| 203|0x000000008cb00000, 0x000000008cb00000, 0x000000008cc00000|  0%| F|  |TAMS 0x000000008cb00000, 0x000000008cb00000| Untracked 
| 204|0x000000008cc00000, 0x000000008cc00000, 0x000000008cd00000|  0%| F|  |TAMS 0x000000008cc00000, 0x000000008cc00000| Untracked 
| 205|0x000000008cd00000, 0x000000008ce00000, 0x000000008ce00000|100%| S|CS|TAMS 0x000000008cd00000, 0x000000008cd00000| Complete 
| 206|0x000000008ce00000, 0x000000008cf00000, 0x000000008cf00000|100%| S|CS|TAMS 0x000000008ce00000, 0x000000008ce00000| Complete 
| 207|0x000000008cf00000, 0x000000008d000000, 0x000000008d000000|100%| S|CS|TAMS 0x000000008cf00000, 0x000000008cf00000| Complete 
| 208|0x000000008d000000, 0x000000008d100000, 0x000000008d100000|100%| O|  |TAMS 0x000000008d000000, 0x000000008d000000| Untracked 
| 209|0x000000008d100000, 0x000000008d200000, 0x000000008d200000|100%| O|  |TAMS 0x000000008d100000, 0x000000008d100000| Untracked 
| 210|0x000000008d200000, 0x000000008d200000, 0x000000008d300000|  0%| F|  |TAMS 0x000000008d200000, 0x000000008d200000| Untracked 
| 211|0x000000008d300000, 0x000000008d300000, 0x000000008d400000|  0%| F|  |TAMS 0x000000008d300000, 0x000000008d300000| Untracked 
| 212|0x000000008d400000, 0x000000008d400000, 0x000000008d500000|  0%| F|  |TAMS 0x000000008d400000, 0x000000008d400000| Untracked 
| 213|0x000000008d500000, 0x000000008d500000, 0x000000008d600000|  0%| F|  |TAMS 0x000000008d500000, 0x000000008d500000| Untracked 
| 214|0x000000008d600000, 0x000000008d600000, 0x000000008d700000|  0%| F|  |TAMS 0x000000008d600000, 0x000000008d600000| Untracked 
| 215|0x000000008d700000, 0x000000008d700000, 0x000000008d800000|  0%| F|  |TAMS 0x000000008d700000, 0x000000008d700000| Untracked 
| 216|0x000000008d800000, 0x000000008d800000, 0x000000008d900000|  0%| F|  |TAMS 0x000000008d800000, 0x000000008d800000| Untracked 
| 217|0x000000008d900000, 0x000000008d900000, 0x000000008da00000|  0%| F|  |TAMS 0x000000008d900000, 0x000000008d900000| Untracked 
| 218|0x000000008da00000, 0x000000008da00000, 0x000000008db00000|  0%| F|  |TAMS 0x000000008da00000, 0x000000008da00000| Untracked 
| 219|0x000000008db00000, 0x000000008db00000, 0x000000008dc00000|  0%| F|  |TAMS 0x000000008db00000, 0x000000008db00000| Untracked 
| 220|0x000000008dc00000, 0x000000008dc00000, 0x000000008dd00000|  0%| F|  |TAMS 0x000000008dc00000, 0x000000008dc00000| Untracked 
| 221|0x000000008dd00000, 0x000000008dd00000, 0x000000008de00000|  0%| F|  |TAMS 0x000000008dd00000, 0x000000008dd00000| Untracked 
| 222|0x000000008de00000, 0x000000008de00000, 0x000000008df00000|  0%| F|  |TAMS 0x000000008de00000, 0x000000008de00000| Untracked 
| 223|0x000000008df00000, 0x000000008df00000, 0x000000008e000000|  0%| F|  |TAMS 0x000000008df00000, 0x000000008df00000| Untracked 
| 224|0x000000008e000000, 0x000000008e000000, 0x000000008e100000|  0%| F|  |TAMS 0x000000008e000000, 0x000000008e000000| Untracked 
| 225|0x000000008e100000, 0x000000008e100000, 0x000000008e200000|  0%| F|  |TAMS 0x000000008e100000, 0x000000008e100000| Untracked 
| 226|0x000000008e200000, 0x000000008e200000, 0x000000008e300000|  0%| F|  |TAMS 0x000000008e200000, 0x000000008e200000| Untracked 
| 227|0x000000008e300000, 0x000000008e300000, 0x000000008e400000|  0%| F|  |TAMS 0x000000008e300000, 0x000000008e300000| Untracked 
| 228|0x000000008e400000, 0x000000008e400000, 0x000000008e500000|  0%| F|  |TAMS 0x000000008e400000, 0x000000008e400000| Untracked 
| 229|0x000000008e500000, 0x000000008e500000, 0x000000008e600000|  0%| F|  |TAMS 0x000000008e500000, 0x000000008e500000| Untracked 
| 230|0x000000008e600000, 0x000000008e600000, 0x000000008e700000|  0%| F|  |TAMS 0x000000008e600000, 0x000000008e600000| Untracked 
| 231|0x000000008e700000, 0x000000008e700000, 0x000000008e800000|  0%| F|  |TAMS 0x000000008e700000, 0x000000008e700000| Untracked 
| 232|0x000000008e800000, 0x000000008e800000, 0x000000008e900000|  0%| F|  |TAMS 0x000000008e800000, 0x000000008e800000| Untracked 
| 233|0x000000008e900000, 0x000000008e900000, 0x000000008ea00000|  0%| F|  |TAMS 0x000000008e900000, 0x000000008e900000| Untracked 
| 234|0x000000008ea00000, 0x000000008ea00000, 0x000000008eb00000|  0%| F|  |TAMS 0x000000008ea00000, 0x000000008ea00000| Untracked 
| 235|0x000000008eb00000, 0x000000008eb00000, 0x000000008ec00000|  0%| F|  |TAMS 0x000000008eb00000, 0x000000008eb00000| Untracked 
| 236|0x000000008ec00000, 0x000000008ec00000, 0x000000008ed00000|  0%| F|  |TAMS 0x000000008ec00000, 0x000000008ec00000| Untracked 
| 237|0x000000008ed00000, 0x000000008ed00000, 0x000000008ee00000|  0%| F|  |TAMS 0x000000008ed00000, 0x000000008ed00000| Untracked 
| 238|0x000000008ee00000, 0x000000008ee00000, 0x000000008ef00000|  0%| F|  |TAMS 0x000000008ee00000, 0x000000008ee00000| Untracked 
| 239|0x000000008ef00000, 0x000000008ef00000, 0x000000008f000000|  0%| F|  |TAMS 0x000000008ef00000, 0x000000008ef00000| Untracked 
| 240|0x000000008f000000, 0x000000008f000000, 0x000000008f100000|  0%| F|  |TAMS 0x000000008f000000, 0x000000008f000000| Untracked 
| 241|0x000000008f100000, 0x000000008f100000, 0x000000008f200000|  0%| F|  |TAMS 0x000000008f100000, 0x000000008f100000| Untracked 
| 242|0x000000008f200000, 0x000000008f200000, 0x000000008f300000|  0%| F|  |TAMS 0x000000008f200000, 0x000000008f200000| Untracked 
| 243|0x000000008f300000, 0x000000008f300000, 0x000000008f400000|  0%| F|  |TAMS 0x000000008f300000, 0x000000008f300000| Untracked 
| 244|0x000000008f400000, 0x000000008f400000, 0x000000008f500000|  0%| F|  |TAMS 0x000000008f400000, 0x000000008f400000| Untracked 
| 245|0x000000008f500000, 0x000000008f500000, 0x000000008f600000|  0%| F|  |TAMS 0x000000008f500000, 0x000000008f500000| Untracked 
| 246|0x000000008f600000, 0x000000008f600000, 0x000000008f700000|  0%| F|  |TAMS 0x000000008f600000, 0x000000008f600000| Untracked 
| 247|0x000000008f700000, 0x000000008f700000, 0x000000008f800000|  0%| F|  |TAMS 0x000000008f700000, 0x000000008f700000| Untracked 
| 248|0x000000008f800000, 0x000000008f800000, 0x000000008f900000|  0%| F|  |TAMS 0x000000008f800000, 0x000000008f800000| Untracked 
| 249|0x000000008f900000, 0x000000008f900000, 0x000000008fa00000|  0%| F|  |TAMS 0x000000008f900000, 0x000000008f900000| Untracked 
| 250|0x000000008fa00000, 0x000000008fa00000, 0x000000008fb00000|  0%| F|  |TAMS 0x000000008fa00000, 0x000000008fa00000| Untracked 
| 251|0x000000008fb00000, 0x000000008fb00000, 0x000000008fc00000|  0%| F|  |TAMS 0x000000008fb00000, 0x000000008fb00000| Untracked 
| 252|0x000000008fc00000, 0x000000008fc00000, 0x000000008fd00000|  0%| F|  |TAMS 0x000000008fc00000, 0x000000008fc00000| Untracked 
| 253|0x000000008fd00000, 0x000000008fd00000, 0x000000008fe00000|  0%| F|  |TAMS 0x000000008fd00000, 0x000000008fd00000| Untracked 
| 254|0x000000008fe00000, 0x000000008fe00000, 0x000000008ff00000|  0%| F|  |TAMS 0x000000008fe00000, 0x000000008fe00000| Untracked 
| 255|0x000000008ff00000, 0x000000008ff00000, 0x0000000090000000|  0%| F|  |TAMS 0x000000008ff00000, 0x000000008ff00000| Untracked 
| 256|0x0000000090000000, 0x0000000090000000, 0x0000000090100000|  0%| F|  |TAMS 0x0000000090000000, 0x0000000090000000| Untracked 
| 257|0x0000000090100000, 0x0000000090100000, 0x0000000090200000|  0%| F|  |TAMS 0x0000000090100000, 0x0000000090100000| Untracked 
| 258|0x0000000090200000, 0x0000000090200000, 0x0000000090300000|  0%| F|  |TAMS 0x0000000090200000, 0x0000000090200000| Untracked 
| 259|0x0000000090300000, 0x0000000090300000, 0x0000000090400000|  0%| F|  |TAMS 0x0000000090300000, 0x0000000090300000| Untracked 
| 260|0x0000000090400000, 0x0000000090400000, 0x0000000090500000|  0%| F|  |TAMS 0x0000000090400000, 0x0000000090400000| Untracked 
| 261|0x0000000090500000, 0x0000000090500000, 0x0000000090600000|  0%| F|  |TAMS 0x0000000090500000, 0x0000000090500000| Untracked 
| 262|0x0000000090600000, 0x0000000090600000, 0x0000000090700000|  0%| F|  |TAMS 0x0000000090600000, 0x0000000090600000| Untracked 
| 263|0x0000000090700000, 0x0000000090700000, 0x0000000090800000|  0%| F|  |TAMS 0x0000000090700000, 0x0000000090700000| Untracked 
| 264|0x0000000090800000, 0x0000000090800000, 0x0000000090900000|  0%| F|  |TAMS 0x0000000090800000, 0x0000000090800000| Untracked 
| 265|0x0000000090900000, 0x0000000090900000, 0x0000000090a00000|  0%| F|  |TAMS 0x0000000090900000, 0x0000000090900000| Untracked 
| 266|0x0000000090a00000, 0x0000000090a00000, 0x0000000090b00000|  0%| F|  |TAMS 0x0000000090a00000, 0x0000000090a00000| Untracked 
| 267|0x0000000090b00000, 0x0000000090b00000, 0x0000000090c00000|  0%| F|  |TAMS 0x0000000090b00000, 0x0000000090b00000| Untracked 
| 268|0x0000000090c00000, 0x0000000090c00000, 0x0000000090d00000|  0%| F|  |TAMS 0x0000000090c00000, 0x0000000090c00000| Untracked 
| 269|0x0000000090d00000, 0x0000000090d00000, 0x0000000090e00000|  0%| F|  |TAMS 0x0000000090d00000, 0x0000000090d00000| Untracked 
| 270|0x0000000090e00000, 0x0000000090e00000, 0x0000000090f00000|  0%| F|  |TAMS 0x0000000090e00000, 0x0000000090e00000| Untracked 
| 271|0x0000000090f00000, 0x0000000090f00000, 0x0000000091000000|  0%| F|  |TAMS 0x0000000090f00000, 0x0000000090f00000| Untracked 
| 272|0x0000000091000000, 0x0000000091000000, 0x0000000091100000|  0%| F|  |TAMS 0x0000000091000000, 0x0000000091000000| Untracked 
| 273|0x0000000091100000, 0x0000000091100000, 0x0000000091200000|  0%| F|  |TAMS 0x0000000091100000, 0x0000000091100000| Untracked 
| 274|0x0000000091200000, 0x0000000091200000, 0x0000000091300000|  0%| F|  |TAMS 0x0000000091200000, 0x0000000091200000| Untracked 
| 275|0x0000000091300000, 0x0000000091300000, 0x0000000091400000|  0%| F|  |TAMS 0x0000000091300000, 0x0000000091300000| Untracked 
| 276|0x0000000091400000, 0x00000000914946a0, 0x0000000091500000| 57%| E|  |TAMS 0x0000000091400000, 0x0000000091400000| Complete 
| 277|0x0000000091500000, 0x0000000091600000, 0x0000000091600000|100%| E|CS|TAMS 0x0000000091500000, 0x0000000091500000| Complete 
| 278|0x0000000091600000, 0x0000000091700000, 0x0000000091700000|100%| E|CS|TAMS 0x0000000091600000, 0x0000000091600000| Complete 
| 279|0x0000000091700000, 0x0000000091800000, 0x0000000091800000|100%| E|CS|TAMS 0x0000000091700000, 0x0000000091700000| Complete 
| 280|0x0000000091800000, 0x0000000091900000, 0x0000000091900000|100%| E|CS|TAMS 0x0000000091800000, 0x0000000091800000| Complete 
| 281|0x0000000091900000, 0x0000000091a00000, 0x0000000091a00000|100%| E|CS|TAMS 0x0000000091900000, 0x0000000091900000| Complete 
| 282|0x0000000091a00000, 0x0000000091b00000, 0x0000000091b00000|100%| E|CS|TAMS 0x0000000091a00000, 0x0000000091a00000| Complete 
| 283|0x0000000091b00000, 0x0000000091c00000, 0x0000000091c00000|100%| E|CS|TAMS 0x0000000091b00000, 0x0000000091b00000| Complete 
| 284|0x0000000091c00000, 0x0000000091d00000, 0x0000000091d00000|100%| E|CS|TAMS 0x0000000091c00000, 0x0000000091c00000| Complete 
| 285|0x0000000091d00000, 0x0000000091e00000, 0x0000000091e00000|100%| E|CS|TAMS 0x0000000091d00000, 0x0000000091d00000| Complete 
| 286|0x0000000091e00000, 0x0000000091f00000, 0x0000000091f00000|100%| E|CS|TAMS 0x0000000091e00000, 0x0000000091e00000| Complete 
| 287|0x0000000091f00000, 0x0000000092000000, 0x0000000092000000|100%| E|CS|TAMS 0x0000000091f00000, 0x0000000091f00000| Complete 
| 288|0x0000000092000000, 0x0000000092100000, 0x0000000092100000|100%| E|CS|TAMS 0x0000000092000000, 0x0000000092000000| Complete 
| 289|0x0000000092100000, 0x0000000092200000, 0x0000000092200000|100%| E|CS|TAMS 0x0000000092100000, 0x0000000092100000| Complete 
| 290|0x0000000092200000, 0x0000000092300000, 0x0000000092300000|100%| E|CS|TAMS 0x0000000092200000, 0x0000000092200000| Complete 
| 291|0x0000000092300000, 0x0000000092400000, 0x0000000092400000|100%| E|CS|TAMS 0x0000000092300000, 0x0000000092300000| Complete 
| 292|0x0000000092400000, 0x0000000092500000, 0x0000000092500000|100%| E|CS|TAMS 0x0000000092400000, 0x0000000092400000| Complete 
| 293|0x0000000092500000, 0x0000000092600000, 0x0000000092600000|100%| E|CS|TAMS 0x0000000092500000, 0x0000000092500000| Complete 
| 294|0x0000000092600000, 0x0000000092700000, 0x0000000092700000|100%| E|CS|TAMS 0x0000000092600000, 0x0000000092600000| Complete 
| 295|0x0000000092700000, 0x0000000092800000, 0x0000000092800000|100%| E|CS|TAMS 0x0000000092700000, 0x0000000092700000| Complete 
| 296|0x0000000092800000, 0x0000000092900000, 0x0000000092900000|100%| E|CS|TAMS 0x0000000092800000, 0x0000000092800000| Complete 
| 297|0x0000000092900000, 0x0000000092a00000, 0x0000000092a00000|100%| E|CS|TAMS 0x0000000092900000, 0x0000000092900000| Complete 
| 298|0x0000000092a00000, 0x0000000092b00000, 0x0000000092b00000|100%| E|CS|TAMS 0x0000000092a00000, 0x0000000092a00000| Complete 
| 299|0x0000000092b00000, 0x0000000092c00000, 0x0000000092c00000|100%| E|CS|TAMS 0x0000000092b00000, 0x0000000092b00000| Complete 
| 300|0x0000000092c00000, 0x0000000092d00000, 0x0000000092d00000|100%| E|CS|TAMS 0x0000000092c00000, 0x0000000092c00000| Complete 
| 301|0x0000000092d00000, 0x0000000092e00000, 0x0000000092e00000|100%| E|CS|TAMS 0x0000000092d00000, 0x0000000092d00000| Complete 
| 302|0x0000000092e00000, 0x0000000092f00000, 0x0000000092f00000|100%| E|CS|TAMS 0x0000000092e00000, 0x0000000092e00000| Complete 
| 303|0x0000000092f00000, 0x0000000093000000, 0x0000000093000000|100%| E|CS|TAMS 0x0000000092f00000, 0x0000000092f00000| Complete 
| 304|0x0000000093000000, 0x0000000093100000, 0x0000000093100000|100%| E|CS|TAMS 0x0000000093000000, 0x0000000093000000| Complete 

Card table byte_map: [0x000001bcc2570000,0x000001bcc2970000] _byte_map_base: 0x000001bcc2170000

Marking Bits (Prev, Next): (CMBitMap*) 0x000001bcafaacaa8, (CMBitMap*) 0x000001bcafaacae0
 Prev Bits: [0x000001bcc2d70000, 0x000001bcc4d70000)
 Next Bits: [0x000001bcc4d70000, 0x000001bcc6d70000)

Polling page: 0x000001bcad860000

Metaspace:

Usage:
  Non-class:    115.06 MB capacity,   112.79 MB ( 98%) used,     1.88 MB (  2%) free+waste,   398.38 KB ( <1%) overhead. 
      Class:     17.09 MB capacity,    15.87 MB ( 93%) used,     1.04 MB (  6%) free+waste,   173.31 KB ( <1%) overhead. 
       Both:    132.15 MB capacity,   128.66 MB ( 97%) used,     2.92 MB (  2%) free+waste,   571.69 KB ( <1%) overhead. 

Virtual space:
  Non-class space:      116.00 MB reserved,     115.25 MB (>99%) committed 
      Class space:        1.00 GB reserved,      17.13 MB (  2%) committed 
             Both:        1.11 GB reserved,     132.38 MB ( 12%) committed 

Chunk freelists:
   Non-Class:  3.00 KB
       Class:  7.00 KB
        Both:  10.00 KB

MaxMetaspaceSize: 17179869184.00 GB
CompressedClassSpaceSize: 1.00 GB
Initial GC threshold: 20.80 MB
Current GC threshold: 192.71 MB
CDS: off

CodeHeap 'non-profiled nmethods': size=120064Kb used=15858Kb max_used=15858Kb free=104205Kb
 bounds [0x000001bcbb030000, 0x000001bcbbfb0000, 0x000001bcc2570000]
CodeHeap 'profiled nmethods': size=120000Kb used=41886Kb max_used=43850Kb free=78113Kb
 bounds [0x000001bcb3b00000, 0x000001bcb65e0000, 0x000001bcbb030000]
CodeHeap 'non-nmethods': size=5696Kb used=2494Kb max_used=2547Kb free=3201Kb
 bounds [0x000001bcb3570000, 0x000001bcb3800000, 0x000001bcb3b00000]
 total_blobs=20047 nmethods=19023 adapters=936
 compilation: enabled
              stopped_count=0, restarted_count=0
 full_count=0

Compilation events (20 events):
Event: 3030.670 Thread 0x000001bcc9160800 nmethod 21685 0x000001bcbbfa8c90 code [0x000001bcbbfa8e60, 0x000001bcbbfa95d8]
Event: 3030.837 Thread 0x000001bcc916a800 21686       3       java.util.Properties::entrySet (19 bytes)
Event: 3030.839 Thread 0x000001bcc916a800 nmethod 21686 0x000001bcb435dd10 code [0x000001bcb435df40, 0x000001bcb435e7f8]
Event: 3031.039 Thread 0x000001bcc916a800 21687       3       java.util.Properties$EntrySet::iterator (10 bytes)
Event: 3031.039 Thread 0x000001bcc916a800 nmethod 21687 0x000001bcb46dda90 code [0x000001bcb46ddc40, 0x000001bcb46dde08]
Event: 3032.620 Thread 0x000001bcc916a800 21688       3       com.google.common.primitives.Ints::toByteArray (33 bytes)
Event: 3032.620 Thread 0x000001bcc916a800 nmethod 21688 0x000001bcb3fa5590 code [0x000001bcb3fa5740, 0x000001bcb3fa58d8]
Event: 3032.869 Thread 0x000001bcc9160800 21689       4       org.gradle.api.internal.attributes.DefaultImmutableAttributes::coerce (38 bytes)
Event: 3032.943 Thread 0x000001bcc9160800 nmethod 21689 0x000001bcbbfa9990 code [0x000001bcbbfa9bc0, 0x000001bcbbfaa760]
Event: 3032.943 Thread 0x000001bcc9160800 21690       4       java.util.TimSort::binarySort (223 bytes)
Event: 3032.997 Thread 0x000001bcc9160800 nmethod 21690 0x000001bcbbfaaf10 code [0x000001bcbbfab0c0, 0x000001bcbbfabb58]
Event: 3032.998 Thread 0x000001bcc9160800 21692       4       org.gradle.api.internal.artifacts.transform.CacheableInvocation::cached (9 bytes)
Event: 3033.002 Thread 0x000001bcc9160800 nmethod 21692 0x000001bcbbfabf10 code [0x000001bcbbfac0a0, 0x000001bcbbfac158]
Event: 3033.003 Thread 0x000001bcc9160800 21695       4       org.gradle.internal.snapshot.DirectorySnapshot$$Lambda$1177/0x0000000100e2bc40::apply (8 bytes)
Event: 3033.005 Thread 0x000001bcc9160800 nmethod 21695 0x000001bcbbfac210 code [0x000001bcbbfac3a0, 0x000001bcbbfac438]
Event: 3033.006 Thread 0x000001bcc9160800 21700       4       org.gradle.internal.snapshot.RelativePathTrackingFileSystemSnapshotHierarchyVisitor::leaveDirectory (1 bytes)
Event: 3033.007 Thread 0x000001bcc9160800 nmethod 21700 0x000001bcbbfac510 code [0x000001bcbbfac6a0, 0x000001bcbbfac6f8]
Event: 3033.007 Thread 0x000001bcc9160800 21699       4       org.gradle.internal.snapshot.RelativePathTrackingFileSystemSnapshotHierarchyVisitor::enterDirectory (1 bytes)
Event: 3033.008 Thread 0x000001bcc9160800 nmethod 21699 0x000001bcbbfac810 code [0x000001bcbbfac9a0, 0x000001bcbbfac9f8]
Event: 3033.009 Thread 0x000001bcc9160800 21698       4       org.gradle.internal.fingerprint.impl.RelativePathFingerprintingStrategy$$Lambda$1140/0x0000000100e07040::visitEntry (18 bytes)

GC Heap History (20 events):
Event: 2994.136 GC heap before
{Heap before GC invocations=208 (full 0):
 garbage-first heap   total 312320K, used 271789K [0x0000000080000000, 0x0000000100000000)
  region size 1024K, 101 young (103424K), 8 survivors (8192K)
 Metaspace       used 131702K, capacity 135247K, committed 135296K, reserved 1167360K
  class space    used 16252K, capacity 17496K, committed 17536K, reserved 1048576K
}
Event: 2994.239 GC heap after
{Heap after GC invocations=209 (full 0):
 garbage-first heap   total 312320K, used 177519K [0x0000000080000000, 0x0000000100000000)
  region size 1024K, 7 young (7168K), 7 survivors (7168K)
 Metaspace       used 131702K, capacity 135247K, committed 135296K, reserved 1167360K
  class space    used 16252K, capacity 17496K, committed 17536K, reserved 1048576K
}
Event: 2999.409 GC heap before
{Heap before GC invocations=209 (full 0):
 garbage-first heap   total 312320K, used 275823K [0x0000000080000000, 0x0000000100000000)
  region size 1024K, 100 young (102400K), 7 survivors (7168K)
 Metaspace       used 131703K, capacity 135247K, committed 135296K, reserved 1167360K
  class space    used 16252K, capacity 17496K, committed 17536K, reserved 1048576K
}
Event: 2999.466 GC heap after
{Heap after GC invocations=210 (full 0):
 garbage-first heap   total 312320K, used 178031K [0x0000000080000000, 0x0000000100000000)
  region size 1024K, 7 young (7168K), 7 survivors (7168K)
 Metaspace       used 131703K, capacity 135247K, committed 135296K, reserved 1167360K
  class space    used 16252K, capacity 17496K, committed 17536K, reserved 1048576K
}
Event: 3002.337 GC heap before
{Heap before GC invocations=210 (full 0):
 garbage-first heap   total 312320K, used 272239K [0x0000000080000000, 0x0000000100000000)
  region size 1024K, 99 young (101376K), 7 survivors (7168K)
 Metaspace       used 131703K, capacity 135247K, committed 135296K, reserved 1167360K
  class space    used 16252K, capacity 17496K, committed 17536K, reserved 1048576K
}
Event: 3002.383 GC heap after
{Heap after GC invocations=211 (full 0):
 garbage-first heap   total 312320K, used 179055K [0x0000000080000000, 0x0000000100000000)
  region size 1024K, 8 young (8192K), 8 survivors (8192K)
 Metaspace       used 131703K, capacity 135247K, committed 135296K, reserved 1167360K
  class space    used 16252K, capacity 17496K, committed 17536K, reserved 1048576K
}
Event: 3004.480 GC heap before
{Heap before GC invocations=211 (full 0):
 garbage-first heap   total 312320K, used 271215K [0x0000000080000000, 0x0000000100000000)
  region size 1024K, 98 young (100352K), 8 survivors (8192K)
 Metaspace       used 131703K, capacity 135247K, committed 135296K, reserved 1167360K
  class space    used 16252K, capacity 17496K, committed 17536K, reserved 1048576K
}
Event: 3004.533 GC heap after
{Heap after GC invocations=212 (full 0):
 garbage-first heap   total 312320K, used 180294K [0x0000000080000000, 0x0000000100000000)
  region size 1024K, 7 young (7168K), 7 survivors (7168K)
 Metaspace       used 131703K, capacity 135247K, committed 135296K, reserved 1167360K
  class space    used 16252K, capacity 17496K, committed 17536K, reserved 1048576K
}
Event: 3012.087 GC heap before
{Heap before GC invocations=212 (full 0):
 garbage-first heap   total 312320K, used 271430K [0x0000000080000000, 0x0000000100000000)
  region size 1024K, 97 young (99328K), 7 survivors (7168K)
 Metaspace       used 131706K, capacity 135247K, committed 135296K, reserved 1167360K
  class space    used 16252K, capacity 17496K, committed 17536K, reserved 1048576K
}
Event: 3012.114 GC heap after
{Heap after GC invocations=213 (full 0):
 garbage-first heap   total 312320K, used 174150K [0x0000000080000000, 0x0000000100000000)
  region size 1024K, 4 young (4096K), 4 survivors (4096K)
 Metaspace       used 131706K, capacity 135247K, committed 135296K, reserved 1167360K
  class space    used 16252K, capacity 17496K, committed 17536K, reserved 1048576K
}
Event: 3015.262 GC heap before
{Heap before GC invocations=213 (full 0):
 garbage-first heap   total 312320K, used 274502K [0x0000000080000000, 0x0000000100000000)
  region size 1024K, 102 young (104448K), 4 survivors (4096K)
 Metaspace       used 131706K, capacity 135247K, committed 135296K, reserved 1167360K
  class space    used 16252K, capacity 17496K, committed 17536K, reserved 1048576K
}
Event: 3015.284 GC heap after
{Heap after GC invocations=214 (full 0):
 garbage-first heap   total 312320K, used 173524K [0x0000000080000000, 0x0000000100000000)
  region size 1024K, 4 young (4096K), 4 survivors (4096K)
 Metaspace       used 131706K, capacity 135247K, committed 135296K, reserved 1167360K
  class space    used 16252K, capacity 17496K, committed 17536K, reserved 1048576K
}
Event: 3018.462 GC heap before
{Heap before GC invocations=214 (full 0):
 garbage-first heap   total 312320K, used 273876K [0x0000000080000000, 0x0000000100000000)
  region size 1024K, 102 young (104448K), 4 survivors (4096K)
 Metaspace       used 131725K, capacity 135251K, committed 135296K, reserved 1167360K
  class space    used 16252K, capacity 17496K, committed 17536K, reserved 1048576K
}
Event: 3018.495 GC heap after
{Heap after GC invocations=215 (full 0):
 garbage-first heap   total 312320K, used 173126K [0x0000000080000000, 0x0000000100000000)
  region size 1024K, 3 young (3072K), 3 survivors (3072K)
 Metaspace       used 131725K, capacity 135251K, committed 135296K, reserved 1167360K
  class space    used 16252K, capacity 17496K, committed 17536K, reserved 1048576K
}
Event: 3021.429 GC heap before
{Heap before GC invocations=215 (full 0):
 garbage-first heap   total 312320K, used 273478K [0x0000000080000000, 0x0000000100000000)
  region size 1024K, 102 young (104448K), 3 survivors (3072K)
 Metaspace       used 131735K, capacity 135251K, committed 135296K, reserved 1167360K
  class space    used 16252K, capacity 17496K, committed 17536K, reserved 1048576K
}
Event: 3021.458 GC heap after
{Heap after GC invocations=216 (full 0):
 garbage-first heap   total 312320K, used 172968K [0x0000000080000000, 0x0000000100000000)
  region size 1024K, 3 young (3072K), 3 survivors (3072K)
 Metaspace       used 131735K, capacity 135251K, committed 135296K, reserved 1167360K
  class space    used 16252K, capacity 17496K, committed 17536K, reserved 1048576K
}
Event: 3024.013 GC heap before
{Heap before GC invocations=216 (full 0):
 garbage-first heap   total 312320K, used 276392K [0x0000000080000000, 0x0000000100000000)
  region size 1024K, 102 young (104448K), 3 survivors (3072K)
 Metaspace       used 131735K, capacity 135251K, committed 135296K, reserved 1167360K
  class space    used 16252K, capacity 17496K, committed 17536K, reserved 1048576K
}
Event: 3024.041 GC heap after
{Heap after GC invocations=217 (full 0):
 garbage-first heap   total 312320K, used 176480K [0x0000000080000000, 0x0000000100000000)
  region size 1024K, 5 young (5120K), 5 survivors (5120K)
 Metaspace       used 131735K, capacity 135251K, committed 135296K, reserved 1167360K
  class space    used 16252K, capacity 17496K, committed 17536K, reserved 1048576K
}
Event: 3029.357 GC heap before
{Heap before GC invocations=217 (full 0):
 garbage-first heap   total 312320K, used 273760K [0x0000000080000000, 0x0000000100000000)
  region size 1024K, 100 young (102400K), 5 survivors (5120K)
 Metaspace       used 131751K, capacity 135318K, committed 135552K, reserved 1167360K
  class space    used 16255K, capacity 17497K, committed 17536K, reserved 1048576K
}
Event: 3029.382 GC heap after
{Heap after GC invocations=218 (full 0):
 garbage-first heap   total 312320K, used 173126K [0x0000000080000000, 0x0000000100000000)
  region size 1024K, 3 young (3072K), 3 survivors (3072K)
 Metaspace       used 131751K, capacity 135318K, committed 135552K, reserved 1167360K
  class space    used 16255K, capacity 17497K, committed 17536K, reserved 1048576K
}

Deoptimization events (20 events):
Event: 3027.234 Thread 0x000001bccbbc6800 Uncommon trap: trap_request=0xffffffc6 fr.pc=0x000001bcbb80889c relative=0x000000000000081c
Event: 3027.234 Thread 0x000001bccbbc6800 Uncommon trap: reason=bimorphic_or_optimized_type_check action=maybe_recompile pc=0x000001bcbb80889c method=com.google.common.io.ByteStreams.copy(Ljava/io/InputStream;Ljava/io/OutputStream;)J @ 18 c2
Event: 3027.234 Thread 0x000001bccbbc6800 DEOPT PACKING pc=0x000001bcbb80889c sp=0x0000001cbdff8b00
Event: 3027.234 Thread 0x000001bccbbc6800 DEOPT UNPACKING pc=0x000001bcb35ba1af sp=0x0000001cbdff89e8 mode 2
Event: 3027.234 Thread 0x000001bccbbc6800 Uncommon trap: trap_request=0xffffffde fr.pc=0x000001bcbb8559e4 relative=0x0000000000000684
Event: 3027.234 Thread 0x000001bccbbc6800 Uncommon trap: reason=class_check action=maybe_recompile pc=0x000001bcbb8559e4 method=org.gradle.api.internal.file.archive.impl.JdkZipEntry.withInputStream(Lorg/gradle/api/internal/file/archive/ZipEntry$InputStreamAction;)Ljava/lang/Object; @ 4 c2
Event: 3027.234 Thread 0x000001bccbbc6800 DEOPT PACKING pc=0x000001bcbb8559e4 sp=0x0000001cbdff8bb0
Event: 3027.234 Thread 0x000001bccbbc6800 DEOPT UNPACKING pc=0x000001bcb35ba1af sp=0x0000001cbdff8b88 mode 2
Event: 3027.234 Thread 0x000001bccbbc6800 Uncommon trap: trap_request=0xffffffc6 fr.pc=0x000001bcbb80889c relative=0x000000000000081c
Event: 3027.234 Thread 0x000001bccbbc6800 Uncommon trap: reason=bimorphic_or_optimized_type_check action=maybe_recompile pc=0x000001bcbb80889c method=com.google.common.io.ByteStreams.copy(Ljava/io/InputStream;Ljava/io/OutputStream;)J @ 18 c2
Event: 3027.234 Thread 0x000001bccbbc6800 DEOPT PACKING pc=0x000001bcbb80889c sp=0x0000001cbdff8b00
Event: 3027.234 Thread 0x000001bccbbc6800 DEOPT UNPACKING pc=0x000001bcb35ba1af sp=0x0000001cbdff89e8 mode 2
Event: 3029.539 Thread 0x000001bccbbc6800 Uncommon trap: trap_request=0xffffffd6 fr.pc=0x000001bcbbf9d780 relative=0x0000000000000620
Event: 3029.539 Thread 0x000001bccbbc6800 Uncommon trap: reason=array_check action=maybe_recompile pc=0x000001bcbbf9d780 method=java.util.ComparableTimSort.reverseRange([Ljava/lang/Object;II)V @ 27 c2
Event: 3029.539 Thread 0x000001bccbbc6800 DEOPT PACKING pc=0x000001bcbbf9d780 sp=0x0000001cbdff8f80
Event: 3029.539 Thread 0x000001bccbbc6800 DEOPT UNPACKING pc=0x000001bcb35ba1af sp=0x0000001cbdff8ec8 mode 2
Event: 3029.567 Thread 0x000001bccbbc6800 Uncommon trap: trap_request=0xffffffd6 fr.pc=0x000001bcbbf9d780 relative=0x0000000000000620
Event: 3029.567 Thread 0x000001bccbbc6800 Uncommon trap: reason=array_check action=maybe_recompile pc=0x000001bcbbf9d780 method=java.util.ComparableTimSort.reverseRange([Ljava/lang/Object;II)V @ 27 c2
Event: 3029.567 Thread 0x000001bccbbc6800 DEOPT PACKING pc=0x000001bcbbf9d780 sp=0x0000001cbdff8f80
Event: 3029.567 Thread 0x000001bccbbc6800 DEOPT UNPACKING pc=0x000001bcb35ba1af sp=0x0000001cbdff8ec8 mode 2

Classes redefined (0 events):
No events

Internal exceptions (20 events):
Event: 2778.724 Thread 0x000001bccc907000 Exception <a 'java/net/SocketTimeoutException'{0x000000008dfed3b0}: Read timed out> (0x000000008dfed3b0) thrown at [./src/hotspot/share/prims/jni.cpp, line 636]
Event: 2789.869 Thread 0x000001bccc90b000 Exception <a 'java/net/SocketTimeoutException'{0x0000000092e1f558}: Read timed out> (0x0000000092e1f558) thrown at [./src/hotspot/share/prims/jni.cpp, line 636]
Event: 2813.777 Thread 0x000001bccc903000 Exception <a 'java/net/SocketTimeoutException'{0x0000000092fe8d10}: Read timed out> (0x0000000092fe8d10) thrown at [./src/hotspot/share/prims/jni.cpp, line 636]
Event: 2815.431 Thread 0x000001bccc903000 Exception <a 'java/net/SocketTimeoutException'{0x0000000092ba3488}: Read timed out> (0x0000000092ba3488) thrown at [./src/hotspot/share/prims/jni.cpp, line 636]
Event: 2820.103 Thread 0x000001bccc90b000 Exception <a 'java/net/SocketTimeoutException'{0x0000000092e879c8}: Read timed out> (0x0000000092e879c8) thrown at [./src/hotspot/share/prims/jni.cpp, line 636]
Event: 2821.119 Thread 0x000001bccc90b000 Exception <a 'java/net/SocketTimeoutException'{0x00000000929c5610}: Read timed out> (0x00000000929c5610) thrown at [./src/hotspot/share/prims/jni.cpp, line 636]
Event: 2821.478 Thread 0x000001bccc90b000 Exception <a 'java/net/SocketTimeoutException'{0x00000000929d6140}: Read timed out> (0x00000000929d6140) thrown at [./src/hotspot/share/prims/jni.cpp, line 636]
Event: 2826.572 Thread 0x000001bccc908000 Exception <a 'java/net/SocketTimeoutException'{0x0000000091d1cf70}: Read timed out> (0x0000000091d1cf70) thrown at [./src/hotspot/share/prims/jni.cpp, line 636]
Event: 2829.041 Thread 0x000001bccc910000 Exception <a 'java/net/SocketTimeoutException'{0x0000000091d5a7e0}: Read timed out> (0x0000000091d5a7e0) thrown at [./src/hotspot/share/prims/jni.cpp, line 636]
Event: 2835.338 Thread 0x000001bccc910000 Exception <a 'java/net/SocketTimeoutException'{0x0000000091deafc8}: Read timed out> (0x0000000091deafc8) thrown at [./src/hotspot/share/prims/jni.cpp, line 636]
Event: 2856.572 Thread 0x000001bccc908000 Exception <a 'java/net/SocketTimeoutException'{0x0000000091d1e218}: Read timed out> (0x0000000091d1e218) thrown at [./src/hotspot/share/prims/jni.cpp, line 636]
Event: 2857.604 Thread 0x000001bccc908000 Exception <a 'java/net/SocketTimeoutException'{0x0000000091d2c260}: Read timed out> (0x0000000091d2c260) thrown at [./src/hotspot/share/prims/jni.cpp, line 636]
Event: 2857.870 Thread 0x000001bccc908000 Exception <a 'java/net/SocketTimeoutException'{0x0000000091af3508}: Read timed out> (0x0000000091af3508) thrown at [./src/hotspot/share/prims/jni.cpp, line 636]
Event: 2860.947 Thread 0x000001bccc909800 Exception <a 'java/net/SocketTimeoutException'{0x00000000911c2fc8}: Read timed out> (0x00000000911c2fc8) thrown at [./src/hotspot/share/prims/jni.cpp, line 636]
Event: 2875.574 Thread 0x000001bccc90d800 Exception <a 'java/net/SocketTimeoutException'{0x0000000090a56368}: Read timed out> (0x0000000090a56368) thrown at [./src/hotspot/share/prims/jni.cpp, line 636]
Event: 2879.885 Thread 0x000001bccc910000 Exception <a 'java/net/SocketTimeoutException'{0x000000008fa414b0}: Read timed out> (0x000000008fa414b0) thrown at [./src/hotspot/share/prims/jni.cpp, line 636]
Event: 2879.900 Thread 0x000001bccbbd2000 Exception <a 'java/net/SocketTimeoutException'{0x00000000916aea30}: Read timed out> (0x00000000916aea30) thrown at [./src/hotspot/share/prims/jni.cpp, line 636]
Event: 2899.806 Thread 0x000001bccc90a800 Exception <a 'java/net/SocketTimeoutException'{0x000000008f846178}: Read timed out> (0x000000008f846178) thrown at [./src/hotspot/share/prims/jni.cpp, line 636]
Event: 2907.291 Thread 0x000001bccc90c800 Exception <a 'java/net/SocketTimeoutException'{0x00000000929a8db0}: Read timed out> (0x00000000929a8db0) thrown at [./src/hotspot/share/prims/jni.cpp, line 636]
Event: 3027.232 Thread 0x000001bccbbc6800 Implicit null exception at 0x000001bcbb1f3bf8 to 0x000001bcbb1f3fec

Events (20 events):
Event: 3015.261 Executing VM operation: G1CollectForAllocation
Event: 3015.284 Executing VM operation: G1CollectForAllocation done
Event: 3018.461 Executing VM operation: G1CollectForAllocation
Event: 3018.495 Executing VM operation: G1CollectForAllocation done
Event: 3021.428 Executing VM operation: G1CollectForAllocation
Event: 3021.458 Executing VM operation: G1CollectForAllocation done
Event: 3024.012 Executing VM operation: G1CollectForAllocation
Event: 3024.041 Executing VM operation: G1CollectForAllocation done
Event: 3027.181 loading class org/gradle/api/internal/changedetection/state/ZipHasher
Event: 3027.181 loading class org/gradle/api/internal/changedetection/state/ZipHasher done
Event: 3027.184 loading class org/gradle/api/internal/file/archive/impl/StreamZipInput
Event: 3027.184 loading class org/gradle/api/internal/file/archive/impl/StreamZipInput done
Event: 3027.223 loading class org/gradle/api/internal/file/archive/impl/StreamZipInput$1
Event: 3027.223 loading class org/gradle/api/internal/file/archive/impl/StreamZipInput$1 done
Event: 3027.227 loading class org/gradle/api/internal/file/archive/impl/StreamZipInput$1$1
Event: 3027.227 loading class org/gradle/api/internal/file/archive/impl/StreamZipInput$1$1 done
Event: 3027.229 loading class org/gradle/api/internal/file/archive/impl/StreamZipInput$1$2
Event: 3027.229 loading class org/gradle/api/internal/file/archive/impl/StreamZipInput$1$2 done
Event: 3029.356 Executing VM operation: G1CollectForAllocation
Event: 3029.382 Executing VM operation: G1CollectForAllocation done


Dynamic libraries:
0x00007ff7dc200000 - 0x00007ff7dc20a000 	C:\Program Files\Android\Android Studio\jre\bin\java.exe
0x00007ff836fc0000 - 0x00007ff8371b0000 	C:\Windows\SYSTEM32\ntdll.dll
0x00007ff836420000 - 0x00007ff8364d2000 	C:\Windows\System32\KERNEL32.DLL
0x00007ff834930000 - 0x00007ff834bd3000 	C:\Windows\System32\KERNELBASE.dll
0x00007ff834000000 - 0x00007ff8340fa000 	C:\Windows\System32\ucrtbase.dll
0x00007ff824af0000 - 0x00007ff824b09000 	C:\Program Files\Android\Android Studio\jre\bin\jli.dll
0x00007ff8356a0000 - 0x00007ff835834000 	C:\Windows\System32\USER32.dll
0x00007ff824ad0000 - 0x00007ff824ae7000 	C:\Program Files\Android\Android Studio\jre\bin\VCRUNTIME140.dll
0x00007ff834150000 - 0x00007ff834171000 	C:\Windows\System32\win32u.dll
0x00007ff835910000 - 0x00007ff835936000 	C:\Windows\System32\GDI32.dll
0x00007ff834be0000 - 0x00007ff834d74000 	C:\Windows\System32\gdi32full.dll
0x00007ff81d950000 - 0x00007ff81dbd5000 	C:\Windows\WinSxS\amd64_microsoft.windows.common-controls_6595b64144ccf1df_6.0.18362.418_none_e6c6b287130d565d\COMCTL32.dll
0x00007ff835070000 - 0x00007ff83510e000 	C:\Windows\System32\msvcrt.dll
0x00007ff834e00000 - 0x00007ff834e9e000 	C:\Windows\System32\msvcp_win.dll
0x00007ff836550000 - 0x00007ff836886000 	C:\Windows\System32\combase.dll
0x00007ff835580000 - 0x00007ff8356a0000 	C:\Windows\System32\RPCRT4.dll
0x00007ff834ff0000 - 0x00007ff835070000 	C:\Windows\System32\bcryptPrimitives.dll
0x00007ff8361c0000 - 0x00007ff8361ee000 	C:\Windows\System32\IMM32.DLL
0x00007ff824a30000 - 0x00007ff824acd000 	C:\Program Files\Android\Android Studio\jre\bin\msvcp140.dll
0x00007ffff0bd0000 - 0x00007ffff16b5000 	C:\Program Files\Android\Android Studio\jre\bin\server\jvm.dll
0x00007ff836a60000 - 0x00007ff836b03000 	C:\Windows\System32\ADVAPI32.dll
0x00007ff836960000 - 0x00007ff8369f7000 	C:\Windows\System32\sechost.dll
0x00007ff8359e0000 - 0x00007ff8359e8000 	C:\Windows\System32\PSAPI.DLL
0x00007ff82cb40000 - 0x00007ff82cb49000 	C:\Windows\SYSTEM32\WSOCK32.dll
0x00007ff8364e0000 - 0x00007ff83654f000 	C:\Windows\System32\WS2_32.dll
0x00007ff831e70000 - 0x00007ff831e94000 	C:\Windows\SYSTEM32\WINMM.dll
0x00007ff82dc30000 - 0x00007ff82dc3a000 	C:\Windows\SYSTEM32\VERSION.dll
0x00007ff831e40000 - 0x00007ff831e6d000 	C:\Windows\SYSTEM32\winmmbase.dll
0x00007ff834100000 - 0x00007ff83414a000 	C:\Windows\System32\cfgmgr32.dll
0x00007ff833ea0000 - 0x00007ff833eb1000 	C:\Windows\System32\kernel.appcore.dll
0x00007ff82c240000 - 0x00007ff82c251000 	C:\Program Files\Android\Android Studio\jre\bin\verify.dll
0x00007ff81dcd0000 - 0x00007ff81dec4000 	C:\Windows\SYSTEM32\DBGHELP.DLL
0x00007ff81dca0000 - 0x00007ff81dcca000 	C:\Windows\SYSTEM32\dbgcore.DLL
0x00007ff82a0d0000 - 0x00007ff82a0f9000 	C:\Program Files\Android\Android Studio\jre\bin\java.dll
0x00007ff82ca20000 - 0x00007ff82ca2b000 	C:\Program Files\Android\Android Studio\jre\bin\jimage.dll
0x00007ff8295a0000 - 0x00007ff8295b8000 	C:\Program Files\Android\Android Studio\jre\bin\zip.dll
0x00007ff8359f0000 - 0x00007ff8360d5000 	C:\Windows\System32\SHELL32.dll
0x00007ff836cb0000 - 0x00007ff836d59000 	C:\Windows\System32\shcore.dll
0x00007ff834180000 - 0x00007ff8348ff000 	C:\Windows\System32\windows.storage.dll
0x00007ff833f30000 - 0x00007ff833f4f000 	C:\Windows\System32\profapi.dll
0x00007ff833ec0000 - 0x00007ff833f0a000 	C:\Windows\System32\powrprof.dll
0x00007ff833e90000 - 0x00007ff833ea0000 	C:\Windows\System32\UMPDC.dll
0x00007ff836c50000 - 0x00007ff836ca2000 	C:\Windows\System32\shlwapi.dll
0x00007ff834de0000 - 0x00007ff834df7000 	C:\Windows\System32\cryptsp.dll
0x00007ff829560000 - 0x00007ff82957a000 	C:\Program Files\Android\Android Studio\jre\bin\net.dll
0x00007ff827680000 - 0x00007ff827770000 	C:\Windows\SYSTEM32\WINHTTP.dll
0x00007ff833650000 - 0x00007ff8336b7000 	C:\Windows\system32\mswsock.dll
0x00007ff829000000 - 0x00007ff829014000 	C:\Program Files\Android\Android Studio\jre\bin\nio.dll
0x00007ff824d90000 - 0x00007ff824db7000 	C:\Users\VIGNESH G\.gradle\native\e1d6ef7f7dcc3fd88c89a11ec53ec762bb8ba0a96d01ffa2cd45eb1d1d8dd5c5\windows-amd64\native-platform.dll
0x00007ff816780000 - 0x00007ff8168c4000 	C:\Users\VIGNESH G\.gradle\native\5664cfc778a61ccfe75a443a1ab52a65af34e5dc3c78e0209fed803814484fcb\windows-amd64\native-platform-file-events.dll
0x00007ff82c390000 - 0x00007ff82c39a000 	C:\Program Files\Android\Android Studio\jre\bin\management.dll
0x00007ff82c100000 - 0x00007ff82c10d000 	C:\Program Files\Android\Android Studio\jre\bin\management_ext.dll
0x00007ff8331d0000 - 0x00007ff833203000 	C:\Windows\system32\rsaenh.dll
0x00007ff834900000 - 0x00007ff834926000 	C:\Windows\System32\bcrypt.dll
0x00007ff833d80000 - 0x00007ff833da5000 	C:\Windows\SYSTEM32\USERENV.dll
0x00007ff8337d0000 - 0x00007ff8337dc000 	C:\Windows\SYSTEM32\CRYPTBASE.dll
0x00007ff833370000 - 0x00007ff8333aa000 	C:\Windows\SYSTEM32\IPHLPAPI.DLL
0x00007ff836f70000 - 0x00007ff836f78000 	C:\Windows\System32\NSI.dll
0x00007ff829280000 - 0x00007ff829296000 	C:\Windows\SYSTEM32\dhcpcsvc6.DLL
0x00007ff82b800000 - 0x00007ff82b81c000 	C:\Windows\SYSTEM32\dhcpcsvc.DLL
0x00007ff8333b0000 - 0x00007ff83347a000 	C:\Windows\SYSTEM32\DNSAPI.dll
0x00007ff824de0000 - 0x00007ff824e07000 	C:\Program Files\Android\Android Studio\jre\bin\sunec.dll
0x00007ff826a30000 - 0x00007ff826a3a000 	C:\Windows\System32\rasadhlp.dll
0x00007ff828950000 - 0x00007ff8289c7000 	C:\Windows\System32\fwpuclnt.dll
0x00007ff832eb0000 - 0x00007ff832ee1000 	C:\Windows\SYSTEM32\ntmarta.dll

dbghelp: loaded successfully - version: 4.0.5 - missing functions: none
symbol engine: initialized successfully - sym options: 0x614 - pdb path: .;C:\Program Files\Android\Android Studio\jre\bin;C:\Windows\SYSTEM32;C:\Windows\WinSxS\amd64_microsoft.windows.common-controls_6595b64144ccf1df_6.0.18362.418_none_e6c6b287130d565d;C:\Program Files\Android\Android Studio\jre\bin\server;C:\Users\VIGNESH G\.gradle\native\e1d6ef7f7dcc3fd88c89a11ec53ec762bb8ba0a96d01ffa2cd45eb1d1d8dd5c5\windows-amd64;C:\Users\VIGNESH G\.gradle\native\5664cfc778a61ccfe75a443a1ab52a65af34e5dc3c78e0209fed803814484fcb\windows-amd64

VM Arguments:
jvm_args: --add-opens=java.base/java.util=ALL-UNNAMED --add-opens=java.base/java.lang=ALL-UNNAMED --add-opens=java.base/java.lang.invoke=ALL-UNNAMED --add-opens=java.base/java.util=ALL-UNNAMED --add-opens=java.prefs/java.util.prefs=ALL-UNNAMED --add-opens=java.prefs/java.util.prefs=ALL-UNNAMED --add-opens=java.base/java.nio.charset=ALL-UNNAMED --add-opens=java.base/java.net=ALL-UNNAMED --add-opens=java.base/java.util.concurrent.atomic=ALL-UNNAMED -Xmx2048m -Dfile.encoding=UTF-8 -Duser.country=IN -Duser.language=en -Duser.variant 
java_command: org.gradle.launcher.daemon.bootstrap.GradleDaemon 7.3.3
java_class_path (initial): C:\Users\VIGNESH G\.gradle\wrapper\dists\gradle-7.3.3-bin\6a41zxkdtcxs8rphpq6y0069z\gradle-7.3.3\lib\gradle-launcher-7.3.3.jar
Launcher Type: SUN_STANDARD

[Global flags]
     intx CICompilerCount                          = 2                                         {product} {ergonomic}
     uint ConcGCThreads                            = 1                                         {product} {ergonomic}
     uint G1ConcRefinementThreads                  = 2                                         {product} {ergonomic}
   size_t G1HeapRegionSize                         = 1048576                                   {product} {ergonomic}
    uintx GCDrainStackTargetSize                   = 64                                        {product} {ergonomic}
   size_t InitialHeapSize                          = 58720256                                  {product} {ergonomic}
   size_t MarkStackSize                            = 4194304                                   {product} {ergonomic}
   size_t MaxHeapSize                              = 2147483648                                {product} {command line}
   size_t MaxNewSize                               = 1287651328                                {product} {ergonomic}
   size_t MinHeapDeltaBytes                        = 1048576                                   {product} {ergonomic}
    uintx NonNMethodCodeHeapSize                   = 5825164                                {pd product} {ergonomic}
    uintx NonProfiledCodeHeapSize                  = 122916538                              {pd product} {ergonomic}
    uintx ProfiledCodeHeapSize                     = 122916538                              {pd product} {ergonomic}
    uintx ReservedCodeCacheSize                    = 251658240                              {pd product} {ergonomic}
     bool SegmentedCodeCache                       = true                                      {product} {ergonomic}
     bool UseCompressedClassPointers               = true                                 {lp64_product} {ergonomic}
     bool UseCompressedOops                        = true                                 {lp64_product} {ergonomic}
     bool UseG1GC                                  = true                                      {product} {ergonomic}
     bool UseLargePagesIndividualAllocation        = false                                  {pd product} {ergonomic}

Logging:
Log output configuration:
 #0: stdout all=warning uptime,level,tags
 #1: stderr all=off uptime,level,tags

Environment Variables:
PATH=C:\Windows\system32;C:\Windows;C:\Windows\System32\Wbem;C:\Windows\System32\WindowsPowerShell\v1.0\;C:\Windows\System32\OpenSSH\;C:\Users\VIGNESH G\AppData\Local\Microsoft\WindowsApps;C:\Program Files\MinGW\bin
USERNAME=VIGNESH G
OS=Windows_NT
PROCESSOR_IDENTIFIER=AMD64 Family 21 Model 112 Stepping 0, AuthenticAMD



---------------  S Y S T E M  ---------------

OS: Windows 10 , 64 bit Build 18362 (10.0.18362.329)
OS uptime: 0 days 15:31 hours
Hyper-V role detected

CPU:total 2 (initial active 2) (2 cores per cpu, 1 threads per core) family 21 model 112 stepping 0 microcode 0x0, cmov, cx8, fxsr, mmx, sse, sse2, sse3, ssse3, sse4.1, sse4.2, popcnt, avx, avx2, aes, clmul, mmxext, 3dnowpref, lzcnt, sse4a, tsc, tscinvbit, tscinv, bmi1, bmi2, fma

Memory: 4k page, system-wide physical 3551M (473M free)
TotalPageFile size 5316M (AvailPageFile size 6M)
current process WorkingSet (physical memory assigned to process): 375M, peak: 533M
current process commit charge ("private bytes"): 669M, peak: 676M

vm_info: OpenJDK 64-Bit Server VM (11.0.12+7-b1504.28-7817840) for windows-amd64 JRE (11.0.12+7-b1504.28-7817840), built on Oct 13 2021 22:12:33 by "builder" with MS VC++ 14.0 (VS2015)

END.
