#
# There is insufficient memory for the Java Runtime Environment to continue.
# Native memory allocation (malloc) failed to allocate 1048576 bytes for AllocateHeap
# Possible reasons:
#   The system is out of physical RAM or swap space
#   The process is running with CompressedOops enabled, and the Java Heap may be blocking the growth of the native heap
# Possible solutions:
#   Reduce memory load on the system
#   Increase physical memory or swap space
#   Check if swap backing store is full
#   Decrease Java heap size (-Xmx/-Xms)
#   Decrease number of Java threads
#   Decrease Java thread stack sizes (-Xss)
#   Set larger code cache with -XX:ReservedCodeCacheSize=
#   JVM is running with Unscaled Compressed Oops mode in which the Java heap is
#     placed in the first 4GB address space. The Java Heap base address is the
#     maximum limit for the native heap growth. Please use -XX:HeapBaseMinAddress
#     to set the Java Heap base and to place the Java Heap above 4GB virtual address.
# This output file may be truncated or incomplete.
#
#  Out of Memory Error (./src/hotspot/share/memory/allocation.cpp:46), pid=5520, tid=3580
#
# JRE version: OpenJDK Runtime Environment (11.0.12+7) (build 11.0.12+7-b1504.28-7817840)
# Java VM: OpenJDK 64-Bit Server VM (11.0.12+7-b1504.28-7817840, mixed mode, tiered, compressed oops, g1 gc, windows-amd64)
# No core dump will be written. Minidumps are not enabled by default on client versions of Windows
#

---------------  S U M M A R Y ------------

Command Line: --add-opens=java.base/java.util=ALL-UNNAMED --add-opens=java.base/java.lang=ALL-UNNAMED --add-opens=java.base/java.lang.invoke=ALL-UNNAMED --add-opens=java.base/java.util=ALL-UNNAMED --add-opens=java.prefs/java.util.prefs=ALL-UNNAMED --add-opens=java.prefs/java.util.prefs=ALL-UNNAMED --add-opens=java.base/java.nio.charset=ALL-UNNAMED --add-opens=java.base/java.net=ALL-UNNAMED --add-opens=java.base/java.util.concurrent.atomic=ALL-UNNAMED -Xmx2048m -Dfile.encoding=UTF-8 -Duser.country=IN -Duser.language=en -Duser.variant org.gradle.launcher.daemon.bootstrap.GradleDaemon 7.3.3

Host: AMD PRO A4-4350B R4, 5 COMPUTE CORES 2C+3G     , 2 cores, 3G,  Windows 10 , 64 bit Build 18362 (10.0.18362.329)
Time: Fri Jan 27 16:49:09 2023 India Standard Time elapsed time: 39.193134 seconds (0d 0h 0m 39s)

---------------  T H R E A D  ---------------

Current thread (0x000001f1ad328000):  VMThread "VM Thread" [stack: 0x0000008a61c00000,0x0000008a61d00000] [id=3580]

Stack: [0x0000008a61c00000,0x0000008a61d00000]
[error occurred during error reporting (printing stack bounds), id 0xc0000005, EXCEPTION_ACCESS_VIOLATION (0xc0000005) at pc=0x000001f196fa112d]

Native frames: (J=compiled Java code, j=interpreted, Vv=VM code, C=native code)
V  [jvm.dll+0x5fbcea]
V  [jvm.dll+0x731905]
V  [jvm.dll+0x732f1d]
V  [jvm.dll+0x733535]
V  [jvm.dll+0x7334eb]
V  [jvm.dll+0x5fb080]
V  [jvm.dll+0x5fb818]
C  [ntdll.dll+0xa11ff]
C  [ntdll.dll+0x6a289]
C  [ntdll.dll+0x9fe6e]
C  0x000001f196fa112d

VM_Operation (0x0000008a62ef9390): CollectForMetadataAllocation, mode: safepoint, requested by thread 0x000001f1aeb5f000


---------------  P R O C E S S  ---------------

Threads class SMR info:
_java_thread_list=0x000001f1af79e7a0, length=24, elements={
0x000001f19349b000, 0x000001f1ad32c000, 0x000001f1ad32f800, 0x000001f1ad389800,
0x000001f1ad38b000, 0x000001f1ad38c800, 0x000001f1ad396000, 0x000001f1ad39c000,
0x000001f1ad508800, 0x000001f1ad606800, 0x000001f1ae34c800, 0x000001f1aeb80000,
0x000001f1ae3a0000, 0x000001f1ae38e000, 0x000001f1ae38f000, 0x000001f1adfad000,
0x000001f1aeb5f000, 0x000001f1aeb60000, 0x000001f1aecfb800, 0x000001f1aecbf000,
0x000001f1aecc1800, 0x000001f1aecbd800, 0x000001f1aecbe800, 0x000001f1aecc3800
}

Java Threads: ( => current thread )
  0x000001f19349b000 JavaThread "main" [_thread_blocked, id=5040, stack(0x0000008a61600000,0x0000008a61700000)]
  0x000001f1ad32c000 JavaThread "Reference Handler" daemon [_thread_blocked, id=6160, stack(0x0000008a61d00000,0x0000008a61e00000)]
  0x000001f1ad32f800 JavaThread "Finalizer" daemon [_thread_blocked, id=2764, stack(0x0000008a61e00000,0x0000008a61f00000)]
  0x000001f1ad389800 JavaThread "Signal Dispatcher" daemon [_thread_blocked, id=7632, stack(0x0000008a61f00000,0x0000008a62000000)]
  0x000001f1ad38b000 JavaThread "Attach Listener" daemon [_thread_blocked, id=4608, stack(0x0000008a62000000,0x0000008a62100000)]
  0x000001f1ad38c800 JavaThread "Service Thread" daemon [_thread_blocked, id=7796, stack(0x0000008a62100000,0x0000008a62200000)]
  0x000001f1ad396000 JavaThread "C2 CompilerThread0" daemon [_thread_blocked, id=5400, stack(0x0000008a62200000,0x0000008a62300000)]
  0x000001f1ad39c000 JavaThread "C1 CompilerThread0" daemon [_thread_blocked, id=5384, stack(0x0000008a62300000,0x0000008a62400000)]
  0x000001f1ad508800 JavaThread "Sweeper thread" daemon [_thread_blocked, id=6816, stack(0x0000008a62400000,0x0000008a62500000)]
  0x000001f1ad606800 JavaThread "Common-Cleaner" daemon [_thread_blocked, id=8084, stack(0x0000008a62500000,0x0000008a62600000)]
  0x000001f1ae34c800 JavaThread "Daemon health stats" [_thread_blocked, id=5364, stack(0x0000008a62800000,0x0000008a62900000)]
  0x000001f1aeb80000 JavaThread "Incoming local TCP Connector on port 64741" [_thread_in_native, id=6232, stack(0x0000008a62900000,0x0000008a62a00000)]
  0x000001f1ae3a0000 JavaThread "Daemon periodic checks" [_thread_blocked, id=8112, stack(0x0000008a62a00000,0x0000008a62b00000)]
  0x000001f1ae38e000 JavaThread "Daemon" [_thread_blocked, id=4812, stack(0x0000008a62b00000,0x0000008a62c00000)]
  0x000001f1ae38f000 JavaThread "Handler for socket connection from /127.0.0.1:64741 to /127.0.0.1:64742" [_thread_in_native, id=6864, stack(0x0000008a62c00000,0x0000008a62d00000)]
  0x000001f1adfad000 JavaThread "Cancel handler" [_thread_blocked, id=5908, stack(0x0000008a62d00000,0x0000008a62e00000)]
  0x000001f1aeb5f000 JavaThread "Daemon worker" [_thread_blocked, id=2056, stack(0x0000008a62e00000,0x0000008a62f00000)]
  0x000001f1aeb60000 JavaThread "Asynchronous log dispatcher for DefaultDaemonConnection: socket connection from /127.0.0.1:64741 to /127.0.0.1:64742" [_thread_blocked, id=6272, stack(0x0000008a62f00000,0x0000008a63000000)]
  0x000001f1aecfb800 JavaThread "Stdin handler" [_thread_blocked, id=5164, stack(0x0000008a63000000,0x0000008a63100000)]
  0x000001f1aecbf000 JavaThread "Daemon client event forwarder" [_thread_blocked, id=556, stack(0x0000008a63100000,0x0000008a63200000)]
  0x000001f1aecc1800 JavaThread "Cache worker for journal cache (C:\Users\VIGNESH G\.gradle\caches\journal-1)" [_thread_blocked, id=6960, stack(0x0000008a63200000,0x0000008a63300000)]
  0x000001f1aecbd800 JavaThread "File lock request listener" [_thread_in_native, id=7444, stack(0x0000008a63300000,0x0000008a63400000)]
  0x000001f1aecbe800 JavaThread "Cache worker for file hash cache (C:\Users\VIGNESH G\.gradle\caches\7.3.3\fileHashes)" [_thread_blocked, id=3544, stack(0x0000008a63400000,0x0000008a63500000)]
  0x000001f1aecc3800 JavaThread "Cache worker for file hash cache (E:\TECCampusPortal\.gradle\7.3.3\fileHashes)" [_thread_blocked, id=4948, stack(0x0000008a63500000,0x0000008a63600000)]

Other Threads:
=>0x000001f1ad328000 VMThread "VM Thread" [stack: 0x0000008a61c00000,0x0000008a61d00000] [id=3580]
  0x000001f1ad646800 WatcherThread [stack: 0x0000008a62600000,0x0000008a62700000] [id=964]
  0x000001f1934b3000 GCTaskThread "GC Thread#0" [stack: 0x0000008a61700000,0x0000008a61800000] [id=3736]
  0x000001f1ad7de000 GCTaskThread "GC Thread#1" [stack: 0x0000008a62700000,0x0000008a62800000] [id=4212]
  0x000001f1934e4000 ConcurrentGCThread "G1 Main Marker" [stack: 0x0000008a61800000,0x0000008a61900000] [id=2436]
  0x000001f1934e7800 ConcurrentGCThread "G1 Conc#0" [stack: 0x0000008a61900000,0x0000008a61a00000] [id=5848]
  0x000001f193525000 ConcurrentGCThread "G1 Refine#0" [stack: 0x0000008a61a00000,0x0000008a61b00000] [id=5348]
  0x000001f193526000 ConcurrentGCThread "G1 Young RemSet Sampling" [stack: 0x0000008a61b00000,0x0000008a61c00000] [id=7852]

Threads with active compile tasks:

VM state:at safepoint (normal execution)

VM Mutex/Monitor currently owned by a thread:  ([mutex/lock_event])
[0x000001f1934980c0] Threads_lock - owner thread: 0x000001f1ad328000
[0x000001f193498420] Heap_lock - owner thread: 0x000001f1aeb5f000

Heap address: 0x0000000080000000, size: 2048 MB, Compressed Oops mode: 32-bit
Narrow klass base: 0x0000000000000000, Narrow klass shift: 3
Compressed class space size: 1073741824 Address: 0x0000000100000000

Heap:
 garbage-first heap   total 57344K, used 19706K [0x0000000080000000, 0x0000000100000000)
  region size 1024K, 3 young (3072K), 3 survivors (3072K)
 Metaspace       used 26248K, capacity 26757K, committed 26928K, reserved 1081344K
  class space    used 3389K, capacity 3587K, committed 3712K, reserved 1048576K
Heap Regions: E=young(eden), S=young(survivor), O=old, HS=humongous(starts), HC=humongous(continues), CS=collection set, F=free, A=archive, TAMS=top-at-mark-start (previous, next)
|   0|0x0000000080000000, 0x0000000080100000, 0x0000000080100000|100%| O|  |TAMS 0x0000000080100000, 0x0000000080100000| Untracked 
|   1|0x0000000080100000, 0x0000000080200000, 0x0000000080200000|100%| O|  |TAMS 0x0000000080200000, 0x0000000080200000| Untracked 
|   2|0x0000000080200000, 0x0000000080300000, 0x0000000080300000|100%| O|  |TAMS 0x0000000080300000, 0x0000000080300000| Untracked 
|   3|0x0000000080300000, 0x0000000080400000, 0x0000000080400000|100%| O|  |TAMS 0x0000000080400000, 0x0000000080400000| Untracked 
|   4|0x0000000080400000, 0x0000000080500000, 0x0000000080500000|100%|HS|  |TAMS 0x0000000080500000, 0x0000000080500000| Complete 
|   5|0x0000000080500000, 0x0000000080600000, 0x0000000080600000|100%|HC|  |TAMS 0x0000000080600000, 0x0000000080600000| Complete 
|   6|0x0000000080600000, 0x0000000080700000, 0x0000000080700000|100%|HC|  |TAMS 0x0000000080700000, 0x0000000080700000| Complete 
|   7|0x0000000080700000, 0x0000000080800000, 0x0000000080800000|100%| O|  |TAMS 0x0000000080800000, 0x0000000080800000| Untracked 
|   8|0x0000000080800000, 0x0000000080900000, 0x0000000080900000|100%| O|  |TAMS 0x0000000080900000, 0x0000000080900000| Untracked 
|   9|0x0000000080900000, 0x0000000080a00000, 0x0000000080a00000|100%| O|  |TAMS 0x0000000080a00000, 0x0000000080a00000| Untracked 
|  10|0x0000000080a00000, 0x0000000080b00000, 0x0000000080b00000|100%| O|  |TAMS 0x0000000080b00000, 0x0000000080b00000| Untracked 
|  11|0x0000000080b00000, 0x0000000080c00000, 0x0000000080c00000|100%| O|  |TAMS 0x0000000080c00000, 0x0000000080c00000| Untracked 
|  12|0x0000000080c00000, 0x0000000080d00000, 0x0000000080d00000|100%| O|  |TAMS 0x0000000080d00000, 0x0000000080d00000| Untracked 
|  13|0x0000000080d00000, 0x0000000080e00000, 0x0000000080e00000|100%| O|  |TAMS 0x0000000080e00000, 0x0000000080e00000| Untracked 
|  14|0x0000000080e00000, 0x0000000080f00000, 0x0000000080f00000|100%| O|  |TAMS 0x0000000080ed7800, 0x0000000080f00000| Untracked 
|  15|0x0000000080f00000, 0x0000000081000000, 0x0000000081000000|100%| O|  |TAMS 0x0000000080f00000, 0x0000000081000000| Untracked 
|  16|0x0000000081000000, 0x0000000081100000, 0x0000000081100000|100%| O|  |TAMS 0x0000000081000000, 0x0000000081100000| Untracked 
|  17|0x0000000081100000, 0x0000000081107a00, 0x0000000081200000|  2%| O|  |TAMS 0x0000000081100000, 0x0000000081107a00| Untracked 
|  18|0x0000000081200000, 0x0000000081200000, 0x0000000081300000|  0%| F|  |TAMS 0x0000000081200000, 0x0000000081200000| Untracked 
|  19|0x0000000081300000, 0x0000000081300000, 0x0000000081400000|  0%| F|  |TAMS 0x0000000081300000, 0x0000000081300000| Untracked 
|  20|0x0000000081400000, 0x0000000081400000, 0x0000000081500000|  0%| F|  |TAMS 0x0000000081400000, 0x0000000081400000| Untracked 
|  21|0x0000000081500000, 0x0000000081500000, 0x0000000081600000|  0%| F|  |TAMS 0x0000000081500000, 0x0000000081500000| Untracked 
|  22|0x0000000081600000, 0x0000000081600000, 0x0000000081700000|  0%| F|  |TAMS 0x0000000081600000, 0x0000000081600000| Untracked 
|  23|0x0000000081700000, 0x0000000081700000, 0x0000000081800000|  0%| F|  |TAMS 0x0000000081700000, 0x0000000081700000| Untracked 
|  24|0x0000000081800000, 0x0000000081800000, 0x0000000081900000|  0%| F|  |TAMS 0x0000000081800000, 0x0000000081800000| Untracked 
|  25|0x0000000081900000, 0x0000000081900000, 0x0000000081a00000|  0%| F|  |TAMS 0x0000000081900000, 0x0000000081900000| Untracked 
|  26|0x0000000081a00000, 0x0000000081a00000, 0x0000000081b00000|  0%| F|  |TAMS 0x0000000081a00000, 0x0000000081a00000| Untracked 
|  27|0x0000000081b00000, 0x0000000081b00000, 0x0000000081c00000|  0%| F|  |TAMS 0x0000000081b00000, 0x0000000081b00000| Untracked 
|  28|0x0000000081c00000, 0x0000000081c00000, 0x0000000081d00000|  0%| F|  |TAMS 0x0000000081c00000, 0x0000000081c00000| Untracked 
|  29|0x0000000081d00000, 0x0000000081d00000, 0x0000000081e00000|  0%| F|  |TAMS 0x0000000081d00000, 0x0000000081d00000| Untracked 
|  30|0x0000000081e00000, 0x0000000081e00000, 0x0000000081f00000|  0%| F|  |TAMS 0x0000000081e00000, 0x0000000081e00000| Untracked 
|  31|0x0000000081f00000, 0x0000000081f00000, 0x0000000082000000|  0%| F|  |TAMS 0x0000000081f00000, 0x0000000081f00000| Untracked 
|  32|0x0000000082000000, 0x0000000082000000, 0x0000000082100000|  0%| F|  |TAMS 0x0000000082000000, 0x0000000082000000| Untracked 
|  33|0x0000000082100000, 0x0000000082100000, 0x0000000082200000|  0%| F|  |TAMS 0x0000000082100000, 0x0000000082100000| Untracked 
|  34|0x0000000082200000, 0x0000000082200000, 0x0000000082300000|  0%| F|  |TAMS 0x0000000082200000, 0x0000000082200000| Untracked 
|  35|0x0000000082300000, 0x0000000082300000, 0x0000000082400000|  0%| F|  |TAMS 0x0000000082300000, 0x0000000082300000| Untracked 
|  36|0x0000000082400000, 0x0000000082400000, 0x0000000082500000|  0%| F|  |TAMS 0x0000000082400000, 0x0000000082400000| Untracked 
|  37|0x0000000082500000, 0x0000000082500000, 0x0000000082600000|  0%| F|  |TAMS 0x0000000082500000, 0x0000000082500000| Untracked 
|  38|0x0000000082600000, 0x0000000082600000, 0x0000000082700000|  0%| F|  |TAMS 0x0000000082600000, 0x0000000082600000| Untracked 
|  39|0x0000000082700000, 0x0000000082700000, 0x0000000082800000|  0%| F|  |TAMS 0x0000000082700000, 0x0000000082700000| Untracked 
|  40|0x0000000082800000, 0x0000000082800000, 0x0000000082900000|  0%| F|  |TAMS 0x0000000082800000, 0x0000000082800000| Untracked 
|  41|0x0000000082900000, 0x0000000082900000, 0x0000000082a00000|  0%| F|  |TAMS 0x0000000082900000, 0x0000000082900000| Untracked 
|  42|0x0000000082a00000, 0x0000000082a00000, 0x0000000082b00000|  0%| F|  |TAMS 0x0000000082a00000, 0x0000000082a00000| Untracked 
|  43|0x0000000082b00000, 0x0000000082b00000, 0x0000000082c00000|  0%| F|  |TAMS 0x0000000082b00000, 0x0000000082b00000| Untracked 
|  44|0x0000000082c00000, 0x0000000082c00000, 0x0000000082d00000|  0%| F|  |TAMS 0x0000000082c00000, 0x0000000082c00000| Untracked 
|  45|0x0000000082d00000, 0x0000000082d00000, 0x0000000082e00000|  0%| F|  |TAMS 0x0000000082d00000, 0x0000000082d00000| Untracked 
|  46|0x0000000082e00000, 0x0000000082e00000, 0x0000000082f00000|  0%| F|  |TAMS 0x0000000082e00000, 0x0000000082e00000| Untracked 
|  47|0x0000000082f00000, 0x0000000082f36f68, 0x0000000083000000| 21%| S|CS|TAMS 0x0000000082f00000, 0x0000000082f00000| Complete 
|  48|0x0000000083000000, 0x0000000083100000, 0x0000000083100000|100%| S|CS|TAMS 0x0000000083000000, 0x0000000083000000| Complete 
|  49|0x0000000083100000, 0x0000000083200000, 0x0000000083200000|100%| S|CS|TAMS 0x0000000083100000, 0x0000000083100000| Complete 
|  50|0x0000000083200000, 0x0000000083200000, 0x0000000083300000|  0%| F|  |TAMS 0x0000000083200000, 0x0000000083200000| Untracked 
|  51|0x0000000083300000, 0x0000000083300000, 0x0000000083400000|  0%| F|  |TAMS 0x0000000083300000, 0x0000000083300000| Untracked 
|  52|0x0000000083400000, 0x0000000083400000, 0x0000000083500000|  0%| F|  |TAMS 0x0000000083400000, 0x0000000083400000| Untracked 
|  53|0x0000000083500000, 0x0000000083500000, 0x0000000083600000|  0%| F|  |TAMS 0x0000000083500000, 0x0000000083500000| Untracked 
|  54|0x0000000083600000, 0x0000000083600000, 0x0000000083700000|  0%| F|  |TAMS 0x0000000083600000, 0x0000000083600000| Untracked 
|  55|0x0000000083700000, 0x0000000083700000, 0x0000000083800000|  0%| F|  |TAMS 0x0000000083700000, 0x0000000083700000| Untracked 

Card table byte_map: [0x000001f1a5fa0000,0x000001f1a63a0000] _byte_map_base: 0x000001f1a5ba0000

Marking Bits (Prev, Next): (CMBitMap*) 0x000001f1934db5c0, (CMBitMap*) 0x000001f1934db588
 Prev Bits: [0x000001f1a87a0000, 0x000001f1aa7a0000)
 Next Bits: [0x000001f1a67a0000, 0x000001f1a87a0000)

Polling page: 0x000001f191440000

Metaspace:

Usage:
  Non-class:     22.63 MB capacity,    22.32 MB ( 99%) used,   265.64 KB (  1%) free+waste,    45.81 KB ( <1%) overhead. 
      Class:      3.50 MB capacity,     3.31 MB ( 95%) used,   174.69 KB (  5%) free+waste,    22.56 KB ( <1%) overhead. 
       Both:     26.13 MB capacity,    25.63 MB ( 98%) used,   440.33 KB (  2%) free+waste,    68.38 KB ( <1%) overhead. 

Virtual space:
  Non-class space:       32.00 MB reserved,      22.67 MB ( 71%) committed 
      Class space:        1.00 GB reserved,       3.63 MB ( <1%) committed 
             Both:        1.03 GB reserved,      26.30 MB (  2%) committed 

Chunk freelists:
   Non-Class:  46.00 KB
       Class:  29.00 KB
        Both:  75.00 KB

MaxMetaspaceSize: 17179869184.00 GB
CompressedClassSpaceSize: 1.00 GB
Initial GC threshold: 20.80 MB
Current GC threshold: 35.20 MB
CDS: off

CodeHeap 'non-profiled nmethods': size=120064Kb used=1209Kb max_used=1209Kb free=118854Kb
 bounds [0x000001f19ea60000, 0x000001f19ecd0000, 0x000001f1a5fa0000]
CodeHeap 'profiled nmethods': size=120000Kb used=5194Kb max_used=5194Kb free=114805Kb
 bounds [0x000001f197530000, 0x000001f197a50000, 0x000001f19ea60000]
CodeHeap 'non-nmethods': size=5696Kb used=1230Kb max_used=1261Kb free=4465Kb
 bounds [0x000001f196fa0000, 0x000001f197210000, 0x000001f197530000]
 total_blobs=2849 nmethods=2350 adapters=412
 compilation: enabled
              stopped_count=0, restarted_count=0
 full_count=0

Compilation events (20 events):
Event: 38.830 Thread 0x000001f1ad39c000 2341       3       java.util.Collections$UnmodifiableList::get (11 bytes)
Event: 38.831 Thread 0x000001f1ad39c000 nmethod 2341 0x000001f197a3e690 code [0x000001f197a3e840, 0x000001f197a3ea08]
Event: 38.831 Thread 0x000001f1ad396000 2342       4       java.util.Arrays::copyOf (40 bytes)
Event: 38.844 Thread 0x000001f1ad396000 nmethod 2342 0x000001f19eb8db10 code [0x000001f19eb8dcc0, 0x000001f19eb8e138]
Event: 38.844 Thread 0x000001f1ad39c000 2343       1       org.gradle.api.internal.file.pattern.EndOfPathMatcher::getMaxSegments (2 bytes)
Event: 38.845 Thread 0x000001f1ad39c000 nmethod 2343 0x000001f19eb8e390 code [0x000001f19eb8e540, 0x000001f19eb8e5f8]
Event: 38.845 Thread 0x000001f1ad39c000 2344       3       org.gradle.api.internal.file.pattern.PatternMatcherFactory::compile (117 bytes)
Event: 38.847 Thread 0x000001f1ad39c000 nmethod 2344 0x000001f197a3eb10 code [0x000001f197a3edc0, 0x000001f197a3fa58]
Event: 38.851 Thread 0x000001f1ad39c000 2345       3       java.lang.invoke.StringConcatFactory$MethodHandleInlineCopyStrategy::newArray (16 bytes)
Event: 38.852 Thread 0x000001f1ad39c000 nmethod 2345 0x000001f197a3fe10 code [0x000001f197a3ffe0, 0x000001f197a401e8]
Event: 38.852 Thread 0x000001f1ad39c000 2346       3       jdk.internal.misc.Unsafe::allocateUninitializedArray (52 bytes)
Event: 38.853 Thread 0x000001f1ad39c000 nmethod 2346 0x000001f197a40290 code [0x000001f197a404a0, 0x000001f197a408f8]
Event: 38.853 Thread 0x000001f1ad39c000 2349       3       java.util.concurrent.locks.AbstractQueuedSynchronizer::acquire (27 bytes)
Event: 38.854 Thread 0x000001f1ad39c000 nmethod 2349 0x000001f197a40a90 code [0x000001f197a40c80, 0x000001f197a41058]
Event: 38.854 Thread 0x000001f1ad39c000 2347       3       jdk.internal.misc.Unsafe::allocateUninitializedArray0 (90 bytes)
Event: 38.855 Thread 0x000001f1ad39c000 nmethod 2347 0x000001f197a41190 code [0x000001f197a41380, 0x000001f197a41bd8]
Event: 38.855 Thread 0x000001f1ad39c000 2348       3       java.lang.invoke.LambdaForm$MH/0x00000001000e8c40::invoke (31 bytes)
Event: 38.856 Thread 0x000001f1ad39c000 nmethod 2348 0x000001f197a41d10 code [0x000001f197a41ee0, 0x000001f197a42378]
Event: 38.867 Thread 0x000001f1ad39c000 2350       3       java.security.MessageDigest$Delegate::engineUpdate (11 bytes)
Event: 38.868 Thread 0x000001f1ad39c000 nmethod 2350 0x000001f197a42490 code [0x000001f197a42640, 0x000001f197a42808]

GC Heap History (18 events):
Event: 1.964 GC heap before
{Heap before GC invocations=0 (full 0):
 garbage-first heap   total 57344K, used 7168K [0x0000000080000000, 0x0000000100000000)
  region size 1024K, 7 young (7168K), 0 survivors (0K)
 Metaspace       used 6196K, capacity 6329K, committed 6528K, reserved 1056768K
  class space    used 542K, capacity 578K, committed 640K, reserved 1048576K
}
Event: 1.973 GC heap after
{Heap after GC invocations=1 (full 0):
 garbage-first heap   total 57344K, used 1436K [0x0000000080000000, 0x0000000100000000)
  region size 1024K, 1 young (1024K), 1 survivors (1024K)
 Metaspace       used 6196K, capacity 6329K, committed 6528K, reserved 1056768K
  class space    used 542K, capacity 578K, committed 640K, reserved 1048576K
}
Event: 13.762 GC heap before
{Heap before GC invocations=1 (full 0):
 garbage-first heap   total 57344K, used 39324K [0x0000000080000000, 0x0000000100000000)
  region size 1024K, 33 young (33792K), 1 survivors (1024K)
 Metaspace       used 11242K, capacity 11454K, committed 11520K, reserved 1058816K
  class space    used 1174K, capacity 1246K, committed 1280K, reserved 1048576K
}
Event: 13.788 GC heap after
{Heap after GC invocations=2 (full 0):
 garbage-first heap   total 57344K, used 9600K [0x0000000080000000, 0x0000000100000000)
  region size 1024K, 5 young (5120K), 5 survivors (5120K)
 Metaspace       used 11242K, capacity 11454K, committed 11520K, reserved 1058816K
  class space    used 1174K, capacity 1246K, committed 1280K, reserved 1048576K
}
Event: 14.823 GC heap before
{Heap before GC invocations=2 (full 0):
 garbage-first heap   total 57344K, used 25984K [0x0000000080000000, 0x0000000100000000)
  region size 1024K, 21 young (21504K), 5 survivors (5120K)
 Metaspace       used 11309K, capacity 11518K, committed 11776K, reserved 1060864K
  class space    used 1175K, capacity 1246K, committed 1280K, reserved 1048576K
}
Event: 14.852 GC heap after
{Heap after GC invocations=3 (full 0):
 garbage-first heap   total 57344K, used 12539K [0x0000000080000000, 0x0000000100000000)
  region size 1024K, 2 young (2048K), 2 survivors (2048K)
 Metaspace       used 11309K, capacity 11518K, committed 11776K, reserved 1060864K
  class space    used 1175K, capacity 1246K, committed 1280K, reserved 1048576K
}
Event: 19.133 GC heap before
{Heap before GC invocations=3 (full 0):
 garbage-first heap   total 57344K, used 34043K [0x0000000080000000, 0x0000000100000000)
  region size 1024K, 24 young (24576K), 2 survivors (2048K)
 Metaspace       used 12769K, capacity 13070K, committed 13312K, reserved 1060864K
  class space    used 1386K, capacity 1486K, committed 1536K, reserved 1048576K
}
Event: 19.148 GC heap after
{Heap after GC invocations=4 (full 0):
 garbage-first heap   total 57344K, used 15250K [0x0000000080000000, 0x0000000100000000)
  region size 1024K, 3 young (3072K), 3 survivors (3072K)
 Metaspace       used 12769K, capacity 13070K, committed 13312K, reserved 1060864K
  class space    used 1386K, capacity 1486K, committed 1536K, reserved 1048576K
}
Event: 26.866 GC heap before
{Heap before GC invocations=4 (full 0):
 garbage-first heap   total 57344K, used 37778K [0x0000000080000000, 0x0000000100000000)
  region size 1024K, 25 young (25600K), 3 survivors (3072K)
 Metaspace       used 18185K, capacity 18559K, committed 18688K, reserved 1064960K
  class space    used 2159K, capacity 2276K, committed 2304K, reserved 1048576K
}
Event: 26.885 GC heap after
{Heap after GC invocations=5 (full 0):
 garbage-first heap   total 57344K, used 16858K [0x0000000080000000, 0x0000000100000000)
  region size 1024K, 2 young (2048K), 2 survivors (2048K)
 Metaspace       used 18185K, capacity 18559K, committed 18688K, reserved 1064960K
  class space    used 2159K, capacity 2276K, committed 2304K, reserved 1048576K
}
Event: 29.621 GC heap before
{Heap before GC invocations=5 (full 0):
 garbage-first heap   total 57344K, used 37338K [0x0000000080000000, 0x0000000100000000)
  region size 1024K, 24 young (24576K), 2 survivors (2048K)
 Metaspace       used 20708K, capacity 21113K, committed 21296K, reserved 1069056K
  class space    used 2538K, capacity 2680K, committed 2688K, reserved 1048576K
}
Event: 29.635 GC heap after
{Heap after GC invocations=6 (full 0):
 garbage-first heap   total 57344K, used 17554K [0x0000000080000000, 0x0000000100000000)
  region size 1024K, 3 young (3072K), 3 survivors (3072K)
 Metaspace       used 20708K, capacity 21113K, committed 21296K, reserved 1069056K
  class space    used 2538K, capacity 2680K, committed 2688K, reserved 1048576K
}
Event: 32.787 GC heap before
{Heap before GC invocations=7 (full 0):
 garbage-first heap   total 57344K, used 39058K [0x0000000080000000, 0x0000000100000000)
  region size 1024K, 25 young (25600K), 3 survivors (3072K)
 Metaspace       used 23044K, capacity 23532K, committed 23728K, reserved 1071104K
  class space    used 2908K, capacity 3066K, committed 3072K, reserved 1048576K
}
Event: 32.809 GC heap after
{Heap after GC invocations=8 (full 0):
 garbage-first heap   total 57344K, used 18164K [0x0000000080000000, 0x0000000100000000)
  region size 1024K, 2 young (2048K), 2 survivors (2048K)
 Metaspace       used 23044K, capacity 23532K, committed 23728K, reserved 1071104K
  class space    used 2908K, capacity 3066K, committed 3072K, reserved 1048576K
}
Event: 37.802 GC heap before
{Heap before GC invocations=8 (full 0):
 garbage-first heap   total 57344K, used 40692K [0x0000000080000000, 0x0000000100000000)
  region size 1024K, 24 young (24576K), 2 survivors (2048K)
 Metaspace       used 25518K, capacity 26008K, committed 26288K, reserved 1073152K
  class space    used 3271K, capacity 3486K, committed 3584K, reserved 1048576K
}
Event: 37.816 GC heap after
{Heap after GC invocations=9 (full 0):
 garbage-first heap   total 57344K, used 19401K [0x0000000080000000, 0x0000000100000000)
  region size 1024K, 3 young (3072K), 3 survivors (3072K)
 Metaspace       used 25518K, capacity 26008K, committed 26288K, reserved 1073152K
  class space    used 3271K, capacity 3486K, committed 3584K, reserved 1048576K
}
Event: 38.886 GC heap before
{Heap before GC invocations=9 (full 0):
 garbage-first heap   total 57344K, used 24521K [0x0000000080000000, 0x0000000100000000)
  region size 1024K, 9 young (9216K), 3 survivors (3072K)
 Metaspace       used 26248K, capacity 26757K, committed 26928K, reserved 1079296K
  class space    used 3389K, capacity 3587K, committed 3712K, reserved 1048576K
}
Event: 38.901 GC heap after
{Heap after GC invocations=10 (full 0):
 garbage-first heap   total 57344K, used 19706K [0x0000000080000000, 0x0000000100000000)
  region size 1024K, 3 young (3072K), 3 survivors (3072K)
 Metaspace       used 26248K, capacity 26757K, committed 26928K, reserved 1079296K
  class space    used 3389K, capacity 3587K, committed 3712K, reserved 1048576K
}

Deoptimization events (20 events):
Event: 31.133 Thread 0x000001f1aeb5f000 Uncommon trap: trap_request=0xffffff4d fr.pc=0x000001f19eb4a518 relative=0x0000000000000398
Event: 31.134 Thread 0x000001f1aeb5f000 Uncommon trap: reason=unstable_if action=reinterpret pc=0x000001f19eb4a518 method=jdk.internal.org.objectweb.asm.Type.getArgumentsAndReturnSizes(Ljava/lang/String;)I @ 88 c2
Event: 31.134 Thread 0x000001f1aeb5f000 DEOPT PACKING pc=0x000001f19eb4a518 sp=0x0000008a62ef9330
Event: 31.134 Thread 0x000001f1aeb5f000 DEOPT UNPACKING pc=0x000001f196fea1af sp=0x0000008a62ef92b8 mode 2
Event: 34.315 Thread 0x000001f1aeb5f000 Uncommon trap: trap_request=0xffffff4d fr.pc=0x000001f19eab6afc relative=0x000000000000023c
Event: 34.315 Thread 0x000001f1aeb5f000 Uncommon trap: reason=unstable_if action=reinterpret pc=0x000001f19eab6afc method=java.util.concurrent.ConcurrentHashMap.get(Ljava/lang/Object;)Ljava/lang/Object; @ 76 c2
Event: 34.315 Thread 0x000001f1aeb5f000 DEOPT PACKING pc=0x000001f19eab6afc sp=0x0000008a62ef94e0
Event: 34.315 Thread 0x000001f1aeb5f000 DEOPT UNPACKING pc=0x000001f196fea1af sp=0x0000008a62ef9448 mode 2
Event: 36.936 Thread 0x000001f1aeb5f000 Uncommon trap: trap_request=0xffffff4d fr.pc=0x000001f19eb7e694 relative=0x00000000000003b4
Event: 36.936 Thread 0x000001f1aeb5f000 Uncommon trap: reason=unstable_if action=reinterpret pc=0x000001f19eb7e694 method=sun.nio.cs.UTF_8$Decoder.decodeArrayLoop(Ljava/nio/ByteBuffer;Ljava/nio/CharBuffer;)Ljava/nio/charset/CoderResult; @ 110 c2
Event: 36.936 Thread 0x000001f1aeb5f000 DEOPT PACKING pc=0x000001f19eb7e694 sp=0x0000008a62ef99c0
Event: 36.936 Thread 0x000001f1aeb5f000 DEOPT UNPACKING pc=0x000001f196fea1af sp=0x0000008a62ef98f8 mode 2
Event: 37.570 Thread 0x000001f1aeb5f000 Uncommon trap: trap_request=0xffffffcc fr.pc=0x000001f19eb81eb8 relative=0x00000000000002f8
Event: 37.570 Thread 0x000001f1aeb5f000 Uncommon trap: reason=intrinsic_or_type_checked_inlining action=make_not_entrant pc=0x000001f19eb81eb8 method=java.util.Arrays.copyOf([Ljava/lang/Object;ILjava/lang/Class;)[Ljava/lang/Object; @ 35 c2
Event: 37.570 Thread 0x000001f1aeb5f000 DEOPT PACKING pc=0x000001f19eb81eb8 sp=0x0000008a62efa060
Event: 37.570 Thread 0x000001f1aeb5f000 DEOPT UNPACKING pc=0x000001f196fea1af sp=0x0000008a62ef9ff0 mode 2
Event: 38.749 Thread 0x000001f1aeb5f000 Uncommon trap: trap_request=0xffffff7e fr.pc=0x000001f19eb83d24 relative=0x0000000000000164
Event: 38.749 Thread 0x000001f1aeb5f000 Uncommon trap: reason=predicate action=maybe_recompile pc=0x000001f19eb83d24 method=com.google.common.base.CharMatcher.indexIn(Ljava/lang/CharSequence;I)I @ 19 c2
Event: 38.749 Thread 0x000001f1aeb5f000 DEOPT PACKING pc=0x000001f19eb83d24 sp=0x0000008a62efb170
Event: 38.749 Thread 0x000001f1aeb5f000 DEOPT UNPACKING pc=0x000001f196fea1af sp=0x0000008a62efb100 mode 2

Classes redefined (0 events):
No events

Internal exceptions (20 events):
Event: 19.307 Thread 0x000001f19349b000 Exception <a 'java/lang/NoSuchMethodError'{0x0000000083717440}: 'java.lang.Object java.lang.invoke.DirectMethodHandle$Holder.invokeStaticInit(java.lang.Object, java.lang.Object, java.lang.Object)'> (0x0000000083717440) thrown at [./src/hotspot/share/interpreter/linkResolver.cpp, line 773]
Event: 20.671 Thread 0x000001f19349b000 Exception <a 'java/lang/NoSuchMethodError'{0x000000008314a868}: 'java.lang.Object java.lang.invoke.DirectMethodHandle$Holder.invokeStaticInit(java.lang.Object, int, int, int, int)'> (0x000000008314a868) thrown at [./src/hotspot/share/interpreter/linkResolver.cpp, line 773]
Event: 22.350 Thread 0x000001f19349b000 Exception <a 'java/lang/NoSuchMethodError'{0x0000000083163428}: 'java.lang.Object java.lang.invoke.DirectMethodHandle$Holder.invokeStaticInit(java.lang.Object, java.lang.Object, int, int, int, int)'> (0x0000000083163428) thrown at [./src/hotspot/share/interpreter/linkResolver.cpp, line 773]
Event: 24.201 Thread 0x000001f19349b000 Exception <a 'java/io/IOException'{0x0000000082f6ab00}> (0x0000000082f6ab00) thrown at [./src/hotspot/share/prims/jni.cpp, line 615]
Event: 25.632 Thread 0x000001f1aeb5f000 Exception <a 'java/lang/NoSuchMethodError'{0x0000000082a43ed0}: 'long java.lang.invoke.DirectMethodHandle$Holder.invokeInterface(java.lang.Object, java.lang.Object)'> (0x0000000082a43ed0) thrown at [./src/hotspot/share/interpreter/linkResolver.cpp, line 773]
Event: 25.637 Thread 0x000001f1aeb5f000 Exception <a 'java/lang/NoSuchMethodError'{0x0000000082a50f70}: 'void java.lang.invoke.DelegatingMethodHandle$Holder.reinvoke_L(java.lang.Object, java.lang.Object, java.lang.Object, java.lang.Object, java.lang.Object, java.lang.Object, java.lang.Object)'> (0x0000000082a50f70) thrown at [./src/hotspot/share/interpreter/linkResolver.cpp, line 773]
Event: 28.944 Thread 0x000001f1aeb5f000 Exception <a 'java/lang/NoSuchMethodError'{0x0000000082675ea8}: 'void java.lang.invoke.DirectMethodHandle$Holder.invokeStaticInit(java.lang.Object)'> (0x0000000082675ea8) thrown at [./src/hotspot/share/interpreter/linkResolver.cpp, line 773]
Event: 29.029 Thread 0x000001f1aeb5f000 Exception <a 'java/lang/NoSuchMethodError'{0x0000000082522ff8}: 'java.lang.Object java.lang.invoke.DirectMethodHandle$Holder.invokeStatic(java.lang.Object, java.lang.Object, java.lang.Object, int)'> (0x0000000082522ff8) thrown at [./src/hotspot/share/interpreter/linkResolver.cpp, line 773]
Event: 29.033 Thread 0x000001f1aeb5f000 Exception <a 'java/lang/NoSuchMethodError'{0x0000000082527710}: 'java.lang.Object java.lang.invoke.DirectMethodHandle$Holder.invokeSpecial(java.lang.Object, java.lang.Object, java.lang.Object, java.lang.Object, int)'> (0x0000000082527710) thrown at [./src/hotspot/share/interpreter/linkResolver.cpp, line 773]
Event: 29.034 Thread 0x000001f1aeb5f000 Exception <a 'java/lang/NoSuchMethodError'{0x000000008252b648}: 'java.lang.Object java.lang.invoke.Invokers$Holder.linkToTargetMethod(java.lang.Object, java.lang.Object, int, java.lang.Object)'> (0x000000008252b648) thrown at [./src/hotspot/share/interpreter/linkResolver.cpp, line 773]
Event: 30.368 Thread 0x000001f1aeb5f000 Exception <a 'java/lang/NoSuchMethodError'{0x000000008357d7a8}: 'int java.lang.invoke.DirectMethodHandle$Holder.invokeSpecialIFC(java.lang.Object, java.lang.Object, java.lang.Object, java.lang.Object)'> (0x000000008357d7a8) thrown at [./src/hotspot/share/interpreter/linkResolver.cpp, line 773]
Event: 30.383 Thread 0x000001f1aeb5f000 Exception <a 'java/lang/NoSuchMethodError'{0x000000008358b760}: 'java.lang.Object java.lang.invoke.DirectMethodHandle$Holder.invokeInterface(java.lang.Object, java.lang.Object, java.lang.Object)'> (0x000000008358b760) thrown at [./src/hotspot/share/interpreter/linkResolver.cpp, line 773]
Event: 30.384 Thread 0x000001f1aeb5f000 Exception <a 'java/lang/IncompatibleClassChangeError'{0x000000008358ec38}: Found class java.lang.Object, but interface was expected> (0x000000008358ec38) thrown at [./src/hotspot/share/interpreter/linkResolver.cpp, line 839]
Event: 31.778 Thread 0x000001f1aeb5f000 Exception <a 'java/lang/NoSuchMethodError'{0x0000000082ad43b0}: 'java.lang.Object java.lang.invoke.DirectMethodHandle$Holder.invokeSpecial(java.lang.Object, java.lang.Object, java.lang.Object, java.lang.Object, java.lang.Object, java.lang.Object, java.lang.Object, java.lang.Object, java.lang.Object)'> (0x0000000082ad43b0) thrown at [./src/hotspot/share/interpreter/linkResolver.cpp, line 773]
Event: 32.948 Thread 0x000001f1aeb5f000 Exception <a 'java/lang/NoSuchMethodError'{0x00000000837ed330}: 'java.lang.Object java.lang.invoke.DirectMethodHandle$Holder.invokeVirtual(java.lang.Object, java.lang.Object, java.lang.Object, java.lang.Object)'> (0x00000000837ed330) thrown at [./src/hotspot/share/interpreter/linkResolver.cpp, line 773]
Event: 34.603 Thread 0x000001f1aeb5f000 Exception <a 'java/lang/NoSuchMethodError'{0x00000000830e7570}: 'void java.lang.invoke.DirectMethodHandle$Holder.invokeSpecial(java.lang.Object, java.lang.Object, java.lang.Object, java.lang.Object, java.lang.Object, java.lang.Object)'> (0x00000000830e7570) thrown at [./src/hotspot/share/interpreter/linkResolver.cpp, line 773]
Event: 34.779 Thread 0x000001f1aeb5f000 Exception <a 'java/lang/NoSuchMethodError'{0x0000000082f56208}: 'void java.lang.invoke.DirectMethodHandle$Holder.invokeSpecial(java.lang.Object, java.lang.Object, java.lang.Object, java.lang.Object, java.lang.Object, java.lang.Object, java.lang.Object)'> (0x0000000082f56208) thrown at [./src/hotspot/share/interpreter/linkResolver.cpp, line 773]
Event: 34.782 Thread 0x000001f1aeb5f000 Exception <a 'java/lang/NoSuchMethodError'{0x0000000082f5ec00}: 'java.lang.Object java.lang.invoke.Invokers$Holder.linkToTargetMethod(java.lang.Object, java.lang.Object, java.lang.Object, java.lang.Object, java.lang.Object, java.lang.Object)'> (0x0000000082f5ec00) thrown at [./src/hotspot/share/interpreter/linkResolver.cpp, line 773]
Event: 36.725 Thread 0x000001f1aeb5f000 Exception <a 'java/lang/NoSuchMethodError'{0x000000008269ce00}: 'int java.lang.invoke.DirectMethodHandle$Holder.invokeStaticInit(java.lang.Object, java.lang.Object, java.lang.Object)'> (0x000000008269ce00) thrown at [./src/hotspot/share/interpreter/linkResolver.cpp, line 773]
Event: 37.896 Thread 0x000001f1aeb5f000 Exception <a 'java/lang/NoSuchMethodError'{0x00000000837de3e8}: 'void java.lang.invoke.DirectMethodHandle$Holder.invokeStaticInit(java.lang.Object, java.lang.Object)'> (0x00000000837de3e8) thrown at [./src/hotspot/share/interpreter/linkResolver.cpp, line 773]

Events (20 events):
Event: 38.760 loading class org/gradle/api/internal/file/pattern/HasPrefixPatternStep done
Event: 38.761 loading class org/gradle/api/internal/file/pattern/HasSuffixPatternStep
Event: 38.761 loading class org/gradle/api/internal/file/pattern/HasSuffixPatternStep done
Event: 38.763 loading class org/gradle/api/internal/file/pattern/FixedPatternStep
Event: 38.763 loading class org/gradle/api/internal/file/pattern/FixedPatternStep done
Event: 38.805 loading class org/gradle/api/internal/file/pattern/AnythingMatcher
Event: 38.805 loading class org/gradle/api/internal/file/pattern/AnythingMatcher done
Event: 38.825 loading class org/gradle/api/internal/file/RelativePathSpec
Event: 38.825 loading class org/gradle/api/internal/file/RelativePathSpec done
Event: 38.826 loading class org/gradle/api/tasks/util/internal/CachingPatternSpecFactory$CachingSpec
Event: 38.826 loading class org/gradle/api/tasks/util/internal/CachingPatternSpecFactory$CachingSpec done
Event: 38.878 loading class org/gradle/composite/internal/DefaultRootBuildState$1
Event: 38.878 loading class org/gradle/composite/internal/DefaultRootBuildState$1 done
Event: 38.880 loading class org/gradle/internal/watch/vfs/VfsLogging
Event: 38.880 loading class org/gradle/internal/watch/vfs/VfsLogging done
Event: 38.881 loading class org/gradle/internal/watch/vfs/WatchLogging
Event: 38.881 loading class org/gradle/internal/watch/vfs/WatchLogging done
Event: 38.883 loading class org/slf4j/helpers/NOPLogger
Event: 38.883 loading class org/slf4j/helpers/NOPLogger done
Event: 38.886 Executing VM operation: CollectForMetadataAllocation


Dynamic libraries:
0x00007ff7c2e80000 - 0x00007ff7c2e8a000 	C:\Program Files\Android\Android Studio\jre\bin\java.exe
0x00007ff965b00000 - 0x00007ff965cf0000 	C:\Windows\SYSTEM32\ntdll.dll
0x00007ff9642f0000 - 0x00007ff9643a2000 	C:\Windows\System32\KERNEL32.DLL
0x00007ff963580000 - 0x00007ff963823000 	C:\Windows\System32\KERNELBASE.dll
0x00007ff963830000 - 0x00007ff96392a000 	C:\Windows\System32\ucrtbase.dll
0x00007ff95f240000 - 0x00007ff95f259000 	C:\Program Files\Android\Android Studio\jre\bin\jli.dll
0x00007ff9658b0000 - 0x00007ff965a44000 	C:\Windows\System32\USER32.dll
0x00007ff9633b0000 - 0x00007ff9633d1000 	C:\Windows\System32\win32u.dll
0x00007ff963cd0000 - 0x00007ff963cf6000 	C:\Windows\System32\GDI32.dll
0x00007ff9633e0000 - 0x00007ff963574000 	C:\Windows\System32\gdi32full.dll
0x00007ff963a30000 - 0x00007ff963ace000 	C:\Windows\System32\msvcp_win.dll
0x00007ff95c5e0000 - 0x00007ff95c5f7000 	C:\Program Files\Android\Android Studio\jre\bin\VCRUNTIME140.dll
0x00007ff94d7c0000 - 0x00007ff94da45000 	C:\Windows\WinSxS\amd64_microsoft.windows.common-controls_6595b64144ccf1df_6.0.18362.418_none_e6c6b287130d565d\COMCTL32.dll
0x00007ff963c30000 - 0x00007ff963cce000 	C:\Windows\System32\msvcrt.dll
0x00007ff965310000 - 0x00007ff965646000 	C:\Windows\System32\combase.dll
0x00007ff9650a0000 - 0x00007ff9651c0000 	C:\Windows\System32\RPCRT4.dll
0x00007ff963ad0000 - 0x00007ff963b50000 	C:\Windows\System32\bcryptPrimitives.dll
0x00007ff965880000 - 0x00007ff9658ae000 	C:\Windows\System32\IMM32.DLL
0x00007ff957440000 - 0x00007ff9574dd000 	C:\Program Files\Android\Android Studio\jre\bin\msvcp140.dll
0x00007ff92aca0000 - 0x00007ff92b785000 	C:\Program Files\Android\Android Studio\jre\bin\server\jvm.dll
0x00007ff964ff0000 - 0x00007ff965093000 	C:\Windows\System32\ADVAPI32.dll
0x00007ff964080000 - 0x00007ff964117000 	C:\Windows\System32\sechost.dll
0x00007ff9651c0000 - 0x00007ff9651c8000 	C:\Windows\System32\PSAPI.DLL
0x00007ff95bfa0000 - 0x00007ff95bfaa000 	C:\Windows\SYSTEM32\VERSION.dll
0x00007ff95e920000 - 0x00007ff95e929000 	C:\Windows\SYSTEM32\WSOCK32.dll
0x00007ff963eb0000 - 0x00007ff963f1f000 	C:\Windows\System32\WS2_32.dll
0x00007ff960bb0000 - 0x00007ff960bd4000 	C:\Windows\SYSTEM32\WINMM.dll
0x00007ff960b80000 - 0x00007ff960bad000 	C:\Windows\SYSTEM32\WINMMBASE.dll
0x00007ff963360000 - 0x00007ff9633aa000 	C:\Windows\System32\cfgmgr32.dll
0x00007ff962a00000 - 0x00007ff962a11000 	C:\Windows\System32\kernel.appcore.dll
0x00007ff95bdf0000 - 0x00007ff95be01000 	C:\Program Files\Android\Android Studio\jre\bin\verify.dll
0x00007ff94dc50000 - 0x00007ff94de44000 	C:\Windows\SYSTEM32\DBGHELP.DLL
0x00007ff94dc20000 - 0x00007ff94dc4a000 	C:\Windows\SYSTEM32\dbgcore.DLL
0x00007ff95bdc0000 - 0x00007ff95bde9000 	C:\Program Files\Android\Android Studio\jre\bin\java.dll
0x00007ff95e910000 - 0x00007ff95e91b000 	C:\Program Files\Android\Android Studio\jre\bin\jimage.dll
0x00007ff95bda0000 - 0x00007ff95bdb8000 	C:\Program Files\Android\Android Studio\jre\bin\zip.dll
0x00007ff964830000 - 0x00007ff964f15000 	C:\Windows\System32\SHELL32.dll
0x00007ff963f20000 - 0x00007ff963fc9000 	C:\Windows\System32\shcore.dll
0x00007ff962be0000 - 0x00007ff96335f000 	C:\Windows\System32\windows.storage.dll
0x00007ff962a20000 - 0x00007ff962a3f000 	C:\Windows\System32\profapi.dll
0x00007ff962a40000 - 0x00007ff962a8a000 	C:\Windows\System32\powrprof.dll
0x00007ff9629d0000 - 0x00007ff9629e0000 	C:\Windows\System32\UMPDC.dll
0x00007ff964290000 - 0x00007ff9642e2000 	C:\Windows\System32\shlwapi.dll
0x00007ff963930000 - 0x00007ff963947000 	C:\Windows\System32\cryptsp.dll
0x00007ff95bd80000 - 0x00007ff95bd9a000 	C:\Program Files\Android\Android Studio\jre\bin\net.dll
0x00007ff956940000 - 0x00007ff956a30000 	C:\Windows\SYSTEM32\WINHTTP.dll
0x00007ff962190000 - 0x00007ff9621f7000 	C:\Windows\system32\mswsock.dll
0x00007ff95bd60000 - 0x00007ff95bd74000 	C:\Program Files\Android\Android Studio\jre\bin\nio.dll
0x00007ff9574e0000 - 0x00007ff957507000 	C:\Users\VIGNESH G\.gradle\native\e1d6ef7f7dcc3fd88c89a11ec53ec762bb8ba0a96d01ffa2cd45eb1d1d8dd5c5\windows-amd64\native-platform.dll
0x00007ff949790000 - 0x00007ff9498d4000 	C:\Users\VIGNESH G\.gradle\native\5664cfc778a61ccfe75a443a1ab52a65af34e5dc3c78e0209fed803814484fcb\windows-amd64\native-platform-file-events.dll
0x00007ff95d3b0000 - 0x00007ff95d3ba000 	C:\Program Files\Android\Android Studio\jre\bin\management.dll
0x00007ff95ccd0000 - 0x00007ff95ccdd000 	C:\Program Files\Android\Android Studio\jre\bin\management_ext.dll
0x00007ff961d10000 - 0x00007ff961d43000 	C:\Windows\system32\rsaenh.dll
0x00007ff963950000 - 0x00007ff963976000 	C:\Windows\System32\bcrypt.dll
0x00007ff9628c0000 - 0x00007ff9628e5000 	C:\Windows\SYSTEM32\USERENV.dll
0x00007ff962310000 - 0x00007ff96231c000 	C:\Windows\SYSTEM32\CRYPTBASE.dll
0x00007ff961eb0000 - 0x00007ff961eea000 	C:\Windows\SYSTEM32\IPHLPAPI.DLL
0x00007ff965ab0000 - 0x00007ff965ab8000 	C:\Windows\System32\NSI.dll
0x00007ff95a220000 - 0x00007ff95a236000 	C:\Windows\SYSTEM32\dhcpcsvc6.DLL
0x00007ff95a350000 - 0x00007ff95a36c000 	C:\Windows\SYSTEM32\dhcpcsvc.DLL
0x00007ff961ef0000 - 0x00007ff961fba000 	C:\Windows\SYSTEM32\DNSAPI.dll

dbghelp: loaded successfully - version: 4.0.5 - missing functions: none
symbol engine: initialized successfully - sym options: 0x614 - pdb path: .;C:\Program Files\Android\Android Studio\jre\bin;C:\Windows\SYSTEM32;C:\Windows\WinSxS\amd64_microsoft.windows.common-controls_6595b64144ccf1df_6.0.18362.418_none_e6c6b287130d565d;C:\Program Files\Android\Android Studio\jre\bin\server;C:\Users\VIGNESH G\.gradle\native\e1d6ef7f7dcc3fd88c89a11ec53ec762bb8ba0a96d01ffa2cd45eb1d1d8dd5c5\windows-amd64;C:\Users\VIGNESH G\.gradle\native\5664cfc778a61ccfe75a443a1ab52a65af34e5dc3c78e0209fed803814484fcb\windows-amd64

VM Arguments:
jvm_args: --add-opens=java.base/java.util=ALL-UNNAMED --add-opens=java.base/java.lang=ALL-UNNAMED --add-opens=java.base/java.lang.invoke=ALL-UNNAMED --add-opens=java.base/java.util=ALL-UNNAMED --add-opens=java.prefs/java.util.prefs=ALL-UNNAMED --add-opens=java.prefs/java.util.prefs=ALL-UNNAMED --add-opens=java.base/java.nio.charset=ALL-UNNAMED --add-opens=java.base/java.net=ALL-UNNAMED --add-opens=java.base/java.util.concurrent.atomic=ALL-UNNAMED -Xmx2048m -Dfile.encoding=UTF-8 -Duser.country=IN -Duser.language=en -Duser.variant 
java_command: org.gradle.launcher.daemon.bootstrap.GradleDaemon 7.3.3
java_class_path (initial): C:\Users\VIGNESH G\.gradle\wrapper\dists\gradle-7.3.3-bin\6a41zxkdtcxs8rphpq6y0069z\gradle-7.3.3\lib\gradle-launcher-7.3.3.jar
Launcher Type: SUN_STANDARD

[Global flags]
     intx CICompilerCount                          = 2                                         {product} {ergonomic}
     uint ConcGCThreads                            = 1                                         {product} {ergonomic}
     uint G1ConcRefinementThreads                  = 2                                         {product} {ergonomic}
   size_t G1HeapRegionSize                         = 1048576                                   {product} {ergonomic}
    uintx GCDrainStackTargetSize                   = 64                                        {product} {ergonomic}
   size_t InitialHeapSize                          = 58720256                                  {product} {ergonomic}
   size_t MarkStackSize                            = 4194304                                   {product} {ergonomic}
   size_t MaxHeapSize                              = 2147483648                                {product} {command line}
   size_t MaxNewSize                               = 1287651328                                {product} {ergonomic}
   size_t MinHeapDeltaBytes                        = 1048576                                   {product} {ergonomic}
    uintx NonNMethodCodeHeapSize                   = 5825164                                {pd product} {ergonomic}
    uintx NonProfiledCodeHeapSize                  = 122916538                              {pd product} {ergonomic}
    uintx ProfiledCodeHeapSize                     = 122916538                              {pd product} {ergonomic}
    uintx ReservedCodeCacheSize                    = 251658240                              {pd product} {ergonomic}
     bool SegmentedCodeCache                       = true                                      {product} {ergonomic}
     bool UseCompressedClassPointers               = true                                 {lp64_product} {ergonomic}
     bool UseCompressedOops                        = true                                 {lp64_product} {ergonomic}
     bool UseG1GC                                  = true                                      {product} {ergonomic}
     bool UseLargePagesIndividualAllocation        = false                                  {pd product} {ergonomic}

Logging:
Log output configuration:
 #0: stdout all=warning uptime,level,tags
 #1: stderr all=off uptime,level,tags

Environment Variables:
PATH=C:\Windows\system32;C:\Windows;C:\Windows\System32\Wbem;C:\Windows\System32\WindowsPowerShell\v1.0\;C:\Windows\System32\OpenSSH\;C:\Users\VIGNESH G\AppData\Local\Microsoft\WindowsApps;C:\Program Files\MinGW\bin
USERNAME=VIGNESH G
OS=Windows_NT
PROCESSOR_IDENTIFIER=AMD64 Family 21 Model 112 Stepping 0, AuthenticAMD



---------------  S Y S T E M  ---------------

OS: Windows 10 , 64 bit Build 18362 (10.0.18362.329)
OS uptime: 0 days 7:26 hours
Hyper-V role detected

CPU:total 2 (initial active 2) (2 cores per cpu, 1 threads per core) family 21 model 112 stepping 0 microcode 0x0, cmov, cx8, fxsr, mmx, sse, sse2, sse3, ssse3, sse4.1, sse4.2, popcnt, avx, avx2, aes, clmul, mmxext, 3dnowpref, lzcnt, sse4a, tsc, tscinvbit, tscinv, bmi1, bmi2, fma

Memory: 4k page, system-wide physical 3551M (316M free)
TotalPageFile size 5316M (AvailPageFile size 0M)
current process WorkingSet (physical memory assigned to process): 146M, peak: 156M
current process commit charge ("private bytes"): 174M, peak: 186M

vm_info: OpenJDK 64-Bit Server VM (11.0.12+7-b1504.28-7817840) for windows-amd64 JRE (11.0.12+7-b1504.28-7817840), built on Oct 13 2021 22:12:33 by "builder" with MS VC++ 14.0 (VS2015)

END.
